#
# There is insufficient memory for the Java Runtime Environment to continue.
# Native memory allocation (malloc) failed to allocate 32744 bytes for ChunkPool::allocate
# Possible reasons:
#   The system is out of physical RAM or swap space
#   The process is running with CompressedOops enabled, and the Java Heap may be blocking the growth of the native heap
# Possible solutions:
#   Reduce memory load on the system
#   Increase physical memory or swap space
#   Check if swap backing store is full
#   Decrease Java heap size (-Xmx/-Xms)
#   Decrease number of Java threads
#   Decrease Java thread stack sizes (-Xss)
#   Set larger code cache with -XX:ReservedCodeCacheSize=
#   JVM is running with Unscaled Compressed Oops mode in which the Java heap is
#     placed in the first 4GB address space. The Java Heap base address is the
#     maximum limit for the native heap growth. Please use -XX:HeapBaseMinAddress
#     to set the Java Heap base and to place the Java Heap above 4GB virtual address.
# This output file may be truncated or incomplete.
#
#  Out of Memory Error (./src/hotspot/share/memory/arena.cpp:81), pid=6760, tid=6664
#
# JRE version: OpenJDK Runtime Environment (11.0.10) (build 11.0.10+0-b96-7249189)
# Java VM: OpenJDK 64-Bit Server VM (11.0.10+0-b96-7249189, mixed mode, tiered, compressed oops, g1 gc, windows-amd64)
# No core dump will be written. Minidumps are not enabled by default on client versions of Windows
#

---------------  S U M M A R Y ------------

Command Line: --add-opens=java.base/java.util=ALL-UNNAMED --add-opens=java.base/java.lang=ALL-UNNAMED --add-opens=java.base/java.lang.invoke=ALL-UNNAMED --add-opens=java.base/java.util=ALL-UNNAMED --add-opens=java.prefs/java.util.prefs=ALL-UNNAMED --add-opens=java.prefs/java.util.prefs=ALL-UNNAMED --add-opens=java.base/java.nio.charset=ALL-UNNAMED --add-opens=java.base/java.net=ALL-UNNAMED --add-opens=java.base/java.util.concurrent.atomic=ALL-UNNAMED -Xmx2048m -Dfile.encoding=UTF-8 -Duser.country=US -Duser.language=en -Duser.variant org.gradle.launcher.daemon.bootstrap.GradleDaemon 7.0.2

Host: Intel(R) Core(TM) i3 CPU       M 370  @ 2.40GHz, 4 cores, 7G,  Windows 8.1 , 64 bit Build 9600 (6.3.9600.17031)
Time: Sat Feb 12 13:24:53 2022 India Standard Time elapsed time: 77.805525 seconds (0d 0h 1m 17s)

---------------  T H R E A D  ---------------

Current thread (0x00000089ff8e9800):  JavaThread "C2 CompilerThread0" daemon [_thread_in_native, id=6664, stack(0x0000008995300000,0x0000008995400000)]


Current CompileTask:
C2:  77805 14638       4       java.net.URLClassLoader::isSealed (70 bytes)

Stack: [0x0000008995300000,0x0000008995400000]
Native frames: (J=compiled Java code, j=interpreted, Vv=VM code, C=native code)
V  [jvm.dll+0x5ecfaa]
V  [jvm.dll+0x722bd5]
V  [jvm.dll+0x72412d]
V  [jvm.dll+0x7247e3]
V  [jvm.dll+0x242928]
V  [jvm.dll+0xbc75b]
V  [jvm.dll+0xbca0c]
V  [jvm.dll+0xbc608]
V  [jvm.dll+0x5cc470]
V  [jvm.dll+0x61cfee]
V  [jvm.dll+0x1980d8]
V  [jvm.dll+0x1fb70e]
V  [jvm.dll+0x1fa7f4]
V  [jvm.dll+0x18354c]
V  [jvm.dll+0x208ee7]
V  [jvm.dll+0x207731]
V  [jvm.dll+0x6eb1cf]
V  [jvm.dll+0x6e3d45]
V  [jvm.dll+0x5ebe96]
C  [ucrtbase.DLL+0x6173d]
C  [KERNEL32.DLL+0x168d]
C  [ntdll.dll+0x15444]


---------------  P R O C E S S  ---------------

Threads class SMR info:
_java_thread_list=0x00000089a1e39c30, length=51, elements={
0x00000089f7e3a800, 0x00000089ff891000, 0x00000089ff89f000, 0x00000089ff8e2800,
0x00000089ff8e3800, 0x00000089ff8e6000, 0x00000089ff8e9800, 0x00000089ff8ee000,
0x00000089fee6f000, 0x00000089ffa33000, 0x0000008996fce800, 0x0000008996dd4800,
0x000000899776d000, 0x00000089977aa000, 0x0000008997b32000, 0x000000899776c000,
0x0000008998236800, 0x0000008997fa9000, 0x0000008997fab800, 0x0000008997faa000,
0x0000008997fab000, 0x0000008997faf800, 0x0000008997faf000, 0x0000008997fad800,
0x0000008997fae000, 0x0000008999082800, 0x0000008999083800, 0x0000008999081000,
0x0000008999084000, 0x0000008999087800, 0x0000008999086800, 0x0000008999085000,
0x0000008999088000, 0x000000899908b800, 0x0000008999089000, 0x000000899908a000,
0x000000899908e000, 0x000000899908e800, 0x000000899908c000, 0x000000899908f800,
0x000000899908d000, 0x0000008998387800, 0x000000899838b000, 0x0000008998388800,
0x000000899838c000, 0x000000899838c800, 0x000000899838a000, 0x000000899838d800,
0x000000899e1f5800, 0x000000899e1f3000, 0x000000899e1f3800
}

Java Threads: ( => current thread )
  0x00000089f7e3a800 JavaThread "main" [_thread_blocked, id=5428, stack(0x00000089f9630000,0x00000089f9730000)]
  0x00000089ff891000 JavaThread "Reference Handler" daemon [_thread_blocked, id=2636, stack(0x00000089ffd80000,0x00000089ffe80000)]
  0x00000089ff89f000 JavaThread "Finalizer" daemon [_thread_blocked, id=3380, stack(0x00000089ffe80000,0x00000089fff80000)]
  0x00000089ff8e2800 JavaThread "Signal Dispatcher" daemon [_thread_blocked, id=5080, stack(0x0000008995000000,0x0000008995100000)]
  0x00000089ff8e3800 JavaThread "Attach Listener" daemon [_thread_blocked, id=1052, stack(0x0000008995100000,0x0000008995200000)]
  0x00000089ff8e6000 JavaThread "Service Thread" daemon [_thread_blocked, id=6524, stack(0x0000008995200000,0x0000008995300000)]
=>0x00000089ff8e9800 JavaThread "C2 CompilerThread0" daemon [_thread_in_native, id=6664, stack(0x0000008995300000,0x0000008995400000)]
  0x00000089ff8ee000 JavaThread "C1 CompilerThread0" daemon [_thread_blocked, id=6708, stack(0x0000008995400000,0x0000008995500000)]
  0x00000089fee6f000 JavaThread "Sweeper thread" daemon [_thread_blocked, id=5640, stack(0x0000008995500000,0x0000008995600000)]
  0x00000089ffa33000 JavaThread "Common-Cleaner" daemon [_thread_blocked, id=5740, stack(0x0000008995600000,0x0000008995700000)]
  0x0000008996fce800 JavaThread "Daemon health stats" [_thread_blocked, id=6036, stack(0x0000008999890000,0x0000008999990000)]
  0x0000008996dd4800 JavaThread "Incoming local TCP Connector on port 60607" [_thread_in_native, id=6328, stack(0x0000008999750000,0x0000008999850000)]
  0x000000899776d000 JavaThread "Daemon periodic checks" [_thread_blocked, id=6744, stack(0x000000899a420000,0x000000899a520000)]
  0x00000089977aa000 JavaThread "Daemon" [_thread_blocked, id=6008, stack(0x000000899a520000,0x000000899a620000)]
  0x0000008997b32000 JavaThread "Handler for socket connection from /127.0.0.1:60607 to /127.0.0.1:60608" [_thread_in_native, id=4732, stack(0x000000899a620000,0x000000899a720000)]
  0x000000899776c000 JavaThread "Cancel handler" [_thread_blocked, id=3220, stack(0x0000008999570000,0x0000008999670000)]
  0x0000008998236800 JavaThread "Daemon worker" [_thread_blocked, id=5936, stack(0x000000899a040000,0x000000899a140000)]
  0x0000008997fa9000 JavaThread "Asynchronous log dispatcher for DefaultDaemonConnection: socket connection from /127.0.0.1:60607 to /127.0.0.1:60608" [_thread_blocked, id=6820, stack(0x000000899a720000,0x000000899a820000)]
  0x0000008997fab800 JavaThread "Daemon client event forwarder" [_thread_blocked, id=6360, stack(0x000000899aa20000,0x000000899ab20000)]
  0x0000008997faa000 JavaThread "Cache worker for file hash cache (C:\Users\zaki1\.gradle\caches\7.0.2\fileHashes)" [_thread_blocked, id=5264, stack(0x00000089972d0000,0x00000089973d0000)]
  0x0000008997fab000 JavaThread "File lock request listener" [_thread_in_native, id=6076, stack(0x000000899ad20000,0x000000899ae20000)]
  0x0000008997faf800 JavaThread "Cache worker for journal cache (C:\Users\zaki1\.gradle\caches\journal-1)" [_thread_blocked, id=5952, stack(0x000000899b220000,0x000000899b320000)]
  0x0000008997faf000 JavaThread "Cache worker for file hash cache (E:\Zaki\AndroidStudioProjects\SalvageAuctionIndia\.gradle\7.0.2\fileHashes)" [_thread_blocked, id=6576, stack(0x000000899b320000,0x000000899b420000)]
  0x0000008997fad800 JavaThread "File watcher server" daemon [_thread_in_native, id=2912, stack(0x000000899b420000,0x000000899b520000)]
  0x0000008997fae000 JavaThread "File watcher consumer" daemon [_thread_blocked, id=7040, stack(0x000000899b8e0000,0x000000899b9e0000)]
  0x0000008999082800 JavaThread "Cache worker for checksums cache (E:\Zaki\AndroidStudioProjects\SalvageAuctionIndia\.gradle\checksums)" [_thread_blocked, id=4252, stack(0x000000899bbe0000,0x000000899bce0000)]
  0x0000008999083800 JavaThread "Cache worker for cache directory md-supplier (C:\Users\zaki1\.gradle\caches\7.0.2\md-supplier)" [_thread_blocked, id=5072, stack(0x000000899b520000,0x000000899b620000)]
  0x0000008999081000 JavaThread "Cache worker for cache directory md-rule (C:\Users\zaki1\.gradle\caches\7.0.2\md-rule)" [_thread_blocked, id=7156, stack(0x000000899be50000,0x000000899bf50000)]
  0x0000008999084000 JavaThread "Cache worker for execution history cache (C:\Users\zaki1\.gradle\caches\7.0.2\executionHistory)" [_thread_blocked, id=6804, stack(0x000000899bce0000,0x000000899bde0000)]
  0x0000008999087800 JavaThread "jar transforms" [_thread_blocked, id=5396, stack(0x000000899bf50000,0x000000899c050000)]
  0x0000008999086800 JavaThread "jar transforms Thread 2" [_thread_blocked, id=5532, stack(0x000000899d1e0000,0x000000899d2e0000)]
  0x0000008999085000 JavaThread "Cache worker for file content cache (C:\Users\zaki1\.gradle\caches\7.0.2\fileContent)" [_thread_blocked, id=4556, stack(0x000000899d960000,0x000000899da60000)]
  0x0000008999088000 JavaThread "Cache worker for dependencies-accessors (E:\Zaki\AndroidStudioProjects\SalvageAuctionIndia\.gradle\7.0.2\dependencies-accessors)" [_thread_blocked, id=5052, stack(0x000000899da60000,0x000000899db60000)]
  0x000000899908b800 JavaThread "jar transforms Thread 3" [_thread_blocked, id=6064, stack(0x000000899f600000,0x000000899f700000)]
  0x0000008999089000 JavaThread "Cache worker for Build Output Cleanup Cache (E:\Zaki\AndroidStudioProjects\SalvageAuctionIndia\.gradle\buildOutputCleanup)" [_thread_blocked, id=6984, stack(0x000000899f700000,0x000000899f800000)]
  0x000000899908a000 JavaThread "Build operations" [_thread_blocked, id=5104, stack(0x000000899fa00000,0x000000899fb00000)]
  0x000000899908e000 JavaThread "Build operations Thread 2" [_thread_in_vm, id=7104, stack(0x000000899fb00000,0x000000899fc00000)]
  0x000000899908e800 JavaThread "Build operations Thread 3" [_thread_blocked, id=6224, stack(0x000000899fc00000,0x000000899fd00000)]
  0x000000899908c000 JavaThread "Build operations Thread 4" [_thread_blocked, id=6460, stack(0x000000899fd00000,0x000000899fe00000)]
  0x000000899908f800 JavaThread "jar transforms Thread 4" [_thread_blocked, id=5732, stack(0x000000899c050000,0x000000899c150000)]
  0x000000899908d000 JavaThread "Memory manager" [_thread_blocked, id=6816, stack(0x00000089a0900000,0x00000089a0a00000)]
  0x0000008998387800 JavaThread "build event listener" [_thread_blocked, id=4696, stack(0x00000089a33b0000,0x00000089a34b0000)]
  0x000000899838b000 JavaThread "pool-3-thread-1" [_thread_blocked, id=6164, stack(0x00000089a34b0000,0x00000089a35b0000)]
  0x0000008998388800 JavaThread "build event listener" [_thread_blocked, id=4012, stack(0x00000089a35b0000,0x00000089a36b0000)]
  0x000000899838c000 JavaThread "Execution worker for ':'" [_thread_blocked, id=7160, stack(0x00000089a36b0000,0x00000089a37b0000)]
  0x000000899838c800 JavaThread "Execution worker for ':' Thread 2" [_thread_blocked, id=2020, stack(0x00000089a37b0000,0x00000089a38b0000)]
  0x000000899838a000 JavaThread "Execution worker for ':' Thread 3" [_thread_blocked, id=6556, stack(0x00000089a38b0000,0x00000089a39b0000)]
  0x000000899838d800 JavaThread "Cache worker for execution history cache (E:\Zaki\AndroidStudioProjects\SalvageAuctionIndia\.gradle\7.0.2\executionHistory)" [_thread_blocked, id=180, stack(0x00000089a39b0000,0x00000089a3ab0000)]
  0x000000899e1f5800 JavaThread "WorkerExecutor Queue Thread 2" [_thread_blocked, id=6844, stack(0x00000089a5080000,0x00000089a5180000)]
  0x000000899e1f3000 JavaThread "WorkerExecutor Queue Thread 3" [_thread_blocked, id=3556, stack(0x00000089a5180000,0x00000089a5280000)]
  0x000000899e1f3800 JavaThread "WorkerExecutor Queue Thread 4" [_thread_blocked, id=6812, stack(0x00000089a5280000,0x00000089a5380000)]

Other Threads:
  0x00000089ff887800 VMThread "VM Thread" [stack: 0x00000089ffc80000,0x00000089ffd80000] [id=5404]
  0x00000089ffa34800 WatcherThread [stack: 0x0000008995700000,0x0000008995800000] [id=5932]
  0x00000089f9f9e800 GCTaskThread "GC Thread#0" [stack: 0x00000089f9910000,0x00000089f9a10000] [id=4340]
  0x00000089ffc04000 GCTaskThread "GC Thread#1" [stack: 0x0000008996fd0000,0x00000089970d0000] [id=5092]
  0x0000008996af5000 GCTaskThread "GC Thread#2" [stack: 0x000000899ae20000,0x000000899af20000] [id=7152]
  0x0000008996a14800 GCTaskThread "GC Thread#3" [stack: 0x000000899af20000,0x000000899b020000] [id=5392]
  0x00000089f9fcf800 ConcurrentGCThread "G1 Main Marker" [stack: 0x00000089fe640000,0x00000089fe740000] [id=7136]
  0x00000089f9fd1000 ConcurrentGCThread "G1 Conc#0" [stack: 0x00000089fe740000,0x00000089fe840000] [id=4824]
  0x00000089fecb4800 ConcurrentGCThread "G1 Refine#0" [stack: 0x00000089fee80000,0x00000089fef80000] [id=2572]
  0x000000899cd44000 ConcurrentGCThread "G1 Refine#1" [stack: 0x00000089a3fb0000,0x00000089a40b0000] [id=5992]
  0x00000089fecb6000 ConcurrentGCThread "G1 Young RemSet Sampling" [stack: 0x00000089fef80000,0x00000089ff080000] [id=4884]

Threads with active compile tasks:
C2 CompilerThread0  77827 14638       4       java.net.URLClassLoader::isSealed (70 bytes)

VM state:not at safepoint (normal execution)

VM Mutex/Monitor currently owned by a thread: None

Heap address: 0x0000000080000000, size: 2048 MB, Compressed Oops mode: 32-bit
Narrow klass base: 0x0000000000000000, Narrow klass shift: 3
Compressed class space size: 1073741824 Address: 0x0000000100000000

Heap:
 garbage-first heap   total 264192K, used 158376K [0x0000000080000000, 0x0000000100000000)
  region size 1024K, 51 young (52224K), 11 survivors (11264K)
 Metaspace       used 102044K, capacity 104326K, committed 104396K, reserved 1140736K
  class space    used 12665K, capacity 13524K, committed 13568K, reserved 1048576K
Heap Regions: E=young(eden), S=young(survivor), O=old, HS=humongous(starts), HC=humongous(continues), CS=collection set, F=free, A=archive, TAMS=top-at-mark-start (previous, next)
|   0|0x0000000080000000, 0x0000000080100000, 0x0000000080100000|100%| O|  |TAMS 0x0000000080100000, 0x0000000080000000| Untracked 
|   1|0x0000000080100000, 0x0000000080200000, 0x0000000080200000|100%| O|  |TAMS 0x0000000080200000, 0x0000000080100000| Untracked 
|   2|0x0000000080200000, 0x0000000080300000, 0x0000000080300000|100%| O|  |TAMS 0x0000000080300000, 0x0000000080200000| Untracked 
|   3|0x0000000080300000, 0x0000000080400000, 0x0000000080400000|100%|HS|  |TAMS 0x0000000080400000, 0x0000000080300000| Complete 
|   4|0x0000000080400000, 0x0000000080500000, 0x0000000080500000|100%|HC|  |TAMS 0x0000000080500000, 0x0000000080400000| Complete 
|   5|0x0000000080500000, 0x0000000080600000, 0x0000000080600000|100%|HC|  |TAMS 0x0000000080600000, 0x0000000080500000| Complete 
|   6|0x0000000080600000, 0x0000000080700000, 0x0000000080700000|100%| O|  |TAMS 0x0000000080700000, 0x0000000080600000| Untracked 
|   7|0x0000000080700000, 0x0000000080800000, 0x0000000080800000|100%| O|  |TAMS 0x0000000080800000, 0x0000000080700000| Untracked 
|   8|0x0000000080800000, 0x0000000080900000, 0x0000000080900000|100%| O|  |TAMS 0x0000000080900000, 0x0000000080800000| Untracked 
|   9|0x0000000080900000, 0x0000000080a00000, 0x0000000080a00000|100%| O|  |TAMS 0x0000000080a00000, 0x0000000080900000| Untracked 
|  10|0x0000000080a00000, 0x0000000080b00000, 0x0000000080b00000|100%| O|  |TAMS 0x0000000080b00000, 0x0000000080a00000| Untracked 
|  11|0x0000000080b00000, 0x0000000080c00000, 0x0000000080c00000|100%| O|  |TAMS 0x0000000080c00000, 0x0000000080b00000| Untracked 
|  12|0x0000000080c00000, 0x0000000080d00000, 0x0000000080d00000|100%| O|  |TAMS 0x0000000080d00000, 0x0000000080c00000| Untracked 
|  13|0x0000000080d00000, 0x0000000080e00000, 0x0000000080e00000|100%| O|  |TAMS 0x0000000080e00000, 0x0000000080d00000| Untracked 
|  14|0x0000000080e00000, 0x0000000080f00000, 0x0000000080f00000|100%| O|  |TAMS 0x0000000080f00000, 0x0000000080e00000| Untracked 
|  15|0x0000000080f00000, 0x0000000081000000, 0x0000000081000000|100%| O|  |TAMS 0x0000000081000000, 0x0000000080f00000| Untracked 
|  16|0x0000000081000000, 0x0000000081100000, 0x0000000081100000|100%|HS|  |TAMS 0x0000000081100000, 0x0000000081000000| Complete 
|  17|0x0000000081100000, 0x0000000081200000, 0x0000000081200000|100%| O|  |TAMS 0x0000000081200000, 0x0000000081100000| Untracked 
|  18|0x0000000081200000, 0x0000000081300000, 0x0000000081300000|100%| O|  |TAMS 0x0000000081300000, 0x0000000081200000| Untracked 
|  19|0x0000000081300000, 0x0000000081400000, 0x0000000081400000|100%| O|  |TAMS 0x0000000081400000, 0x0000000081300000| Untracked 
|  20|0x0000000081400000, 0x0000000081500000, 0x0000000081500000|100%| O|  |TAMS 0x0000000081500000, 0x0000000081400000| Untracked 
|  21|0x0000000081500000, 0x0000000081600000, 0x0000000081600000|100%| O|  |TAMS 0x0000000081600000, 0x0000000081500000| Untracked 
|  22|0x0000000081600000, 0x0000000081700000, 0x0000000081700000|100%| O|  |TAMS 0x0000000081700000, 0x0000000081600000| Untracked 
|  23|0x0000000081700000, 0x0000000081800000, 0x0000000081800000|100%|HS|  |TAMS 0x0000000081800000, 0x0000000081700000| Complete 
|  24|0x0000000081800000, 0x0000000081900000, 0x0000000081900000|100%|HS|  |TAMS 0x0000000081900000, 0x0000000081800000| Complete 
|  25|0x0000000081900000, 0x0000000081a00000, 0x0000000081a00000|100%|HS|  |TAMS 0x0000000081a00000, 0x0000000081900000| Complete 
|  26|0x0000000081a00000, 0x0000000081b00000, 0x0000000081b00000|100%|HC|  |TAMS 0x0000000081b00000, 0x0000000081a00000| Complete 
|  27|0x0000000081b00000, 0x0000000081c00000, 0x0000000081c00000|100%|HC|  |TAMS 0x0000000081c00000, 0x0000000081b00000| Complete 
|  28|0x0000000081c00000, 0x0000000081d00000, 0x0000000081d00000|100%|HS|  |TAMS 0x0000000081d00000, 0x0000000081c00000| Complete 
|  29|0x0000000081d00000, 0x0000000081e00000, 0x0000000081e00000|100%|HC|  |TAMS 0x0000000081e00000, 0x0000000081d00000| Complete 
|  30|0x0000000081e00000, 0x0000000081f00000, 0x0000000081f00000|100%| O|  |TAMS 0x0000000081f00000, 0x0000000081e00000| Untracked 
|  31|0x0000000081f00000, 0x0000000082000000, 0x0000000082000000|100%| O|  |TAMS 0x0000000082000000, 0x0000000081f00000| Untracked 
|  32|0x0000000082000000, 0x0000000082100000, 0x0000000082100000|100%| O|  |TAMS 0x0000000082100000, 0x0000000082000000| Untracked 
|  33|0x0000000082100000, 0x0000000082200000, 0x0000000082200000|100%| O|  |TAMS 0x0000000082200000, 0x0000000082100000| Untracked 
|  34|0x0000000082200000, 0x0000000082300000, 0x0000000082300000|100%| O|  |TAMS 0x0000000082300000, 0x0000000082200000| Untracked 
|  35|0x0000000082300000, 0x0000000082400000, 0x0000000082400000|100%| O|  |TAMS 0x0000000082400000, 0x0000000082300000| Untracked 
|  36|0x0000000082400000, 0x0000000082500000, 0x0000000082500000|100%| O|  |TAMS 0x0000000082500000, 0x0000000082400000| Untracked 
|  37|0x0000000082500000, 0x0000000082600000, 0x0000000082600000|100%| O|  |TAMS 0x0000000082600000, 0x0000000082500000| Untracked 
|  38|0x0000000082600000, 0x0000000082700000, 0x0000000082700000|100%| O|  |TAMS 0x0000000082700000, 0x0000000082600000| Untracked 
|  39|0x0000000082700000, 0x0000000082800000, 0x0000000082800000|100%| O|  |TAMS 0x0000000082800000, 0x0000000082700000| Untracked 
|  40|0x0000000082800000, 0x0000000082900000, 0x0000000082900000|100%| O|  |TAMS 0x0000000082900000, 0x0000000082800000| Untracked 
|  41|0x0000000082900000, 0x0000000082a00000, 0x0000000082a00000|100%| O|  |TAMS 0x0000000082a00000, 0x0000000082900000| Untracked 
|  42|0x0000000082a00000, 0x0000000082b00000, 0x0000000082b00000|100%| O|  |TAMS 0x0000000082b00000, 0x0000000082a00000| Untracked 
|  43|0x0000000082b00000, 0x0000000082c00000, 0x0000000082c00000|100%| O|  |TAMS 0x0000000082c00000, 0x0000000082b00000| Untracked 
|  44|0x0000000082c00000, 0x0000000082d00000, 0x0000000082d00000|100%| O|  |TAMS 0x0000000082d00000, 0x0000000082c00000| Untracked 
|  45|0x0000000082d00000, 0x0000000082e00000, 0x0000000082e00000|100%| O|  |TAMS 0x0000000082e00000, 0x0000000082d00000| Untracked 
|  46|0x0000000082e00000, 0x0000000082f00000, 0x0000000082f00000|100%| O|  |TAMS 0x0000000082f00000, 0x0000000082e00000| Untracked 
|  47|0x0000000082f00000, 0x0000000083000000, 0x0000000083000000|100%| O|  |TAMS 0x0000000083000000, 0x0000000082f00000| Untracked 
|  48|0x0000000083000000, 0x0000000083100000, 0x0000000083100000|100%| O|  |TAMS 0x0000000083100000, 0x0000000083000000| Untracked 
|  49|0x0000000083100000, 0x0000000083200000, 0x0000000083200000|100%| O|  |TAMS 0x0000000083200000, 0x0000000083100000| Untracked 
|  50|0x0000000083200000, 0x0000000083300000, 0x0000000083300000|100%| O|  |TAMS 0x0000000083300000, 0x0000000083200000| Untracked 
|  51|0x0000000083300000, 0x0000000083400000, 0x0000000083400000|100%| O|  |TAMS 0x0000000083400000, 0x0000000083300000| Untracked 
|  52|0x0000000083400000, 0x0000000083500000, 0x0000000083500000|100%| O|  |TAMS 0x0000000083500000, 0x0000000083400000| Untracked 
|  53|0x0000000083500000, 0x0000000083600000, 0x0000000083600000|100%| O|  |TAMS 0x0000000083600000, 0x0000000083500000| Untracked 
|  54|0x0000000083600000, 0x0000000083700000, 0x0000000083700000|100%| O|  |TAMS 0x0000000083700000, 0x0000000083600000| Untracked 
|  55|0x0000000083700000, 0x0000000083800000, 0x0000000083800000|100%| O|  |TAMS 0x0000000083800000, 0x0000000083700000| Untracked 
|  56|0x0000000083800000, 0x0000000083900000, 0x0000000083900000|100%| O|  |TAMS 0x0000000083900000, 0x0000000083800000| Untracked 
|  57|0x0000000083900000, 0x0000000083a00000, 0x0000000083a00000|100%| O|  |TAMS 0x0000000083a00000, 0x0000000083900000| Untracked 
|  58|0x0000000083a00000, 0x0000000083b00000, 0x0000000083b00000|100%| O|  |TAMS 0x0000000083b00000, 0x0000000083a00000| Untracked 
|  59|0x0000000083b00000, 0x0000000083c00000, 0x0000000083c00000|100%| O|  |TAMS 0x0000000083c00000, 0x0000000083b00000| Untracked 
|  60|0x0000000083c00000, 0x0000000083d00000, 0x0000000083d00000|100%| O|  |TAMS 0x0000000083d00000, 0x0000000083c00000| Untracked 
|  61|0x0000000083d00000, 0x0000000083e00000, 0x0000000083e00000|100%| O|  |TAMS 0x0000000083e00000, 0x0000000083d00000| Untracked 
|  62|0x0000000083e00000, 0x0000000083f00000, 0x0000000083f00000|100%| O|  |TAMS 0x0000000083f00000, 0x0000000083e00000| Untracked 
|  63|0x0000000083f00000, 0x0000000084000000, 0x0000000084000000|100%| O|  |TAMS 0x0000000084000000, 0x0000000083f00000| Untracked 
|  64|0x0000000084000000, 0x0000000084100000, 0x0000000084100000|100%| O|  |TAMS 0x0000000084100000, 0x0000000084000000| Untracked 
|  65|0x0000000084100000, 0x0000000084200000, 0x0000000084200000|100%| O|  |TAMS 0x0000000084200000, 0x0000000084100000| Untracked 
|  66|0x0000000084200000, 0x0000000084300000, 0x0000000084300000|100%| O|  |TAMS 0x0000000084300000, 0x0000000084200000| Untracked 
|  67|0x0000000084300000, 0x0000000084300000, 0x0000000084400000|  0%| F|  |TAMS 0x0000000084300000, 0x0000000084300000| Untracked 
|  68|0x0000000084400000, 0x0000000084500000, 0x0000000084500000|100%| O|  |TAMS 0x0000000084500000, 0x0000000084400000| Untracked 
|  69|0x0000000084500000, 0x0000000084600000, 0x0000000084600000|100%| O|  |TAMS 0x0000000084600000, 0x0000000084500000| Untracked 
|  70|0x0000000084600000, 0x0000000084700000, 0x0000000084700000|100%| O|  |TAMS 0x0000000084700000, 0x0000000084600000| Untracked 
|  71|0x0000000084700000, 0x0000000084800000, 0x0000000084800000|100%| O|  |TAMS 0x0000000084800000, 0x0000000084700000| Untracked 
|  72|0x0000000084800000, 0x0000000084900000, 0x0000000084900000|100%| O|  |TAMS 0x0000000084900000, 0x0000000084800000| Untracked 
|  73|0x0000000084900000, 0x0000000084a00000, 0x0000000084a00000|100%| O|  |TAMS 0x0000000084a00000, 0x0000000084900000| Untracked 
|  74|0x0000000084a00000, 0x0000000084b00000, 0x0000000084b00000|100%| O|  |TAMS 0x0000000084b00000, 0x0000000084a00000| Untracked 
|  75|0x0000000084b00000, 0x0000000084c00000, 0x0000000084c00000|100%| O|  |TAMS 0x0000000084c00000, 0x0000000084b00000| Untracked 
|  76|0x0000000084c00000, 0x0000000084d00000, 0x0000000084d00000|100%| O|  |TAMS 0x0000000084d00000, 0x0000000084c00000| Untracked 
|  77|0x0000000084d00000, 0x0000000084e00000, 0x0000000084e00000|100%| O|  |TAMS 0x0000000084e00000, 0x0000000084d00000| Untracked 
|  78|0x0000000084e00000, 0x0000000084f00000, 0x0000000084f00000|100%| O|  |TAMS 0x0000000084f00000, 0x0000000084e00000| Untracked 
|  79|0x0000000084f00000, 0x0000000085000000, 0x0000000085000000|100%| O|  |TAMS 0x0000000085000000, 0x0000000084f00000| Untracked 
|  80|0x0000000085000000, 0x0000000085100000, 0x0000000085100000|100%| O|  |TAMS 0x0000000085100000, 0x0000000085000000| Untracked 
|  81|0x0000000085100000, 0x0000000085200000, 0x0000000085200000|100%| O|  |TAMS 0x0000000085200000, 0x0000000085100000| Untracked 
|  82|0x0000000085200000, 0x0000000085300000, 0x0000000085300000|100%| O|  |TAMS 0x0000000085300000, 0x0000000085200000| Untracked 
|  83|0x0000000085300000, 0x0000000085400000, 0x0000000085400000|100%| O|  |TAMS 0x0000000085400000, 0x0000000085300000| Untracked 
|  84|0x0000000085400000, 0x0000000085500000, 0x0000000085500000|100%| O|  |TAMS 0x0000000085500000, 0x0000000085400000| Untracked 
|  85|0x0000000085500000, 0x0000000085600000, 0x0000000085600000|100%| O|  |TAMS 0x0000000085600000, 0x0000000085500000| Untracked 
|  86|0x0000000085600000, 0x0000000085700000, 0x0000000085700000|100%| O|  |TAMS 0x0000000085700000, 0x0000000085600000| Untracked 
|  87|0x0000000085700000, 0x0000000085800000, 0x0000000085800000|100%| O|  |TAMS 0x0000000085800000, 0x0000000085700000| Untracked 
|  88|0x0000000085800000, 0x0000000085900000, 0x0000000085900000|100%| O|  |TAMS 0x0000000085900000, 0x0000000085800000| Untracked 
|  89|0x0000000085900000, 0x0000000085a00000, 0x0000000085a00000|100%| O|  |TAMS 0x0000000085a00000, 0x0000000085900000| Untracked 
|  90|0x0000000085a00000, 0x0000000085b00000, 0x0000000085b00000|100%| O|  |TAMS 0x0000000085b00000, 0x0000000085a00000| Untracked 
|  91|0x0000000085b00000, 0x0000000085b00000, 0x0000000085c00000|  0%| F|  |TAMS 0x0000000085b00000, 0x0000000085b00000| Untracked 
|  92|0x0000000085c00000, 0x0000000085d00000, 0x0000000085d00000|100%| O|  |TAMS 0x0000000085c00000, 0x0000000085c00000| Untracked 
|  93|0x0000000085d00000, 0x0000000085e00000, 0x0000000085e00000|100%| O|  |TAMS 0x0000000085e00000, 0x0000000085d00000| Untracked 
|  94|0x0000000085e00000, 0x0000000085f00000, 0x0000000085f00000|100%| O|  |TAMS 0x0000000085f00000, 0x0000000085e00000| Untracked 
|  95|0x0000000085f00000, 0x0000000086000000, 0x0000000086000000|100%| O|  |TAMS 0x0000000085fc2800, 0x0000000085f00000| Untracked 
|  96|0x0000000086000000, 0x0000000086100000, 0x0000000086100000|100%| O|  |TAMS 0x0000000086000000, 0x0000000086000000| Untracked 
|  97|0x0000000086100000, 0x0000000086200000, 0x0000000086200000|100%| O|  |TAMS 0x0000000086100000, 0x0000000086100000| Untracked 
|  98|0x0000000086200000, 0x0000000086300000, 0x0000000086300000|100%| O|  |TAMS 0x0000000086200000, 0x0000000086200000| Untracked 
|  99|0x0000000086300000, 0x0000000086400000, 0x0000000086400000|100%| O|  |TAMS 0x0000000086300000, 0x0000000086300000| Untracked 
| 100|0x0000000086400000, 0x0000000086500000, 0x0000000086500000|100%| O|  |TAMS 0x0000000086400000, 0x0000000086400000| Untracked 
| 101|0x0000000086500000, 0x0000000086600000, 0x0000000086600000|100%| O|  |TAMS 0x0000000086500000, 0x0000000086500000| Untracked 
| 102|0x0000000086600000, 0x0000000086700000, 0x0000000086700000|100%| O|  |TAMS 0x0000000086600000, 0x0000000086600000| Untracked 
| 103|0x0000000086700000, 0x0000000086800000, 0x0000000086800000|100%| O|  |TAMS 0x0000000086700000, 0x0000000086700000| Untracked 
| 104|0x0000000086800000, 0x00000000868c1200, 0x0000000086900000| 75%| O|  |TAMS 0x0000000086800000, 0x0000000086800000| Untracked 
| 105|0x0000000086900000, 0x0000000086a00000, 0x0000000086a00000|100%|HS|  |TAMS 0x0000000086900000, 0x0000000086900000| Complete 
| 106|0x0000000086a00000, 0x0000000086b00000, 0x0000000086b00000|100%|HC|  |TAMS 0x0000000086a00000, 0x0000000086a00000| Complete 
| 107|0x0000000086b00000, 0x0000000086b00000, 0x0000000086c00000|  0%| F|  |TAMS 0x0000000086b00000, 0x0000000086b00000| Untracked 
| 108|0x0000000086c00000, 0x0000000086c00000, 0x0000000086d00000|  0%| F|  |TAMS 0x0000000086c00000, 0x0000000086c00000| Untracked 
| 109|0x0000000086d00000, 0x0000000086d00000, 0x0000000086e00000|  0%| F|  |TAMS 0x0000000086d00000, 0x0000000086d00000| Untracked 
| 110|0x0000000086e00000, 0x0000000086e00000, 0x0000000086f00000|  0%| F|  |TAMS 0x0000000086e00000, 0x0000000086e00000| Untracked 
| 111|0x0000000086f00000, 0x0000000086f00000, 0x0000000087000000|  0%| F|  |TAMS 0x0000000086f00000, 0x0000000086f00000| Untracked 
| 112|0x0000000087000000, 0x0000000087000000, 0x0000000087100000|  0%| F|  |TAMS 0x0000000087000000, 0x0000000087000000| Untracked 
| 113|0x0000000087100000, 0x0000000087100000, 0x0000000087200000|  0%| F|  |TAMS 0x0000000087100000, 0x0000000087100000| Untracked 
| 114|0x0000000087200000, 0x0000000087200000, 0x0000000087300000|  0%| F|  |TAMS 0x0000000087200000, 0x0000000087200000| Untracked 
| 115|0x0000000087300000, 0x0000000087300000, 0x0000000087400000|  0%| F|  |TAMS 0x0000000087300000, 0x0000000087300000| Untracked 
| 116|0x0000000087400000, 0x0000000087400000, 0x0000000087500000|  0%| F|  |TAMS 0x0000000087400000, 0x0000000087400000| Untracked 
| 117|0x0000000087500000, 0x0000000087600000, 0x0000000087600000|100%| O|  |TAMS 0x0000000087600000, 0x0000000087500000| Untracked 
| 118|0x0000000087600000, 0x0000000087600000, 0x0000000087700000|  0%| F|  |TAMS 0x0000000087600000, 0x0000000087600000| Untracked 
| 119|0x0000000087700000, 0x0000000087700000, 0x0000000087800000|  0%| F|  |TAMS 0x0000000087700000, 0x0000000087700000| Untracked 
| 120|0x0000000087800000, 0x0000000087800000, 0x0000000087900000|  0%| F|  |TAMS 0x0000000087800000, 0x0000000087800000| Untracked 
| 121|0x0000000087900000, 0x0000000087900000, 0x0000000087a00000|  0%| F|  |TAMS 0x0000000087900000, 0x0000000087900000| Untracked 
| 122|0x0000000087a00000, 0x0000000087a00000, 0x0000000087b00000|  0%| F|  |TAMS 0x0000000087a00000, 0x0000000087a00000| Untracked 
| 123|0x0000000087b00000, 0x0000000087b00000, 0x0000000087c00000|  0%| F|  |TAMS 0x0000000087b00000, 0x0000000087b00000| Untracked 
| 124|0x0000000087c00000, 0x0000000087c00000, 0x0000000087d00000|  0%| F|  |TAMS 0x0000000087c00000, 0x0000000087c00000| Untracked 
| 125|0x0000000087d00000, 0x0000000087d00000, 0x0000000087e00000|  0%| F|  |TAMS 0x0000000087d00000, 0x0000000087d00000| Untracked 
| 126|0x0000000087e00000, 0x0000000087e00000, 0x0000000087f00000|  0%| F|  |TAMS 0x0000000087e00000, 0x0000000087e00000| Untracked 
| 127|0x0000000087f00000, 0x0000000087f00000, 0x0000000088000000|  0%| F|  |TAMS 0x0000000087f00000, 0x0000000087f00000| Untracked 
| 128|0x0000000088000000, 0x0000000088000000, 0x0000000088100000|  0%| F|  |TAMS 0x0000000088000000, 0x0000000088000000| Untracked 
| 129|0x0000000088100000, 0x0000000088100000, 0x0000000088200000|  0%| F|  |TAMS 0x0000000088100000, 0x0000000088100000| Untracked 
| 130|0x0000000088200000, 0x0000000088200000, 0x0000000088300000|  0%| F|  |TAMS 0x0000000088200000, 0x0000000088200000| Untracked 
| 131|0x0000000088300000, 0x0000000088300000, 0x0000000088400000|  0%| F|  |TAMS 0x0000000088300000, 0x0000000088300000| Untracked 
| 132|0x0000000088400000, 0x0000000088400000, 0x0000000088500000|  0%| F|  |TAMS 0x0000000088400000, 0x0000000088400000| Untracked 
| 133|0x0000000088500000, 0x0000000088500000, 0x0000000088600000|  0%| F|  |TAMS 0x0000000088500000, 0x0000000088500000| Untracked 
| 134|0x0000000088600000, 0x0000000088600000, 0x0000000088700000|  0%| F|  |TAMS 0x0000000088600000, 0x0000000088600000| Untracked 
| 135|0x0000000088700000, 0x0000000088700000, 0x0000000088800000|  0%| F|  |TAMS 0x0000000088700000, 0x0000000088700000| Untracked 
| 136|0x0000000088800000, 0x0000000088800000, 0x0000000088900000|  0%| F|  |TAMS 0x0000000088800000, 0x0000000088800000| Untracked 
| 137|0x0000000088900000, 0x0000000088900000, 0x0000000088a00000|  0%| F|  |TAMS 0x0000000088900000, 0x0000000088900000| Untracked 
| 138|0x0000000088a00000, 0x0000000088a00000, 0x0000000088b00000|  0%| F|  |TAMS 0x0000000088a00000, 0x0000000088a00000| Untracked 
| 139|0x0000000088b00000, 0x0000000088b00000, 0x0000000088c00000|  0%| F|  |TAMS 0x0000000088b00000, 0x0000000088b00000| Untracked 
| 140|0x0000000088c00000, 0x0000000088c00000, 0x0000000088d00000|  0%| F|  |TAMS 0x0000000088c00000, 0x0000000088c00000| Untracked 
| 141|0x0000000088d00000, 0x0000000088d00000, 0x0000000088e00000|  0%| F|  |TAMS 0x0000000088d00000, 0x0000000088d00000| Untracked 
| 142|0x0000000088e00000, 0x0000000088e00000, 0x0000000088f00000|  0%| F|  |TAMS 0x0000000088e00000, 0x0000000088e00000| Untracked 
| 143|0x0000000088f00000, 0x0000000088f00000, 0x0000000089000000|  0%| F|  |TAMS 0x0000000088f00000, 0x0000000088f00000| Untracked 
| 144|0x0000000089000000, 0x0000000089000000, 0x0000000089100000|  0%| F|  |TAMS 0x0000000089000000, 0x0000000089000000| Untracked 
| 145|0x0000000089100000, 0x0000000089100000, 0x0000000089200000|  0%| F|  |TAMS 0x0000000089100000, 0x0000000089100000| Untracked 
| 146|0x0000000089200000, 0x0000000089200000, 0x0000000089300000|  0%| F|  |TAMS 0x0000000089200000, 0x0000000089200000| Untracked 
| 147|0x0000000089300000, 0x0000000089300000, 0x0000000089400000|  0%| F|  |TAMS 0x0000000089300000, 0x0000000089300000| Untracked 
| 148|0x0000000089400000, 0x0000000089400000, 0x0000000089500000|  0%| F|  |TAMS 0x0000000089400000, 0x0000000089400000| Untracked 
| 149|0x0000000089500000, 0x0000000089500000, 0x0000000089600000|  0%| F|  |TAMS 0x0000000089500000, 0x0000000089500000| Untracked 
| 150|0x0000000089600000, 0x0000000089600000, 0x0000000089700000|  0%| F|  |TAMS 0x0000000089600000, 0x0000000089600000| Untracked 
| 151|0x0000000089700000, 0x0000000089700000, 0x0000000089800000|  0%| F|  |TAMS 0x0000000089700000, 0x0000000089700000| Untracked 
| 152|0x0000000089800000, 0x0000000089800000, 0x0000000089900000|  0%| F|  |TAMS 0x0000000089800000, 0x0000000089800000| Untracked 
| 153|0x0000000089900000, 0x0000000089900000, 0x0000000089a00000|  0%| F|  |TAMS 0x0000000089900000, 0x0000000089900000| Untracked 
| 154|0x0000000089a00000, 0x0000000089a00000, 0x0000000089b00000|  0%| F|  |TAMS 0x0000000089a00000, 0x0000000089a00000| Untracked 
| 155|0x0000000089b00000, 0x0000000089b00000, 0x0000000089c00000|  0%| F|  |TAMS 0x0000000089b00000, 0x0000000089b00000| Untracked 
| 156|0x0000000089c00000, 0x0000000089c00000, 0x0000000089d00000|  0%| F|  |TAMS 0x0000000089c00000, 0x0000000089c00000| Untracked 
| 157|0x0000000089d00000, 0x0000000089d00000, 0x0000000089e00000|  0%| F|  |TAMS 0x0000000089d00000, 0x0000000089d00000| Untracked 
| 158|0x0000000089e00000, 0x0000000089e00000, 0x0000000089f00000|  0%| F|  |TAMS 0x0000000089e00000, 0x0000000089e00000| Untracked 
| 159|0x0000000089f00000, 0x0000000089f00000, 0x000000008a000000|  0%| F|  |TAMS 0x0000000089f00000, 0x0000000089f00000| Untracked 
| 160|0x000000008a000000, 0x000000008a000000, 0x000000008a100000|  0%| F|  |TAMS 0x000000008a000000, 0x000000008a000000| Untracked 
| 161|0x000000008a100000, 0x000000008a100000, 0x000000008a200000|  0%| F|  |TAMS 0x000000008a100000, 0x000000008a100000| Untracked 
| 162|0x000000008a200000, 0x000000008a200000, 0x000000008a300000|  0%| F|  |TAMS 0x000000008a200000, 0x000000008a200000| Untracked 
| 163|0x000000008a300000, 0x000000008a3e8f00, 0x000000008a400000| 90%| S|CS|TAMS 0x000000008a300000, 0x000000008a300000| Complete 
| 164|0x000000008a400000, 0x000000008a500000, 0x000000008a500000|100%| S|CS|TAMS 0x000000008a400000, 0x000000008a400000| Complete 
| 165|0x000000008a500000, 0x000000008a600000, 0x000000008a600000|100%| S|CS|TAMS 0x000000008a500000, 0x000000008a500000| Complete 
| 166|0x000000008a600000, 0x000000008a700000, 0x000000008a700000|100%| S|CS|TAMS 0x000000008a600000, 0x000000008a600000| Complete 
| 167|0x000000008a700000, 0x000000008a800000, 0x000000008a800000|100%| S|CS|TAMS 0x000000008a700000, 0x000000008a700000| Complete 
| 168|0x000000008a800000, 0x000000008a900000, 0x000000008a900000|100%| S|CS|TAMS 0x000000008a800000, 0x000000008a800000| Complete 
| 169|0x000000008a900000, 0x000000008aa00000, 0x000000008aa00000|100%| S|CS|TAMS 0x000000008a900000, 0x000000008a900000| Complete 
| 170|0x000000008aa00000, 0x000000008ab00000, 0x000000008ab00000|100%| S|CS|TAMS 0x000000008aa00000, 0x000000008aa00000| Complete 
| 171|0x000000008ab00000, 0x000000008ac00000, 0x000000008ac00000|100%| S|CS|TAMS 0x000000008ab00000, 0x000000008ab00000| Complete 
| 172|0x000000008ac00000, 0x000000008ad00000, 0x000000008ad00000|100%| S|CS|TAMS 0x000000008ac00000, 0x000000008ac00000| Complete 
| 173|0x000000008ad00000, 0x000000008ae00000, 0x000000008ae00000|100%| S|CS|TAMS 0x000000008ad00000, 0x000000008ad00000| Complete 
| 174|0x000000008ae00000, 0x000000008ae00000, 0x000000008af00000|  0%| F|  |TAMS 0x000000008ae00000, 0x000000008ae00000| Untracked 
| 175|0x000000008af00000, 0x000000008af00000, 0x000000008b000000|  0%| F|  |TAMS 0x000000008af00000, 0x000000008af00000| Untracked 
| 176|0x000000008b000000, 0x000000008b000000, 0x000000008b100000|  0%| F|  |TAMS 0x000000008b000000, 0x000000008b000000| Untracked 
| 177|0x000000008b100000, 0x000000008b100000, 0x000000008b200000|  0%| F|  |TAMS 0x000000008b100000, 0x000000008b100000| Untracked 
| 178|0x000000008b200000, 0x000000008b200000, 0x000000008b300000|  0%| F|  |TAMS 0x000000008b200000, 0x000000008b200000| Untracked 
| 179|0x000000008b300000, 0x000000008b300000, 0x000000008b400000|  0%| F|  |TAMS 0x000000008b300000, 0x000000008b300000| Untracked 
| 180|0x000000008b400000, 0x000000008b400000, 0x000000008b500000|  0%| F|  |TAMS 0x000000008b400000, 0x000000008b400000| Untracked 
| 181|0x000000008b500000, 0x000000008b500000, 0x000000008b600000|  0%| F|  |TAMS 0x000000008b500000, 0x000000008b500000| Untracked 
| 182|0x000000008b600000, 0x000000008b600000, 0x000000008b700000|  0%| F|  |TAMS 0x000000008b600000, 0x000000008b600000| Untracked 
| 183|0x000000008b700000, 0x000000008b700000, 0x000000008b800000|  0%| F|  |TAMS 0x000000008b700000, 0x000000008b700000| Untracked 
| 184|0x000000008b800000, 0x000000008b800000, 0x000000008b900000|  0%| F|  |TAMS 0x000000008b800000, 0x000000008b800000| Untracked 
| 185|0x000000008b900000, 0x000000008b900000, 0x000000008ba00000|  0%| F|  |TAMS 0x000000008b900000, 0x000000008b900000| Untracked 
| 186|0x000000008ba00000, 0x000000008ba00000, 0x000000008bb00000|  0%| F|  |TAMS 0x000000008ba00000, 0x000000008ba00000| Untracked 
| 187|0x000000008bb00000, 0x000000008bb00000, 0x000000008bc00000|  0%| F|  |TAMS 0x000000008bb00000, 0x000000008bb00000| Untracked 
| 188|0x000000008bc00000, 0x000000008bc00000, 0x000000008bd00000|  0%| F|  |TAMS 0x000000008bc00000, 0x000000008bc00000| Untracked 
| 189|0x000000008bd00000, 0x000000008bd00000, 0x000000008be00000|  0%| F|  |TAMS 0x000000008bd00000, 0x000000008bd00000| Untracked 
| 190|0x000000008be00000, 0x000000008be00000, 0x000000008bf00000|  0%| F|  |TAMS 0x000000008be00000, 0x000000008be00000| Untracked 
| 191|0x000000008bf00000, 0x000000008bf00000, 0x000000008c000000|  0%| F|  |TAMS 0x000000008bf00000, 0x000000008bf00000| Untracked 
| 192|0x000000008c000000, 0x000000008c000000, 0x000000008c100000|  0%| F|  |TAMS 0x000000008c000000, 0x000000008c000000| Untracked 
| 193|0x000000008c100000, 0x000000008c100000, 0x000000008c200000|  0%| F|  |TAMS 0x000000008c100000, 0x000000008c100000| Untracked 
| 194|0x000000008c200000, 0x000000008c200000, 0x000000008c300000|  0%| F|  |TAMS 0x000000008c200000, 0x000000008c200000| Untracked 
| 195|0x000000008c300000, 0x000000008c300000, 0x000000008c400000|  0%| F|  |TAMS 0x000000008c300000, 0x000000008c300000| Untracked 
| 196|0x000000008c400000, 0x000000008c400000, 0x000000008c500000|  0%| F|  |TAMS 0x000000008c400000, 0x000000008c400000| Untracked 
| 197|0x000000008c500000, 0x000000008c500000, 0x000000008c600000|  0%| F|  |TAMS 0x000000008c500000, 0x000000008c500000| Untracked 
| 198|0x000000008c600000, 0x000000008c600000, 0x000000008c700000|  0%| F|  |TAMS 0x000000008c600000, 0x000000008c600000| Untracked 
| 199|0x000000008c700000, 0x000000008c700000, 0x000000008c800000|  0%| F|  |TAMS 0x000000008c700000, 0x000000008c700000| Untracked 
| 200|0x000000008c800000, 0x000000008c800000, 0x000000008c900000|  0%| F|  |TAMS 0x000000008c800000, 0x000000008c800000| Untracked 
| 201|0x000000008c900000, 0x000000008c900000, 0x000000008ca00000|  0%| F|  |TAMS 0x000000008c900000, 0x000000008c900000| Untracked 
| 202|0x000000008ca00000, 0x000000008ca00000, 0x000000008cb00000|  0%| F|  |TAMS 0x000000008ca00000, 0x000000008ca00000| Untracked 
| 203|0x000000008cb00000, 0x000000008cb00000, 0x000000008cc00000|  0%| F|  |TAMS 0x000000008cb00000, 0x000000008cb00000| Untracked 
| 204|0x000000008cc00000, 0x000000008cc00000, 0x000000008cd00000|  0%| F|  |TAMS 0x000000008cc00000, 0x000000008cc00000| Untracked 
| 205|0x000000008cd00000, 0x000000008cd00000, 0x000000008ce00000|  0%| F|  |TAMS 0x000000008cd00000, 0x000000008cd00000| Untracked 
| 206|0x000000008ce00000, 0x000000008ce00000, 0x000000008cf00000|  0%| F|  |TAMS 0x000000008ce00000, 0x000000008ce00000| Untracked 
| 207|0x000000008cf00000, 0x000000008cf00000, 0x000000008d000000|  0%| F|  |TAMS 0x000000008cf00000, 0x000000008cf00000| Untracked 
| 208|0x000000008d000000, 0x000000008d000000, 0x000000008d100000|  0%| F|  |TAMS 0x000000008d000000, 0x000000008d000000| Untracked 
| 209|0x000000008d100000, 0x000000008d100000, 0x000000008d200000|  0%| F|  |TAMS 0x000000008d100000, 0x000000008d100000| Untracked 
| 210|0x000000008d200000, 0x000000008d200000, 0x000000008d300000|  0%| F|  |TAMS 0x000000008d200000, 0x000000008d200000| Untracked 
| 211|0x000000008d300000, 0x000000008d300000, 0x000000008d400000|  0%| F|  |TAMS 0x000000008d300000, 0x000000008d300000| Untracked 
| 212|0x000000008d400000, 0x000000008d400000, 0x000000008d500000|  0%| F|  |TAMS 0x000000008d400000, 0x000000008d400000| Untracked 
| 213|0x000000008d500000, 0x000000008d500000, 0x000000008d600000|  0%| F|  |TAMS 0x000000008d500000, 0x000000008d500000| Untracked 
| 214|0x000000008d600000, 0x000000008d600000, 0x000000008d700000|  0%| F|  |TAMS 0x000000008d600000, 0x000000008d600000| Untracked 
| 215|0x000000008d700000, 0x000000008d700000, 0x000000008d800000|  0%| F|  |TAMS 0x000000008d700000, 0x000000008d700000| Untracked 
| 216|0x000000008d800000, 0x000000008d800000, 0x000000008d900000|  0%| F|  |TAMS 0x000000008d800000, 0x000000008d800000| Untracked 
| 217|0x000000008d900000, 0x000000008d91dab0, 0x000000008da00000| 11%| E|  |TAMS 0x000000008d900000, 0x000000008d900000| Complete 
| 218|0x000000008da00000, 0x000000008db00000, 0x000000008db00000|100%| E|CS|TAMS 0x000000008da00000, 0x000000008da00000| Complete 
| 219|0x000000008db00000, 0x000000008dc00000, 0x000000008dc00000|100%| E|CS|TAMS 0x000000008db00000, 0x000000008db00000| Complete 
| 220|0x000000008dc00000, 0x000000008dd00000, 0x000000008dd00000|100%| E|CS|TAMS 0x000000008dc00000, 0x000000008dc00000| Complete 
| 221|0x000000008dd00000, 0x000000008de00000, 0x000000008de00000|100%| E|CS|TAMS 0x000000008dd00000, 0x000000008dd00000| Complete 
| 222|0x000000008de00000, 0x000000008df00000, 0x000000008df00000|100%| E|CS|TAMS 0x000000008de00000, 0x000000008de00000| Complete 
| 223|0x000000008df00000, 0x000000008e000000, 0x000000008e000000|100%| E|CS|TAMS 0x000000008df00000, 0x000000008df00000| Complete 
| 224|0x000000008e000000, 0x000000008e100000, 0x000000008e100000|100%| E|CS|TAMS 0x000000008e000000, 0x000000008e000000| Complete 
| 225|0x000000008e100000, 0x000000008e200000, 0x000000008e200000|100%| E|CS|TAMS 0x000000008e100000, 0x000000008e100000| Complete 
| 226|0x000000008e200000, 0x000000008e300000, 0x000000008e300000|100%| E|CS|TAMS 0x000000008e200000, 0x000000008e200000| Complete 
| 227|0x000000008e300000, 0x000000008e400000, 0x000000008e400000|100%| E|CS|TAMS 0x000000008e300000, 0x000000008e300000| Complete 
| 228|0x000000008e400000, 0x000000008e500000, 0x000000008e500000|100%| E|CS|TAMS 0x000000008e400000, 0x000000008e400000| Complete 
| 229|0x000000008e500000, 0x000000008e600000, 0x000000008e600000|100%| E|CS|TAMS 0x000000008e500000, 0x000000008e500000| Complete 
| 230|0x000000008e600000, 0x000000008e700000, 0x000000008e700000|100%| E|  |TAMS 0x000000008e600000, 0x000000008e600000| Complete 
| 231|0x000000008e700000, 0x000000008e800000, 0x000000008e800000|100%| E|CS|TAMS 0x000000008e700000, 0x000000008e700000| Complete 
| 232|0x000000008e800000, 0x000000008e900000, 0x000000008e900000|100%| E|CS|TAMS 0x000000008e800000, 0x000000008e800000| Complete 
| 233|0x000000008e900000, 0x000000008ea00000, 0x000000008ea00000|100%| E|CS|TAMS 0x000000008e900000, 0x000000008e900000| Complete 
| 234|0x000000008ea00000, 0x000000008eb00000, 0x000000008eb00000|100%| E|CS|TAMS 0x000000008ea00000, 0x000000008ea00000| Complete 
| 235|0x000000008eb00000, 0x000000008ec00000, 0x000000008ec00000|100%| E|CS|TAMS 0x000000008eb00000, 0x000000008eb00000| Complete 
| 236|0x000000008ec00000, 0x000000008ed00000, 0x000000008ed00000|100%| E|CS|TAMS 0x000000008ec00000, 0x000000008ec00000| Complete 
| 237|0x000000008ed00000, 0x000000008ee00000, 0x000000008ee00000|100%| E|CS|TAMS 0x000000008ed00000, 0x000000008ed00000| Complete 
| 238|0x000000008ee00000, 0x000000008ef00000, 0x000000008ef00000|100%| E|CS|TAMS 0x000000008ee00000, 0x000000008ee00000| Complete 
| 239|0x000000008ef00000, 0x000000008f000000, 0x000000008f000000|100%| E|CS|TAMS 0x000000008ef00000, 0x000000008ef00000| Complete 
| 240|0x000000008f000000, 0x000000008f100000, 0x000000008f100000|100%| E|CS|TAMS 0x000000008f000000, 0x000000008f000000| Complete 
| 241|0x000000008f100000, 0x000000008f200000, 0x000000008f200000|100%| E|CS|TAMS 0x000000008f100000, 0x000000008f100000| Complete 
| 242|0x000000008f200000, 0x000000008f300000, 0x000000008f300000|100%| E|CS|TAMS 0x000000008f200000, 0x000000008f200000| Complete 
| 243|0x000000008f300000, 0x000000008f400000, 0x000000008f400000|100%| E|CS|TAMS 0x000000008f300000, 0x000000008f300000| Complete 
| 244|0x000000008f400000, 0x000000008f500000, 0x000000008f500000|100%| E|CS|TAMS 0x000000008f400000, 0x000000008f400000| Complete 
| 245|0x000000008f500000, 0x000000008f600000, 0x000000008f600000|100%| E|CS|TAMS 0x000000008f500000, 0x000000008f500000| Complete 
| 246|0x000000008f600000, 0x000000008f700000, 0x000000008f700000|100%| E|CS|TAMS 0x000000008f600000, 0x000000008f600000| Complete 
| 247|0x000000008f700000, 0x000000008f800000, 0x000000008f800000|100%| E|CS|TAMS 0x000000008f700000, 0x000000008f700000| Complete 
| 248|0x000000008f800000, 0x000000008f900000, 0x000000008f900000|100%| E|CS|TAMS 0x000000008f800000, 0x000000008f800000| Complete 
| 249|0x000000008f900000, 0x000000008fa00000, 0x000000008fa00000|100%| E|CS|TAMS 0x000000008f900000, 0x000000008f900000| Complete 
| 250|0x000000008fa00000, 0x000000008fb00000, 0x000000008fb00000|100%| E|CS|TAMS 0x000000008fa00000, 0x000000008fa00000| Complete 
| 251|0x000000008fb00000, 0x000000008fc00000, 0x000000008fc00000|100%| E|CS|TAMS 0x000000008fb00000, 0x000000008fb00000| Complete 
| 252|0x000000008fc00000, 0x000000008fd00000, 0x000000008fd00000|100%| E|CS|TAMS 0x000000008fc00000, 0x000000008fc00000| Complete 
| 253|0x000000008fd00000, 0x000000008fe00000, 0x000000008fe00000|100%| E|CS|TAMS 0x000000008fd00000, 0x000000008fd00000| Complete 
| 254|0x000000008fe00000, 0x000000008ff00000, 0x000000008ff00000|100%| E|CS|TAMS 0x000000008fe00000, 0x000000008fe00000| Complete 
| 255|0x000000008ff00000, 0x0000000090000000, 0x0000000090000000|100%| E|CS|TAMS 0x000000008ff00000, 0x000000008ff00000| Complete 
| 256|0x0000000090000000, 0x0000000090100000, 0x0000000090100000|100%| E|CS|TAMS 0x0000000090000000, 0x0000000090000000| Complete 
| 257|0x0000000090100000, 0x0000000090200000, 0x0000000090200000|100%| E|CS|TAMS 0x0000000090100000, 0x0000000090100000| Complete 

Card table byte_map: [0x00000089fde40000,0x00000089fe240000] _byte_map_base: 0x00000089fda40000

Marking Bits (Prev, Next): (CMBitMap*) 0x00000089f9fc6c88, (CMBitMap*) 0x00000089f9fc6cc0
 Prev Bits: [0x000000898f000000, 0x0000008991000000)
 Next Bits: [0x0000008991000000, 0x0000008993000000)

Polling page: 0x00000089f7e50000

Metaspace:

Usage:
  Non-class:     88.67 MB capacity,    87.33 MB ( 98%) used,     1.08 MB (  1%) free+waste,   272.56 KB ( <1%) overhead. 
      Class:     13.21 MB capacity,    12.38 MB ( 94%) used,   732.34 KB (  5%) free+waste,   118.94 KB ( <1%) overhead. 
       Both:    101.88 MB capacity,    99.70 MB ( 98%) used,     1.80 MB (  2%) free+waste,   391.50 KB ( <1%) overhead. 

Virtual space:
  Non-class space:       90.00 MB reserved,      88.70 MB ( 99%) committed 
      Class space:        1.00 GB reserved,      13.25 MB (  1%) committed 
             Both:        1.09 GB reserved,     101.95 MB (  9%) committed 

Chunk freelists:
   Non-Class:  26.00 KB
       Class:  0 bytes
        Both:  26.00 KB

MaxMetaspaceSize: 17179869184.00 GB
CompressedClassSpaceSize: 1.00 GB

CodeHeap 'non-profiled nmethods': size=120064Kb used=9727Kb max_used=9727Kb free=110336Kb
 bounds [0x0000008987ac0000, 0x0000008988440000, 0x000000898f000000]
CodeHeap 'profiled nmethods': size=120000Kb used=32659Kb max_used=32659Kb free=87340Kb
 bounds [0x0000008980590000, 0x0000008982580000, 0x0000008987ac0000]
CodeHeap 'non-nmethods': size=5696Kb used=2297Kb max_used=2357Kb free=3398Kb
 bounds [0x0000008980000000, 0x0000008980270000, 0x0000008980590000]
 total_blobs=15423 nmethods=14506 adapters=829
 compilation: enabled
              stopped_count=0, restarted_count=0
 full_count=0

Compilation events (20 events):
Event: 77.523 Thread 0x00000089ff8ee000 nmethod 14630 0x000000898843d290 code [0x000000898843d440, 0x000000898843d4d8]
Event: 77.527 Thread 0x00000089ff8ee000 14631       3       java.lang.Integer::toString (55 bytes)
Event: 77.528 Thread 0x00000089ff8ee000 nmethod 14631 0x000000898256da10 code [0x000000898256dc00, 0x000000898256df78]
Event: 77.528 Thread 0x00000089ff8ee000 14632       3       com.android.tools.r8.graph.d0::g (24 bytes)
Event: 77.529 Thread 0x00000089ff8e9800 14633       4       com.android.tools.r8.graph.h::equals (22 bytes)
Event: 77.529 Thread 0x00000089ff8ee000 nmethod 14632 0x000000898256e110 code [0x000000898256e300, 0x000000898256e768]
Event: 77.531 Thread 0x00000089ff8e9800 nmethod 14633 0x000000898843d590 code [0x000000898843d720, 0x000000898843d7b8]
Event: 77.531 Thread 0x00000089ff8e9800 14634       4       com.google.common.collect.MapMakerInternalMap$Segment::setValue (19 bytes)
Event: 77.533 Thread 0x00000089ff8ee000 14635   !   3       com.google.common.collect.MapMakerInternalMap$Segment::put (298 bytes)
Event: 77.543 Thread 0x00000089ff8ee000 nmethod 14635 0x000000898256e890 code [0x000000898256eee0, 0x0000008982572698]
Event: 77.553 Thread 0x00000089ff8e9800 nmethod 14634 0x000000898843d890 code [0x000000898843da80, 0x000000898843e038]
Event: 77.553 Thread 0x00000089ff8e9800 14636       4       com.google.common.collect.MapMakerInternalMap$Segment::preWriteCleanup (5 bytes)
Event: 77.555 Thread 0x00000089ff8e9800 nmethod 14636 0x000000898843e390 code [0x000000898843e520, 0x000000898843e5a8]
Event: 77.659 Thread 0x00000089ff8e9800 14637       4       sun.invoke.util.BytecodeDescriptor::unparse (37 bytes)
Event: 77.699 Thread 0x00000089ff8e9800 nmethod 14637 0x000000898843e690 code [0x000000898843e880, 0x000000898843f4c8]
Event: 77.720 Thread 0x00000089ff8e9800 14638       4       java.net.URLClassLoader::isSealed (70 bytes)
Event: 77.739 Thread 0x00000089ff8ee000 14640       1       com.android.tools.r8.ProgramResource$ByteResource::getKind (5 bytes)
Event: 77.739 Thread 0x00000089ff8ee000 nmethod 14640 0x000000898843f910 code [0x000000898843fac0, 0x000000898843fb78]
Event: 77.756 Thread 0x00000089ff8ee000 14645       3       java.lang.invoke.SimpleMethodHandle::copyWithExtendL (7 bytes)
Event: 77.756 Thread 0x00000089ff8ee000 nmethod 14645 0x0000008982574210 code [0x00000089825743e0, 0x0000008982574708]

GC Heap History (20 events):
Event: 59.361 GC heap before
{Heap before GC invocations=33 (full 0):
 garbage-first heap   total 183296K, used 147270K [0x0000000080000000, 0x0000000100000000)
  region size 1024K, 26 young (26624K), 1 survivors (1024K)
 Metaspace       used 91052K, capacity 93119K, committed 93388K, reserved 1130496K
  class space    used 11470K, capacity 12245K, committed 12288K, reserved 1048576K
}
Event: 59.373 GC heap after
{Heap after GC invocations=34 (full 0):
 garbage-first heap   total 220160K, used 126118K [0x0000000080000000, 0x0000000100000000)
  region size 1024K, 4 young (4096K), 4 survivors (4096K)
 Metaspace       used 91052K, capacity 93119K, committed 93388K, reserved 1130496K
  class space    used 11470K, capacity 12245K, committed 12288K, reserved 1048576K
}
Event: 60.760 GC heap before
{Heap before GC invocations=35 (full 0):
 garbage-first heap   total 220160K, used 164006K [0x0000000080000000, 0x0000000100000000)
  region size 1024K, 43 young (44032K), 4 survivors (4096K)
 Metaspace       used 93318K, capacity 95433K, committed 95692K, reserved 1132544K
  class space    used 11643K, capacity 12437K, committed 12544K, reserved 1048576K
}
Event: 60.778 GC heap after
{Heap after GC invocations=36 (full 0):
 garbage-first heap   total 220160K, used 128354K [0x0000000080000000, 0x0000000100000000)
  region size 1024K, 4 young (4096K), 4 survivors (4096K)
 Metaspace       used 93318K, capacity 95433K, committed 95692K, reserved 1132544K
  class space    used 11643K, capacity 12437K, committed 12544K, reserved 1048576K
}
Event: 60.885 GC heap before
{Heap before GC invocations=36 (full 0):
 garbage-first heap   total 220160K, used 134498K [0x0000000080000000, 0x0000000100000000)
  region size 1024K, 10 young (10240K), 4 survivors (4096K)
 Metaspace       used 93333K, capacity 95433K, committed 95692K, reserved 1132544K
  class space    used 11643K, capacity 12437K, committed 12544K, reserved 1048576K
}
Event: 60.908 GC heap after
{Heap after GC invocations=37 (full 0):
 garbage-first heap   total 220160K, used 109712K [0x0000000080000000, 0x0000000100000000)
  region size 1024K, 2 young (2048K), 2 survivors (2048K)
 Metaspace       used 93333K, capacity 95433K, committed 95692K, reserved 1132544K
  class space    used 11643K, capacity 12437K, committed 12544K, reserved 1048576K
}
Event: 61.508 GC heap before
{Heap before GC invocations=37 (full 0):
 garbage-first heap   total 220160K, used 158864K [0x0000000080000000, 0x0000000100000000)
  region size 1024K, 50 young (51200K), 2 survivors (2048K)
 Metaspace       used 94214K, capacity 96393K, committed 96716K, reserved 1134592K
  class space    used 11701K, capacity 12501K, committed 12544K, reserved 1048576K
}
Event: 61.520 GC heap after
{Heap after GC invocations=38 (full 0):
 garbage-first heap   total 220160K, used 109645K [0x0000000080000000, 0x0000000100000000)
  region size 1024K, 2 young (2048K), 2 survivors (2048K)
 Metaspace       used 94214K, capacity 96393K, committed 96716K, reserved 1134592K
  class space    used 11701K, capacity 12501K, committed 12544K, reserved 1048576K
}
Event: 64.826 GC heap before
{Heap before GC invocations=39 (full 0):
 garbage-first heap   total 220160K, used 157773K [0x0000000080000000, 0x0000000100000000)
  region size 1024K, 53 young (54272K), 2 survivors (2048K)
 Metaspace       used 95243K, capacity 97338K, committed 97612K, reserved 1134592K
  class space    used 11806K, capacity 12572K, committed 12672K, reserved 1048576K
}
Event: 64.865 GC heap after
{Heap after GC invocations=40 (full 0):
 garbage-first heap   total 220160K, used 109778K [0x0000000080000000, 0x0000000100000000)
  region size 1024K, 5 young (5120K), 5 survivors (5120K)
 Metaspace       used 95243K, capacity 97338K, committed 97612K, reserved 1134592K
  class space    used 11806K, capacity 12572K, committed 12672K, reserved 1048576K
}
Event: 65.715 GC heap before
{Heap before GC invocations=40 (full 0):
 garbage-first heap   total 220160K, used 114898K [0x0000000080000000, 0x0000000100000000)
  region size 1024K, 10 young (10240K), 5 survivors (5120K)
 Metaspace       used 95329K, capacity 97405K, committed 97612K, reserved 1134592K
  class space    used 11807K, capacity 12573K, committed 12672K, reserved 1048576K
}
Event: 65.748 GC heap after
{Heap after GC invocations=41 (full 0):
 garbage-first heap   total 220160K, used 106118K [0x0000000080000000, 0x0000000100000000)
  region size 1024K, 1 young (1024K), 1 survivors (1024K)
 Metaspace       used 95329K, capacity 97405K, committed 97612K, reserved 1134592K
  class space    used 11807K, capacity 12573K, committed 12672K, reserved 1048576K
}
Event: 67.519 GC heap before
{Heap before GC invocations=41 (full 0):
 garbage-first heap   total 220160K, used 164486K [0x0000000080000000, 0x0000000100000000)
  region size 1024K, 58 young (59392K), 1 survivors (1024K)
 Metaspace       used 98831K, capacity 100933K, committed 101196K, reserved 1136640K
  class space    used 12239K, capacity 13062K, committed 13184K, reserved 1048576K
}
Event: 67.537 GC heap after
{Heap after GC invocations=42 (full 0):
 garbage-first heap   total 264192K, used 108236K [0x0000000080000000, 0x0000000100000000)
  region size 1024K, 3 young (3072K), 3 survivors (3072K)
 Metaspace       used 98831K, capacity 100933K, committed 101196K, reserved 1136640K
  class space    used 12239K, capacity 13062K, committed 13184K, reserved 1048576K
}
Event: 73.059 GC heap before
{Heap before GC invocations=43 (full 0):
 garbage-first heap   total 264192K, used 190156K [0x0000000080000000, 0x0000000100000000)
  region size 1024K, 84 young (86016K), 3 survivors (3072K)
 Metaspace       used 99148K, capacity 101336K, committed 101452K, reserved 1138688K
  class space    used 12271K, capacity 13102K, committed 13184K, reserved 1048576K
}
Event: 73.112 GC heap after
{Heap after GC invocations=44 (full 0):
 garbage-first heap   total 264192K, used 115430K [0x0000000080000000, 0x0000000100000000)
  region size 1024K, 10 young (10240K), 10 survivors (10240K)
 Metaspace       used 99148K, capacity 101336K, committed 101452K, reserved 1138688K
  class space    used 12271K, capacity 13102K, committed 13184K, reserved 1048576K
}
Event: 73.169 GC heap before
{Heap before GC invocations=44 (full 0):
 garbage-first heap   total 264192K, used 117478K [0x0000000080000000, 0x0000000100000000)
  region size 1024K, 12 young (12288K), 10 survivors (10240K)
 Metaspace       used 99149K, capacity 101336K, committed 101452K, reserved 1138688K
  class space    used 12271K, capacity 13102K, committed 13184K, reserved 1048576K
}
Event: 73.191 GC heap after
{Heap after GC invocations=45 (full 0):
 garbage-first heap   total 264192K, used 107673K [0x0000000080000000, 0x0000000100000000)
  region size 1024K, 2 young (2048K), 2 survivors (2048K)
 Metaspace       used 99149K, capacity 101336K, committed 101452K, reserved 1138688K
  class space    used 12271K, capacity 13102K, committed 13184K, reserved 1048576K
}
Event: 76.009 GC heap before
{Heap before GC invocations=45 (full 0):
 garbage-first heap   total 264192K, used 192665K [0x0000000080000000, 0x0000000100000000)
  region size 1024K, 84 young (86016K), 2 survivors (2048K)
 Metaspace       used 99824K, capacity 101978K, committed 102348K, reserved 1138688K
  class space    used 12348K, capacity 13186K, committed 13312K, reserved 1048576K
}
Event: 76.053 GC heap after
{Heap after GC invocations=46 (full 0):
 garbage-first heap   total 264192K, used 119464K [0x0000000080000000, 0x0000000100000000)
  region size 1024K, 11 young (11264K), 11 survivors (11264K)
 Metaspace       used 99824K, capacity 101978K, committed 102348K, reserved 1138688K
  class space    used 12348K, capacity 13186K, committed 13312K, reserved 1048576K
}

Deoptimization events (20 events):
Event: 75.550 Thread 0x000000899908c000 DEOPT PACKING pc=0x0000008988426684 sp=0x000000899fdfaf90
Event: 75.550 Thread 0x000000899908c000 DEOPT UNPACKING pc=0x0000008980026a29 sp=0x000000899fdfaf38 mode 2
Event: 76.459 Thread 0x000000899908e000 Uncommon trap: trap_request=0x00000186 fr.pc=0x00000089882d369c relative=0x0000000000000fbc
Event: 76.459 Thread 0x000000899908e000 Uncommon trap: reason=unloaded action=reinterpret pc=0x00000089882d369c method=java.util.regex.Pattern.newSlice([IIZ)Ljava/util/regex/Pattern$Node; @ 68 c2
Event: 76.459 Thread 0x000000899908e000 DEOPT PACKING pc=0x00000089882d369c sp=0x000000899fbfa9d0
Event: 76.459 Thread 0x000000899908e000 DEOPT UNPACKING pc=0x0000008980026a29 sp=0x000000899fbfa928 mode 2
Event: 77.122 Thread 0x000000899908e800 Uncommon trap: trap_request=0xffffff4d fr.pc=0x0000008987fedb4c relative=0x000000000000016c
Event: 77.122 Thread 0x000000899908e800 Uncommon trap: reason=unstable_if action=reinterpret pc=0x0000008987fedb4c method=com.google.common.collect.MapMakerInternalMap$Segment.getEntry(Ljava/lang/Object;I)Lcom/google/common/collect/MapMakerInternalMap$InternalEntry; @ 63 c2
Event: 77.122 Thread 0x000000899908e800 DEOPT PACKING pc=0x0000008987fedb4c sp=0x000000899fcf61f0
Event: 77.122 Thread 0x000000899908e800 DEOPT UNPACKING pc=0x0000008980026a29 sp=0x000000899fcf61a8 mode 2
Event: 77.122 Thread 0x000000899908e800 Uncommon trap: trap_request=0xffffff4d fr.pc=0x000000898809098c relative=0x000000000000170c
Event: 77.122 Thread 0x000000899908e800 Uncommon trap: reason=unstable_if action=reinterpret pc=0x000000898809098c method=java.util.concurrent.ConcurrentHashMap.putVal(Ljava/lang/Object;Ljava/lang/Object;Z)Ljava/lang/Object; @ 162 c2
Event: 77.122 Thread 0x000000899908e800 DEOPT PACKING pc=0x000000898809098c sp=0x000000899fcf6060
Event: 77.122 Thread 0x000000899908e800 DEOPT UNPACKING pc=0x0000008980026a29 sp=0x000000899fcf6008 mode 2
Event: 77.122 Thread 0x000000899908e800 Uncommon trap: trap_request=0xffffff4d fr.pc=0x0000008987fe604c relative=0x0000000000000fac
Event: 77.122 Thread 0x000000899908e800 Uncommon trap: reason=unstable_if action=reinterpret pc=0x0000008987fe604c method=com.google.common.collect.MapMakerInternalMap$Segment.put(Ljava/lang/Object;ILjava/lang/Object;Z)Ljava/lang/Object; @ 92 c2
Event: 77.122 Thread 0x000000899908e800 DEOPT PACKING pc=0x0000008987fe604c sp=0x000000899fcf6240
Event: 77.122 Thread 0x000000899908e800 DEOPT UNPACKING pc=0x0000008980026a29 sp=0x000000899fcf61d8 mode 2
Event: 77.320 Thread 0x000000899908e000 DEOPT PACKING pc=0x0000008981af21d5 sp=0x000000899fbfa720
Event: 77.320 Thread 0x000000899908e000 DEOPT UNPACKING pc=0x000000898002683f sp=0x000000899fbf9c40 mode 0

Classes redefined (0 events):
No events

Internal exceptions (20 events):
Event: 60.707 Thread 0x000000899e1f2000 Implicit null exception at 0x00000089882224ef to 0x0000008988222f00
Event: 60.707 Thread 0x000000899e1f2000 Implicit null exception at 0x00000089882224ef to 0x0000008988222f00
Event: 63.640 Thread 0x000000899838a000 Exception <a 'sun/nio/fs/WindowsException'{0x000000008ad53ae0}> (0x000000008ad53ae0) thrown at [./src/hotspot/share/prims/jni.cpp, line 615]
Event: 63.640 Thread 0x000000899838a000 Exception <a 'sun/nio/fs/WindowsException'{0x000000008ad549b8}> (0x000000008ad549b8) thrown at [./src/hotspot/share/prims/jni.cpp, line 615]
Event: 63.640 Thread 0x000000899838a000 Exception <a 'sun/nio/fs/WindowsException'{0x000000008ad54cd8}> (0x000000008ad54cd8) thrown at [./src/hotspot/share/prims/jni.cpp, line 615]
Event: 63.640 Thread 0x000000899838a000 Exception <a 'sun/nio/fs/WindowsException'{0x000000008ad55b78}> (0x000000008ad55b78) thrown at [./src/hotspot/share/prims/jni.cpp, line 615]
Event: 63.640 Thread 0x000000899838a000 Exception <a 'sun/nio/fs/WindowsException'{0x000000008ad55e78}> (0x000000008ad55e78) thrown at [./src/hotspot/share/prims/jni.cpp, line 615]
Event: 63.640 Thread 0x000000899838a000 Exception <a 'sun/nio/fs/WindowsException'{0x000000008ad56d08}> (0x000000008ad56d08) thrown at [./src/hotspot/share/prims/jni.cpp, line 615]
Event: 63.761 Thread 0x000000899838a000 Implicit null exception at 0x000000898812305f to 0x00000089881231a8
Event: 65.772 Thread 0x000000899838a000 Implicit null exception at 0x0000008987e6ca14 to 0x0000008987e6d00c
Event: 67.545 Thread 0x0000008998236800 Exception <a 'sun/nio/fs/WindowsException'{0x0000000090131050}> (0x0000000090131050) thrown at [./src/hotspot/share/prims/jni.cpp, line 615]
Event: 67.545 Thread 0x0000008998236800 Exception <a 'sun/nio/fs/WindowsException'{0x0000000090132708}> (0x0000000090132708) thrown at [./src/hotspot/share/prims/jni.cpp, line 615]
Event: 67.562 Thread 0x0000008998236800 Exception <a 'java/lang/NoSuchMethodError'{0x000000009019a3d8}: <clinit>> (0x000000009019a3d8) thrown at [./src/hotspot/share/prims/jni.cpp, line 1362]
Event: 70.284 Thread 0x000000899e1f5800 Exception <a 'sun/nio/fs/WindowsException'{0x000000008ec17598}> (0x000000008ec17598) thrown at [./src/hotspot/share/prims/jni.cpp, line 615]
Event: 76.984 Thread 0x000000899908e800 Exception <a 'sun/nio/fs/WindowsException'{0x000000008f449e48}> (0x000000008f449e48) thrown at [./src/hotspot/share/prims/jni.cpp, line 615]
Event: 76.985 Thread 0x000000899908a000 Exception <a 'sun/nio/fs/WindowsException'{0x000000008f90cbe0}> (0x000000008f90cbe0) thrown at [./src/hotspot/share/prims/jni.cpp, line 615]
Event: 76.992 Thread 0x000000899908c000 Exception <a 'sun/nio/fs/WindowsException'{0x000000008ef9d840}> (0x000000008ef9d840) thrown at [./src/hotspot/share/prims/jni.cpp, line 615]
Event: 77.187 Thread 0x000000899908e000 Exception <a 'sun/nio/fs/WindowsException'{0x000000008e143600}> (0x000000008e143600) thrown at [./src/hotspot/share/prims/jni.cpp, line 615]
Event: 77.755 Thread 0x000000899908a000 Exception <a 'java/lang/NoSuchMethodError'{0x000000008dbaba48}: 'java.lang.Object java.lang.invoke.DirectMethodHandle$Holder.invokeStatic(java.lang.Object, java.lang.Object, java.lang.Object, java.lang.Object, java.lang.Object, java.lang.Object, java.lang.Object, java.lang.Object, java.lang.Object, java.lang.Object, java.lang.Object, java.lang.Object, java.lang.Object, java.lang.Object, java.lang.Object, java.lang.Object, java.lang.Object, java.lang.Object, int, java.lang.Object)'> (0x000000008dbaba48) thr
Event: 77.755 Thread 0x000000899908a000 Exception <a 'java/lang/NoSuchMethodError'{0x000000008dbb1ad0}: 'java.lang.Object java.lang.invoke.DirectMethodHandle$Holder.invokeStaticInit(java.lang.Object, java.lang.Object, java.lang.Object, java.lang.Object, java.lang.Object, java.lang.Object, java.lang.Object, java.lang.Object, java.lang.Object, java.lang.Object, java.lang.Object, java.lang.Object, java.lang.Object, java.lang.Object, java.lang.Object, java.lang.Object, java.lang.Object, java.lang.Object, int, java.lang.Object)'> (0x000000008dbb1ad0)

Events (20 events):
Event: 77.791 loading class com/android/tools/r8/graph/B0
Event: 77.791 loading class com/android/tools/r8/graph/B0 done
Event: 77.791 loading class com/android/tools/r8/graph/B0
Event: 77.791 loading class com/android/tools/r8/graph/B0 done
Event: 77.791 loading class com/android/tools/r8/graph/B0
Event: 77.791 loading class com/android/tools/r8/graph/B0 done
Event: 77.791 loading class com/android/tools/r8/graph/B0
Event: 77.791 loading class com/android/tools/r8/graph/B0 done
Event: 77.792 loading class com/android/tools/r8/position/Position
Event: 77.792 loading class com/android/tools/r8/position/Position done
Event: 77.792 loading class com/android/tools/r8/position/Position$a
Event: 77.792 loading class com/android/tools/r8/position/Position$a done
Event: 77.793 loading class com/android/tools/r8/internal/U6
Event: 77.793 loading class com/android/tools/r8/internal/U6 done
Event: 77.795 loading class com/android/tools/r8/internal/ko
Event: 77.795 loading class com/android/tools/r8/internal/ko done
Event: 77.796 loading class com/android/tools/r8/internal/Y1
Event: 77.796 loading class com/android/tools/r8/internal/Y1 done
Event: 77.802 loading class com/android/tools/r8/internal/F8
Event: 77.802 loading class com/android/tools/r8/internal/F8 done


Dynamic libraries:
0x00007ff609df0000 - 0x00007ff609dfa000 	E:\Zaki\Softwares\android-studio-2020.3.1.3-windows\android-studio\jre\bin\java.exe
0x00007ffa08c90000 - 0x00007ffa08e3c000 	C:\Windows\SYSTEM32\ntdll.dll
0x00007ffa06a30000 - 0x00007ffa06b6a000 	C:\Windows\system32\KERNEL32.DLL
0x00007ffa06400000 - 0x00007ffa06510000 	C:\Windows\system32\KERNELBASE.dll
0x00007ff9f0500000 - 0x00007ff9f0519000 	E:\Zaki\Softwares\android-studio-2020.3.1.3-windows\android-studio\jre\bin\jli.dll
0x00007ffa03120000 - 0x00007ffa03137000 	E:\Zaki\Softwares\android-studio-2020.3.1.3-windows\android-studio\jre\bin\VCRUNTIME140.dll
0x00007ffa03110000 - 0x00007ffa03114000 	C:\Windows\SYSTEM32\api-ms-win-crt-stdio-l1-1-0.dll
0x00007ffa030f0000 - 0x00007ffa030f4000 	C:\Windows\SYSTEM32\api-ms-win-crt-runtime-l1-1-0.dll
0x00007ffa02e80000 - 0x00007ffa02e83000 	C:\Windows\SYSTEM32\api-ms-win-crt-environment-l1-1-0.dll
0x00007ffa02e60000 - 0x00007ffa02e65000 	C:\Windows\SYSTEM32\api-ms-win-crt-math-l1-1-0.dll
0x00007ff9ff7c0000 - 0x00007ff9ff7c3000 	C:\Windows\SYSTEM32\api-ms-win-crt-locale-l1-1-0.dll
0x00007ffa02e30000 - 0x00007ffa02e33000 	C:\Windows\SYSTEM32\api-ms-win-crt-heap-l1-1-0.dll
0x00007ffa03930000 - 0x00007ffa03baa000 	C:\Windows\WinSxS\amd64_microsoft.windows.common-controls_6595b64144ccf1df_6.0.9600.17810_none_6240b9c7ecbd0bda\COMCTL32.dll
0x00007ffa067f0000 - 0x00007ffa06961000 	C:\Windows\system32\USER32.dll
0x00007ffa02e50000 - 0x00007ffa02e53000 	C:\Windows\SYSTEM32\api-ms-win-crt-filesystem-l1-1-0.dll
0x00007ffa03100000 - 0x00007ffa03104000 	C:\Windows\SYSTEM32\api-ms-win-crt-string-l1-1-0.dll
0x00007ffa030e0000 - 0x00007ffa030e4000 	C:\Windows\SYSTEM32\api-ms-win-crt-convert-l1-1-0.dll
0x00007ffa08be0000 - 0x00007ffa08c87000 	C:\Windows\system32\msvcrt.dll
0x00007ffa07100000 - 0x00007ffa07245000 	C:\Windows\system32\GDI32.dll
0x00007ff9fe040000 - 0x00007ff9fe12c000 	C:\Windows\SYSTEM32\ucrtbase.DLL
0x00007ffa069e0000 - 0x00007ffa06a14000 	C:\Windows\system32\IMM32.DLL
0x00007ffa06b70000 - 0x00007ffa06ca9000 	C:\Windows\system32\MSCTF.dll
0x00007ff9fd460000 - 0x00007ff9fd4fd000 	E:\Zaki\Softwares\android-studio-2020.3.1.3-windows\android-studio\jre\bin\msvcp140.dll
0x00007ff9fe030000 - 0x00007ff9fe035000 	C:\Windows\SYSTEM32\api-ms-win-crt-multibyte-l1-1-0.dll
0x00007ffa02e40000 - 0x00007ffa02e43000 	C:\Windows\SYSTEM32\api-ms-win-crt-time-l1-1-0.dll
0x00007ffa02e70000 - 0x00007ffa02e73000 	C:\Windows\SYSTEM32\api-ms-win-crt-utility-l1-1-0.dll
0x00007ff9fa060000 - 0x00007ff9fab2f000 	E:\Zaki\Softwares\android-studio-2020.3.1.3-windows\android-studio\jre\bin\server\jvm.dll
0x00007ffa072c0000 - 0x00007ffa07365000 	C:\Windows\system32\ADVAPI32.dll
0x00007ffa03140000 - 0x00007ffa03149000 	C:\Windows\SYSTEM32\WSOCK32.dll
0x00007ff9fd910000 - 0x00007ff9fd92f000 	C:\Windows\SYSTEM32\WINMM.dll
0x00007ffa00e60000 - 0x00007ffa00e6a000 	C:\Windows\SYSTEM32\VERSION.dll
0x00007ffa06970000 - 0x00007ffa06977000 	C:\Windows\system32\PSAPI.DLL
0x00007ffa065b0000 - 0x00007ffa06609000 	C:\Windows\SYSTEM32\sechost.dll
0x00007ffa06cb0000 - 0x00007ffa06de6000 	C:\Windows\system32\RPCRT4.dll
0x00007ffa07260000 - 0x00007ffa072ba000 	C:\Windows\system32\WS2_32.dll
0x00007ff9fd8d0000 - 0x00007ff9fd8fa000 	C:\Windows\SYSTEM32\WINMMBASE.dll
0x00007ffa070f0000 - 0x00007ffa070f9000 	C:\Windows\system32\NSI.dll
0x00007ffa063b0000 - 0x00007ffa063fa000 	C:\Windows\SYSTEM32\cfgmgr32.dll
0x00007ffa04e70000 - 0x00007ffa04e96000 	C:\Windows\SYSTEM32\DEVOBJ.dll
0x00007ffa04ca0000 - 0x00007ffa04caa000 	C:\Windows\SYSTEM32\kernel.appcore.dll
0x00007ffa02e10000 - 0x00007ffa02e21000 	E:\Zaki\Softwares\android-studio-2020.3.1.3-windows\android-studio\jre\bin\verify.dll
0x00007ff9fdc90000 - 0x00007ff9fde19000 	C:\Windows\SYSTEM32\DBGHELP.DLL
0x00007ffa02de0000 - 0x00007ffa02e09000 	E:\Zaki\Softwares\android-studio-2020.3.1.3-windows\android-studio\jre\bin\java.dll
0x00007ffa02c30000 - 0x00007ffa02c3b000 	E:\Zaki\Softwares\android-studio-2020.3.1.3-windows\android-studio\jre\bin\jimage.dll
0x00007ffa02c10000 - 0x00007ffa02c28000 	E:\Zaki\Softwares\android-studio-2020.3.1.3-windows\android-studio\jre\bin\zip.dll
0x00007ffa07640000 - 0x00007ffa08a57000 	C:\Windows\system32\SHELL32.dll
0x00007ffa06e50000 - 0x00007ffa07026000 	C:\Windows\SYSTEM32\combase.dll
0x00007ffa06980000 - 0x00007ffa069d1000 	C:\Windows\system32\SHLWAPI.dll
0x00007ffa04500000 - 0x00007ffa0459f000 	C:\Windows\SYSTEM32\SHCORE.dll
0x00007ffa06000000 - 0x00007ffa06014000 	C:\Windows\SYSTEM32\profapi.dll
0x00007ffa02960000 - 0x00007ffa0297a000 	E:\Zaki\Softwares\android-studio-2020.3.1.3-windows\android-studio\jre\bin\net.dll
0x00007ffa009f0000 - 0x00007ffa00ab9000 	C:\Windows\SYSTEM32\WINHTTP.dll
0x00007ffa05920000 - 0x00007ffa05979000 	C:\Windows\system32\mswsock.dll
0x00007ffa01f60000 - 0x00007ffa01f74000 	E:\Zaki\Softwares\android-studio-2020.3.1.3-windows\android-studio\jre\bin\nio.dll
0x00007ff9eedd0000 - 0x00007ff9eedf7000 	C:\Users\zaki1\.gradle\native\8bec1ad78214c89d9ad589b4d07fe93259594b29d510b10fafb7a158f7737e5d\windows-amd64\native-platform.dll
0x00007ff9eeba0000 - 0x00007ff9eecdd000 	C:\Users\zaki1\.gradle\native\53dbd7edfb1c66fb8903c78663c9afc45aea4f116125fa6feffd364cf09443e8\windows-amd64\native-platform-file-events.dll
0x00007ffa01f50000 - 0x00007ffa01f5a000 	E:\Zaki\Softwares\android-studio-2020.3.1.3-windows\android-studio\jre\bin\management.dll
0x00007ffa019d0000 - 0x00007ffa019dc000 	E:\Zaki\Softwares\android-studio-2020.3.1.3-windows\android-studio\jre\bin\management_ext.dll
0x00007ffa05980000 - 0x00007ffa0599e000 	C:\Windows\SYSTEM32\CRYPTSP.dll
0x00007ffa05570000 - 0x00007ffa055a6000 	C:\Windows\system32\rsaenh.dll
0x00007ffa05bc0000 - 0x00007ffa05be6000 	C:\Windows\SYSTEM32\bcrypt.dll
0x00007ffa05680000 - 0x00007ffa0569f000 	C:\Windows\SYSTEM32\USERENV.dll
0x00007ffa05ee0000 - 0x00007ffa05f40000 	C:\Windows\system32\bcryptprimitives.dll
0x00007ffa05f40000 - 0x00007ffa05f4a000 	C:\Windows\SYSTEM32\CRYPTBASE.dll
0x00007ffa02da0000 - 0x00007ffa02dc9000 	C:\Windows\SYSTEM32\IPHLPAPI.DLL
0x00007ffa029f0000 - 0x00007ffa029fa000 	C:\Windows\SYSTEM32\WINNSI.DLL
0x00007ffa026d0000 - 0x00007ffa026e4000 	C:\Windows\SYSTEM32\dhcpcsvc6.DLL
0x00007ffa026b0000 - 0x00007ffa026c9000 	C:\Windows\SYSTEM32\dhcpcsvc.DLL

dbghelp: loaded successfully - version: 4.0.5 - missing functions: none
symbol engine: initialized successfully - sym options: 0x614 - pdb path: .;E:\Zaki\Softwares\android-studio-2020.3.1.3-windows\android-studio\jre\bin;C:\Windows\SYSTEM32;C:\Windows\WinSxS\amd64_microsoft.windows.common-controls_6595b64144ccf1df_6.0.9600.17810_none_6240b9c7ecbd0bda;E:\Zaki\Softwares\android-studio-2020.3.1.3-windows\android-studio\jre\bin\server;C:\Users\zaki1\.gradle\native\8bec1ad78214c89d9ad589b4d07fe93259594b29d510b10fafb7a158f7737e5d\windows-amd64;C:\Users\zaki1\.gradle\native\53dbd7edfb1c66fb8903c78663c9afc45aea4f116125fa6feffd364cf09443e8\windows-amd64

VM Arguments:
jvm_args: --add-opens=java.base/java.util=ALL-UNNAMED --add-opens=java.base/java.lang=ALL-UNNAMED --add-opens=java.base/java.lang.invoke=ALL-UNNAMED --add-opens=java.base/java.util=ALL-UNNAMED --add-opens=java.prefs/java.util.prefs=ALL-UNNAMED --add-opens=java.prefs/java.util.prefs=ALL-UNNAMED --add-opens=java.base/java.nio.charset=ALL-UNNAMED --add-opens=java.base/java.net=ALL-UNNAMED --add-opens=java.base/java.util.concurrent.atomic=ALL-UNNAMED -Xmx2048m -Dfile.encoding=UTF-8 -Duser.country=US -Duser.language=en -Duser.variant 
java_command: org.gradle.launcher.daemon.bootstrap.GradleDaemon 7.0.2
java_class_path (initial): C:\Users\zaki1\.gradle\wrapper\dists\gradle-7.0.2-bin\857tjihv64xamwrf0h14cai3r\gradle-7.0.2\lib\gradle-launcher-7.0.2.jar
Launcher Type: SUN_STANDARD

[Global flags]
     intx CICompilerCount                          = 3                                         {product} {ergonomic}
     uint ConcGCThreads                            = 1                                         {product} {ergonomic}
     uint G1ConcRefinementThreads                  = 4                                         {product} {ergonomic}
   size_t G1HeapRegionSize                         = 1048576                                   {product} {ergonomic}
    uintx GCDrainStackTargetSize                   = 64                                        {product} {ergonomic}
   size_t InitialHeapSize                          = 130023424                                 {product} {ergonomic}
   size_t MarkStackSize                            = 4194304                                   {product} {ergonomic}
   size_t MaxHeapSize                              = 2147483648                                {product} {command line}
   size_t MaxNewSize                               = 1287651328                                {product} {ergonomic}
   size_t MinHeapDeltaBytes                        = 1048576                                   {product} {ergonomic}
    uintx NonNMethodCodeHeapSize                   = 5830732                                {pd product} {ergonomic}
    uintx NonProfiledCodeHeapSize                  = 122913754                              {pd product} {ergonomic}
    uintx ProfiledCodeHeapSize                     = 122913754                              {pd product} {ergonomic}
    uintx ReservedCodeCacheSize                    = 251658240                              {pd product} {ergonomic}
     bool SegmentedCodeCache                       = true                                      {product} {ergonomic}
     bool UseCompressedClassPointers               = true                                 {lp64_product} {ergonomic}
     bool UseCompressedOops                        = true                                 {lp64_product} {ergonomic}
     bool UseG1GC                                  = true                                      {product} {ergonomic}
     bool UseLargePagesIndividualAllocation        = false                                  {pd product} {ergonomic}

Logging:
Log output configuration:
 #0: stdout all=warning uptime,level,tags
 #1: stderr all=off uptime,level,tags

Environment Variables:
JAVA_HOME=C:\Program Files\Java\jdk-15.0.2\bin
PATH=C:\Program Files\Broadcom\Broadcom 802.11 Network Adapter\Driver;;C:\Program Files\Common Files\Oracle\Java\javapath;C:\Windows\system32;C:\Windows;C:\Windows\System32\Wbem;C:\Windows\System32\WindowsPowerShell\v1.0\;C:\Program Files\Java\jdk-15.0.2\bin;C:\Program Files\nodejs\;E:\Zaki\Private\Android\Sdk\platform-tools;C:\Program Files\Git\cmd;C:\Program Files\IBM\Cloud\bin;E:\Zaki\KotlinCompiler\kotlinc\bin;C:\Users\zaki1\AppData\Roaming\npm;C:\Users\zaki1\AppData\Local\Programs\Microsoft VS Code\bin;C:\Program Files\IBM\Cloud\bin
USERNAME=zaki1
OS=Windows_NT
PROCESSOR_IDENTIFIER=Intel64 Family 6 Model 37 Stepping 5, GenuineIntel



---------------  S Y S T E M  ---------------

OS: Windows 8.1 , 64 bit Build 9600 (6.3.9600.17031)
OS uptime: 0 days 2:07 hours

CPU:total 4 (initial active 4) (2 cores per cpu, 2 threads per core) family 6 model 37 stepping 5 microcode 0x2, cmov, cx8, fxsr, mmx, sse, sse2, sse3, ssse3, sse4.1, sse4.2, popcnt, ht, tsc, tscinvbit

Memory: 4k page, system-wide physical 7862M (1245M free)
TotalPageFile size 7862M (AvailPageFile size 4M)
current process WorkingSet (physical memory assigned to process): 528M, peak: 544M
current process commit charge ("private bytes"): 581M, peak: 581M

vm_info: OpenJDK 64-Bit Server VM (11.0.10+0-b96-7249189) for windows-amd64 JRE (11.0.10+0-b96-7249189), built on Mar 31 2021 21:44:00 by "builder" with MS VC++ 14.0 (VS2015)

END.
