#
# There is insufficient memory for the Java Runtime Environment to continue.
# Native memory allocation (malloc) failed to allocate 1009776 bytes for Chunk::new
# Possible reasons:
#   The system is out of physical RAM or swap space
#   The process is running with CompressedOops enabled, and the Java Heap may be blocking the growth of the native heap
# Possible solutions:
#   Reduce memory load on the system
#   Increase physical memory or swap space
#   Check if swap backing store is full
#   Decrease Java heap size (-Xmx/-Xms)
#   Decrease number of Java threads
#   Decrease Java thread stack sizes (-Xss)
#   Set larger code cache with -XX:ReservedCodeCacheSize=
#   JVM is running with Unscaled Compressed Oops mode in which the Java heap is
#     placed in the first 4GB address space. The Java Heap base address is the
#     maximum limit for the native heap growth. Please use -XX:HeapBaseMinAddress
#     to set the Java Heap base and to place the Java Heap above 4GB virtual address.
# This output file may be truncated or incomplete.
#
#  Out of Memory Error (./src/hotspot/share/memory/arena.cpp:197), pid=5808, tid=6536
#
# JRE version: OpenJDK Runtime Environment (11.0.10) (build 11.0.10+0-b96-7249189)
# Java VM: OpenJDK 64-Bit Server VM (11.0.10+0-b96-7249189, mixed mode, tiered, compressed oops, g1 gc, windows-amd64)
# No core dump will be written. Minidumps are not enabled by default on client versions of Windows
#

---------------  S U M M A R Y ------------

Command Line: --add-opens=java.base/java.util=ALL-UNNAMED --add-opens=java.base/java.lang=ALL-UNNAMED --add-opens=java.base/java.lang.invoke=ALL-UNNAMED --add-opens=java.base/java.util=ALL-UNNAMED --add-opens=java.prefs/java.util.prefs=ALL-UNNAMED --add-opens=java.prefs/java.util.prefs=ALL-UNNAMED --add-opens=java.base/java.nio.charset=ALL-UNNAMED --add-opens=java.base/java.net=ALL-UNNAMED --add-opens=java.base/java.util.concurrent.atomic=ALL-UNNAMED -Xmx2048m -Dfile.encoding=UTF-8 -Duser.country=US -Duser.language=en -Duser.variant org.gradle.launcher.daemon.bootstrap.GradleDaemon 7.0.2

Host: Intel(R) Core(TM) i3 CPU       M 370  @ 2.40GHz, 4 cores, 7G,  Windows 8.1 , 64 bit Build 9600 (6.3.9600.17031)
Time: Sat Feb 12 13:22:16 2022 India Standard Time elapsed time: 290.461000 seconds (0d 0h 4m 50s)

---------------  T H R E A D  ---------------

Current thread (0x00000091aa17b000):  JavaThread "C2 CompilerThread0" daemon [_thread_in_native, id=6536, stack(0x00000091aab10000,0x00000091aac10000)]


Current CompileTask:
C2: 290461 17540       4       sun.reflect.generics.parser.SignatureParser::parsePackageNameAndSimpleClassTypeSignature (119 bytes)

Stack: [0x00000091aab10000,0x00000091aac10000]
Native frames: (J=compiled Java code, j=interpreted, Vv=VM code, C=native code)
V  [jvm.dll+0x5ecfaa]
V  [jvm.dll+0x722bd5]
V  [jvm.dll+0x72412d]
V  [jvm.dll+0x7247e3]
V  [jvm.dll+0x242928]
V  [jvm.dll+0xbc4fc]
V  [jvm.dll+0xbca0c]
V  [jvm.dll+0x352d7d]
V  [jvm.dll+0x19800c]
V  [jvm.dll+0x1fb70e]
V  [jvm.dll+0x1fa7f4]
V  [jvm.dll+0x18354c]
V  [jvm.dll+0x208ee7]
V  [jvm.dll+0x207731]
V  [jvm.dll+0x6eb1cf]
V  [jvm.dll+0x6e3d45]
V  [jvm.dll+0x5ebe96]
C  [ucrtbase.DLL+0x6173d]
C  [KERNEL32.DLL+0x168d]
C  [ntdll.dll+0x15444]


---------------  P R O C E S S  ---------------

Threads class SMR info:
_java_thread_list=0x00000091b475bfc0, length=56, elements={
0x000000918d6da800, 0x00000091aa11f800, 0x00000091aa12d000, 0x00000091aa171800,
0x00000091aa172800, 0x00000091aa174800, 0x00000091aa17b000, 0x00000091aa17e800,
0x00000091aa17f800, 0x00000091aa2d1800, 0x00000091acfd9800, 0x00000091ae43b800,
0x00000091ad344800, 0x00000091ad3c9000, 0x00000091ad3c6800, 0x00000091ad3cb800,
0x00000091ad3cc800, 0x00000091ad3ca000, 0x00000091ac41f800, 0x00000091ac425000,
0x00000091ac426000, 0x00000091ac424800, 0x00000091ac427800, 0x00000091ac42d800,
0x00000091b3d9c800, 0x00000091b3da0000, 0x00000091ac428800, 0x00000091ad3c7800,
0x00000091ad3c8000, 0x00000091ad3c6000, 0x00000091ad3ca800, 0x00000091b3d9b800,
0x00000091b3d9e000, 0x00000091b3da0800, 0x00000091b3da1800, 0x00000091b3d9f000,
0x00000091b3da4000, 0x00000091b3da2000, 0x00000091b3da4800, 0x00000091b3da3000,
0x00000091b3da5800, 0x00000091b3da8000, 0x00000091b3da8800, 0x00000091b3da6800,
0x00000091b3da9800, 0x00000091b3da7000, 0x00000091ac421000, 0x00000091ac422000,
0x00000091ac420800, 0x00000091ac42b800, 0x00000091ac42c800, 0x00000091ac42a000,
0x00000091ac42b000, 0x00000091ac42e000, 0x00000091b484f000, 0x00000091ac28b800
}

Java Threads: ( => current thread )
  0x000000918d6da800 JavaThread "main" [_thread_blocked, id=6400, stack(0x000000918eeb0000,0x000000918efb0000)]
  0x00000091aa11f800 JavaThread "Reference Handler" daemon [_thread_blocked, id=6348, stack(0x00000091aa610000,0x00000091aa710000)]
  0x00000091aa12d000 JavaThread "Finalizer" daemon [_thread_blocked, id=5084, stack(0x00000091aa710000,0x00000091aa810000)]
  0x00000091aa171800 JavaThread "Signal Dispatcher" daemon [_thread_blocked, id=2368, stack(0x00000091aa810000,0x00000091aa910000)]
  0x00000091aa172800 JavaThread "Attach Listener" daemon [_thread_blocked, id=3396, stack(0x00000091aa910000,0x00000091aaa10000)]
  0x00000091aa174800 JavaThread "Service Thread" daemon [_thread_blocked, id=5244, stack(0x00000091aaa10000,0x00000091aab10000)]
=>0x00000091aa17b000 JavaThread "C2 CompilerThread0" daemon [_thread_in_native, id=6536, stack(0x00000091aab10000,0x00000091aac10000)]
  0x00000091aa17e800 JavaThread "C1 CompilerThread0" daemon [_thread_blocked, id=5908, stack(0x00000091aac10000,0x00000091aad10000)]
  0x00000091aa17f800 JavaThread "Sweeper thread" daemon [_thread_blocked, id=4424, stack(0x00000091aad10000,0x00000091aae10000)]
  0x00000091aa2d1800 JavaThread "Common-Cleaner" daemon [_thread_blocked, id=5432, stack(0x00000091aae10000,0x00000091aaf10000)]
  0x00000091acfd9800 JavaThread "Daemon health stats" [_thread_blocked, id=5276, stack(0x00000091aed80000,0x00000091aee80000)]
  0x00000091ae43b800 JavaThread "Incoming local TCP Connector on port 60544" [_thread_in_native, id=2684, stack(0x00000091af270000,0x00000091af370000)]
  0x00000091ad344800 JavaThread "Daemon periodic checks" [_thread_blocked, id=6044, stack(0x00000091af170000,0x00000091af270000)]
  0x00000091ad3c9000 JavaThread "Cache worker for file hash cache (C:\Users\zaki1\.gradle\caches\7.0.2\fileHashes)" [_thread_blocked, id=4644, stack(0x00000091ab010000,0x00000091ab110000)]
  0x00000091ad3c6800 JavaThread "File lock request listener" [_thread_in_native, id=4316, stack(0x00000091af9c0000,0x00000091afac0000)]
  0x00000091ad3cb800 JavaThread "Cache worker for journal cache (C:\Users\zaki1\.gradle\caches\journal-1)" [_thread_blocked, id=5688, stack(0x00000091b07c0000,0x00000091b08c0000)]
  0x00000091ad3cc800 JavaThread "File watcher server" daemon [_thread_in_native, id=3160, stack(0x00000091b1060000,0x00000091b1160000)]
  0x00000091ad3ca000 JavaThread "File watcher consumer" daemon [_thread_blocked, id=2864, stack(0x00000091b1160000,0x00000091b1260000)]
  0x00000091ac41f800 JavaThread "Cache worker for execution history cache (C:\Users\zaki1\.gradle\caches\7.0.2\executionHistory)" [_thread_blocked, id=6612, stack(0x00000091b1660000,0x00000091b1760000)]
  0x00000091ac425000 JavaThread "jar transforms" [_thread_blocked, id=5584, stack(0x00000091b2d30000,0x00000091b2e30000)]
  0x00000091ac426000 JavaThread "jar transforms Thread 2" [_thread_blocked, id=4056, stack(0x00000091b2e30000,0x00000091b2f30000)]
  0x00000091ac424800 JavaThread "Cache worker for file content cache (C:\Users\zaki1\.gradle\caches\7.0.2\fileContent)" [_thread_blocked, id=5620, stack(0x00000091b2f30000,0x00000091b3030000)]
  0x00000091ac427800 JavaThread "jar transforms Thread 3" [_thread_blocked, id=3288, stack(0x00000091b4b00000,0x00000091b4c00000)]
  0x00000091ac42d800 JavaThread "jar transforms Thread 4" [_thread_blocked, id=5452, stack(0x00000091b5120000,0x00000091b5220000)]
  0x00000091b3d9c800 JavaThread "Memory manager" [_thread_blocked, id=200, stack(0x00000091b5d20000,0x00000091b5e20000)]
  0x00000091b3da0000 JavaThread "pool-3-thread-1" [_thread_blocked, id=5712, stack(0x00000091b88a0000,0x00000091b89a0000)]
  0x00000091ac428800 JavaThread "pool-6-thread-1" [_thread_blocked, id=3868, stack(0x00000091b8ba0000,0x00000091b8ca0000)]
  0x00000091ad3c7800 JavaThread "Daemon Thread 3" [_thread_blocked, id=6848, stack(0x00000091af6c0000,0x00000091af7c0000)]
  0x00000091ad3c8000 JavaThread "Handler for socket connection from /127.0.0.1:60544 to /127.0.0.1:60597" [_thread_in_native, id=2988, stack(0x00000091afcc0000,0x00000091afdc0000)]
  0x00000091ad3c6000 JavaThread "Cancel handler" [_thread_blocked, id=2172, stack(0x00000091affc0000,0x00000091b00c0000)]
  0x00000091ad3ca800 JavaThread "Daemon worker Thread 3" [_thread_in_Java, id=7148, stack(0x00000091b00c0000,0x00000091b01c0000)]
  0x00000091b3d9b800 JavaThread "Asynchronous log dispatcher for DefaultDaemonConnection: socket connection from /127.0.0.1:60544 to /127.0.0.1:60597" [_thread_blocked, id=1616, stack(0x00000091b01c0000,0x00000091b02c0000)]
  0x00000091b3d9e000 JavaThread "Stdin handler" [_thread_blocked, id=6792, stack(0x00000091b0cc0000,0x00000091b0dc0000)]
  0x00000091b3da0800 JavaThread "Daemon client event forwarder" [_thread_blocked, id=4688, stack(0x00000091b0dc0000,0x00000091b0ec0000)]
  0x00000091b3da1800 JavaThread "Cache worker for file hash cache (E:\Zaki\AndroidStudioProjects\SalvageAuctionIndia\.gradle\7.0.2\fileHashes)" [_thread_blocked, id=3960, stack(0x00000091b0ec0000,0x00000091b0fc0000)]
  0x00000091b3d9f000 JavaThread "Cache worker for checksums cache (E:\Zaki\AndroidStudioProjects\SalvageAuctionIndia\.gradle\checksums)" [_thread_blocked, id=5268, stack(0x00000091b1260000,0x00000091b1360000)]
  0x00000091b3da4000 JavaThread "Cache worker for cache directory md-supplier (C:\Users\zaki1\.gradle\caches\7.0.2\md-supplier)" [_thread_blocked, id=5612, stack(0x00000091b1560000,0x00000091b1660000)]
  0x00000091b3da2000 JavaThread "Cache worker for cache directory md-rule (C:\Users\zaki1\.gradle\caches\7.0.2\md-rule)" [_thread_blocked, id=5708, stack(0x00000091b3030000,0x00000091b3130000)]
  0x00000091b3da4800 JavaThread "Cache worker for dependencies-accessors (E:\Zaki\AndroidStudioProjects\SalvageAuctionIndia\.gradle\7.0.2\dependencies-accessors)" [_thread_blocked, id=6184, stack(0x00000091b3760000,0x00000091b3860000)]
  0x00000091b3da3000 JavaThread "Cache worker for Build Output Cleanup Cache (E:\Zaki\AndroidStudioProjects\SalvageAuctionIndia\.gradle\buildOutputCleanup)" [_thread_blocked, id=2872, stack(0x00000091b4c00000,0x00000091b4d00000)]
  0x00000091b3da5800 JavaThread "Build operations" [_thread_blocked, id=5628, stack(0x00000091b5020000,0x00000091b5120000)]
  0x00000091b3da8000 JavaThread "Build operations Thread 2" [_thread_blocked, id=6052, stack(0x00000091b5420000,0x00000091b5520000)]
  0x00000091b3da8800 JavaThread "Build operations Thread 3" [_thread_blocked, id=6364, stack(0x00000091b8740000,0x00000091b8840000)]
  0x00000091b3da6800 JavaThread "Build operations Thread 4" [_thread_blocked, id=3832, stack(0x00000091b89a0000,0x00000091b8aa0000)]
  0x00000091b3da9800 JavaThread "build event listener" [_thread_blocked, id=6624, stack(0x00000091b8aa0000,0x00000091b8ba0000)]
  0x00000091b3da7000 JavaThread "pool-9-thread-1" [_thread_blocked, id=3644, stack(0x00000091b8ca0000,0x00000091b8da0000)]
  0x00000091ac421000 JavaThread "build event listener" [_thread_blocked, id=6072, stack(0x00000091b8da0000,0x00000091b8ea0000)]
  0x00000091ac422000 JavaThread "Execution worker for ':'" [_thread_blocked, id=5824, stack(0x00000091b9bb0000,0x00000091b9cb0000)]
  0x00000091ac420800 JavaThread "Execution worker for ':' Thread 2" [_thread_blocked, id=6716, stack(0x00000091b9cb0000,0x00000091b9db0000)]
  0x00000091ac42b800 JavaThread "Execution worker for ':' Thread 3" [_thread_blocked, id=3524, stack(0x00000091b9db0000,0x00000091b9eb0000)]
  0x00000091ac42c800 JavaThread "Cache worker for execution history cache (E:\Zaki\AndroidStudioProjects\SalvageAuctionIndia\.gradle\7.0.2\executionHistory)" [_thread_blocked, id=6740, stack(0x00000091b9eb0000,0x00000091b9fb0000)]
  0x00000091ac42a000 JavaThread "WorkerExecutor Queue" [_thread_blocked, id=1412, stack(0x00000091b4d00000,0x00000091b4e00000)]
  0x00000091ac42b000 JavaThread "WorkerExecutor Queue Thread 2" [_thread_blocked, id=4720, stack(0x00000091b9fb0000,0x00000091ba0b0000)]
  0x00000091ac42e000 JavaThread "WorkerExecutor Queue Thread 3" [_thread_blocked, id=5540, stack(0x00000091ba0b0000,0x00000091ba1b0000)]
  0x00000091b484f000 JavaThread "WorkerExecutor Queue Thread 4" [_thread_blocked, id=4052, stack(0x00000091ba1b0000,0x00000091ba2b0000)]
  0x00000091ac28b800 JavaThread "C2 CompilerThread1" daemon [_thread_in_native, id=4704, stack(0x00000091b98a0000,0x00000091b99a0000)]

Other Threads:
  0x00000091aa116800 VMThread "VM Thread" [stack: 0x00000091aa510000,0x00000091aa610000] [id=5592]
  0x00000091aa324800 WatcherThread [stack: 0x00000091aaf10000,0x00000091ab010000] [id=5460]
  0x000000918f81e800 GCTaskThread "GC Thread#0" [stack: 0x000000918f190000,0x000000918f290000] [id=5660]
  0x00000091ab231000 GCTaskThread "GC Thread#1" [stack: 0x00000091ac8e0000,0x00000091ac9e0000] [id=6336]
  0x00000091abd53000 GCTaskThread "GC Thread#2" [stack: 0x00000091b03c0000,0x00000091b04c0000] [id=4740]
  0x00000091adbae800 GCTaskThread "GC Thread#3" [stack: 0x00000091b04c0000,0x00000091b05c0000] [id=5208]
  0x000000918f84f800 ConcurrentGCThread "G1 Main Marker" [stack: 0x00000091a6ec0000,0x00000091a6fc0000] [id=5664]
  0x000000918f851000 ConcurrentGCThread "G1 Conc#0" [stack: 0x00000091a6fc0000,0x00000091a70c0000] [id=6836]
  0x00000091a9545800 ConcurrentGCThread "G1 Refine#0" [stack: 0x00000091a9710000,0x00000091a9810000] [id=7036]
  0x00000091a9547000 ConcurrentGCThread "G1 Young RemSet Sampling" [stack: 0x00000091a9810000,0x00000091a9910000] [id=5380]

Threads with active compile tasks:
C2 CompilerThread0 290636 17540       4       sun.reflect.generics.parser.SignatureParser::parsePackageNameAndSimpleClassTypeSignature (119 bytes)

VM state:not at safepoint (normal execution)

VM Mutex/Monitor currently owned by a thread: None

Heap address: 0x0000000080000000, size: 2048 MB, Compressed Oops mode: 32-bit
Narrow klass base: 0x0000000000000000, Narrow klass shift: 3
Compressed class space size: 1073741824 Address: 0x0000000100000000

Heap:
 garbage-first heap   total 268288K, used 121414K [0x0000000080000000, 0x0000000100000000)
  region size 1024K, 6 young (6144K), 2 survivors (2048K)
 Metaspace       used 108475K, capacity 110910K, committed 111128K, reserved 1146880K
  class space    used 13195K, capacity 14072K, committed 14104K, reserved 1048576K
Heap Regions: E=young(eden), S=young(survivor), O=old, HS=humongous(starts), HC=humongous(continues), CS=collection set, F=free, A=archive, TAMS=top-at-mark-start (previous, next)
|   0|0x0000000080000000, 0x0000000080100000, 0x0000000080100000|100%| O|  |TAMS 0x0000000080100000, 0x0000000080000000| Untracked 
|   1|0x0000000080100000, 0x0000000080200000, 0x0000000080200000|100%| O|  |TAMS 0x0000000080200000, 0x0000000080100000| Untracked 
|   2|0x0000000080200000, 0x0000000080300000, 0x0000000080300000|100%| O|  |TAMS 0x0000000080300000, 0x0000000080200000| Untracked 
|   3|0x0000000080300000, 0x0000000080400000, 0x0000000080400000|100%|HS|  |TAMS 0x0000000080400000, 0x0000000080300000| Complete 
|   4|0x0000000080400000, 0x0000000080500000, 0x0000000080500000|100%|HC|  |TAMS 0x0000000080500000, 0x0000000080400000| Complete 
|   5|0x0000000080500000, 0x0000000080600000, 0x0000000080600000|100%|HC|  |TAMS 0x0000000080600000, 0x0000000080500000| Complete 
|   6|0x0000000080600000, 0x0000000080700000, 0x0000000080700000|100%| O|  |TAMS 0x0000000080700000, 0x0000000080600000| Untracked 
|   7|0x0000000080700000, 0x0000000080800000, 0x0000000080800000|100%| O|  |TAMS 0x0000000080800000, 0x0000000080700000| Untracked 
|   8|0x0000000080800000, 0x0000000080900000, 0x0000000080900000|100%| O|  |TAMS 0x0000000080900000, 0x0000000080800000| Untracked 
|   9|0x0000000080900000, 0x0000000080a00000, 0x0000000080a00000|100%| O|  |TAMS 0x0000000080a00000, 0x0000000080900000| Untracked 
|  10|0x0000000080a00000, 0x0000000080b00000, 0x0000000080b00000|100%| O|  |TAMS 0x0000000080b00000, 0x0000000080a00000| Untracked 
|  11|0x0000000080b00000, 0x0000000080c00000, 0x0000000080c00000|100%| O|  |TAMS 0x0000000080c00000, 0x0000000080b00000| Untracked 
|  12|0x0000000080c00000, 0x0000000080d00000, 0x0000000080d00000|100%| O|  |TAMS 0x0000000080d00000, 0x0000000080c00000| Untracked 
|  13|0x0000000080d00000, 0x0000000080e00000, 0x0000000080e00000|100%| O|  |TAMS 0x0000000080e00000, 0x0000000080d00000| Untracked 
|  14|0x0000000080e00000, 0x0000000080f00000, 0x0000000080f00000|100%| O|  |TAMS 0x0000000080f00000, 0x0000000080e00000| Untracked 
|  15|0x0000000080f00000, 0x0000000081000000, 0x0000000081000000|100%| O|  |TAMS 0x0000000081000000, 0x0000000080f00000| Untracked 
|  16|0x0000000081000000, 0x0000000081100000, 0x0000000081100000|100%|HS|  |TAMS 0x0000000081100000, 0x0000000081000000| Complete 
|  17|0x0000000081100000, 0x0000000081200000, 0x0000000081200000|100%| O|  |TAMS 0x0000000081200000, 0x0000000081100000| Untracked 
|  18|0x0000000081200000, 0x0000000081300000, 0x0000000081300000|100%| O|  |TAMS 0x0000000081300000, 0x0000000081200000| Untracked 
|  19|0x0000000081300000, 0x0000000081400000, 0x0000000081400000|100%| O|  |TAMS 0x0000000081400000, 0x0000000081300000| Untracked 
|  20|0x0000000081400000, 0x0000000081500000, 0x0000000081500000|100%| O|  |TAMS 0x0000000081500000, 0x0000000081400000| Untracked 
|  21|0x0000000081500000, 0x0000000081600000, 0x0000000081600000|100%| O|  |TAMS 0x0000000081600000, 0x0000000081500000| Untracked 
|  22|0x0000000081600000, 0x0000000081700000, 0x0000000081700000|100%| O|  |TAMS 0x0000000081700000, 0x0000000081600000| Untracked 
|  23|0x0000000081700000, 0x0000000081800000, 0x0000000081800000|100%|HS|  |TAMS 0x0000000081800000, 0x0000000081700000| Complete 
|  24|0x0000000081800000, 0x0000000081900000, 0x0000000081900000|100%|HS|  |TAMS 0x0000000081900000, 0x0000000081800000| Complete 
|  25|0x0000000081900000, 0x0000000081a00000, 0x0000000081a00000|100%|HS|  |TAMS 0x0000000081a00000, 0x0000000081900000| Complete 
|  26|0x0000000081a00000, 0x0000000081b00000, 0x0000000081b00000|100%|HC|  |TAMS 0x0000000081b00000, 0x0000000081a00000| Complete 
|  27|0x0000000081b00000, 0x0000000081c00000, 0x0000000081c00000|100%|HC|  |TAMS 0x0000000081c00000, 0x0000000081b00000| Complete 
|  28|0x0000000081c00000, 0x0000000081d00000, 0x0000000081d00000|100%|HS|  |TAMS 0x0000000081d00000, 0x0000000081c00000| Complete 
|  29|0x0000000081d00000, 0x0000000081e00000, 0x0000000081e00000|100%|HC|  |TAMS 0x0000000081e00000, 0x0000000081d00000| Complete 
|  30|0x0000000081e00000, 0x0000000081f00000, 0x0000000081f00000|100%| O|  |TAMS 0x0000000081f00000, 0x0000000081e00000| Untracked 
|  31|0x0000000081f00000, 0x0000000082000000, 0x0000000082000000|100%| O|  |TAMS 0x0000000082000000, 0x0000000081f00000| Untracked 
|  32|0x0000000082000000, 0x0000000082100000, 0x0000000082100000|100%| O|  |TAMS 0x0000000082100000, 0x0000000082000000| Untracked 
|  33|0x0000000082100000, 0x0000000082200000, 0x0000000082200000|100%| O|  |TAMS 0x0000000082200000, 0x0000000082100000| Untracked 
|  34|0x0000000082200000, 0x0000000082300000, 0x0000000082300000|100%| O|  |TAMS 0x0000000082300000, 0x0000000082200000| Untracked 
|  35|0x0000000082300000, 0x0000000082400000, 0x0000000082400000|100%| O|  |TAMS 0x0000000082300000, 0x0000000082300000| Untracked 
|  36|0x0000000082400000, 0x0000000082500000, 0x0000000082500000|100%| O|  |TAMS 0x0000000082400000, 0x0000000082400000| Untracked 
|  37|0x0000000082500000, 0x0000000082600000, 0x0000000082600000|100%| O|  |TAMS 0x0000000082600000, 0x0000000082500000| Untracked 
|  38|0x0000000082600000, 0x0000000082700000, 0x0000000082700000|100%| O|  |TAMS 0x0000000082700000, 0x0000000082600000| Untracked 
|  39|0x0000000082700000, 0x0000000082800000, 0x0000000082800000|100%| O|  |TAMS 0x0000000082800000, 0x0000000082700000| Untracked 
|  40|0x0000000082800000, 0x0000000082900000, 0x0000000082900000|100%| O|  |TAMS 0x0000000082900000, 0x0000000082800000| Untracked 
|  41|0x0000000082900000, 0x0000000082a00000, 0x0000000082a00000|100%| O|  |TAMS 0x0000000082a00000, 0x0000000082900000| Untracked 
|  42|0x0000000082a00000, 0x0000000082b00000, 0x0000000082b00000|100%| O|  |TAMS 0x0000000082b00000, 0x0000000082a00000| Untracked 
|  43|0x0000000082b00000, 0x0000000082c00000, 0x0000000082c00000|100%| O|  |TAMS 0x0000000082c00000, 0x0000000082b00000| Untracked 
|  44|0x0000000082c00000, 0x0000000082d00000, 0x0000000082d00000|100%| O|  |TAMS 0x0000000082d00000, 0x0000000082c00000| Untracked 
|  45|0x0000000082d00000, 0x0000000082e00000, 0x0000000082e00000|100%| O|  |TAMS 0x0000000082e00000, 0x0000000082d00000| Untracked 
|  46|0x0000000082e00000, 0x0000000082f00000, 0x0000000082f00000|100%| O|  |TAMS 0x0000000082f00000, 0x0000000082e00000| Untracked 
|  47|0x0000000082f00000, 0x0000000083000000, 0x0000000083000000|100%| O|  |TAMS 0x0000000083000000, 0x0000000082f00000| Untracked 
|  48|0x0000000083000000, 0x0000000083100000, 0x0000000083100000|100%| O|  |TAMS 0x0000000083100000, 0x0000000083000000| Untracked 
|  49|0x0000000083100000, 0x0000000083200000, 0x0000000083200000|100%| O|  |TAMS 0x0000000083200000, 0x0000000083100000| Untracked 
|  50|0x0000000083200000, 0x0000000083300000, 0x0000000083300000|100%| O|  |TAMS 0x0000000083300000, 0x0000000083200000| Untracked 
|  51|0x0000000083300000, 0x0000000083400000, 0x0000000083400000|100%| O|  |TAMS 0x0000000083400000, 0x0000000083300000| Untracked 
|  52|0x0000000083400000, 0x0000000083500000, 0x0000000083500000|100%| O|  |TAMS 0x0000000083500000, 0x0000000083400000| Untracked 
|  53|0x0000000083500000, 0x0000000083600000, 0x0000000083600000|100%| O|  |TAMS 0x0000000083600000, 0x0000000083500000| Untracked 
|  54|0x0000000083600000, 0x0000000083700000, 0x0000000083700000|100%| O|  |TAMS 0x0000000083600000, 0x0000000083600000| Untracked 
|  55|0x0000000083700000, 0x0000000083800000, 0x0000000083800000|100%| O|  |TAMS 0x0000000083800000, 0x0000000083700000| Untracked 
|  56|0x0000000083800000, 0x0000000083900000, 0x0000000083900000|100%| O|  |TAMS 0x0000000083900000, 0x0000000083800000| Untracked 
|  57|0x0000000083900000, 0x0000000083a00000, 0x0000000083a00000|100%| O|  |TAMS 0x0000000083a00000, 0x0000000083900000| Untracked 
|  58|0x0000000083a00000, 0x0000000083b00000, 0x0000000083b00000|100%| O|  |TAMS 0x0000000083b00000, 0x0000000083a00000| Untracked 
|  59|0x0000000083b00000, 0x0000000083c00000, 0x0000000083c00000|100%| O|  |TAMS 0x0000000083c00000, 0x0000000083b00000| Untracked 
|  60|0x0000000083c00000, 0x0000000083d00000, 0x0000000083d00000|100%| O|  |TAMS 0x0000000083d00000, 0x0000000083c00000| Untracked 
|  61|0x0000000083d00000, 0x0000000083e00000, 0x0000000083e00000|100%| O|  |TAMS 0x0000000083e00000, 0x0000000083d00000| Untracked 
|  62|0x0000000083e00000, 0x0000000083e00000, 0x0000000083f00000|  0%| F|  |TAMS 0x0000000083e00000, 0x0000000083e00000| Untracked 
|  63|0x0000000083f00000, 0x0000000084000000, 0x0000000084000000|100%| O|  |TAMS 0x0000000084000000, 0x0000000083f00000| Untracked 
|  64|0x0000000084000000, 0x0000000084100000, 0x0000000084100000|100%| O|  |TAMS 0x0000000084100000, 0x0000000084000000| Untracked 
|  65|0x0000000084100000, 0x0000000084200000, 0x0000000084200000|100%| O|  |TAMS 0x0000000084200000, 0x0000000084100000| Untracked 
|  66|0x0000000084200000, 0x0000000084300000, 0x0000000084300000|100%| O|  |TAMS 0x0000000084300000, 0x0000000084200000| Untracked 
|  67|0x0000000084300000, 0x0000000084400000, 0x0000000084400000|100%| O|  |TAMS 0x0000000084400000, 0x0000000084300000| Untracked 
|  68|0x0000000084400000, 0x0000000084500000, 0x0000000084500000|100%| O|  |TAMS 0x0000000084500000, 0x0000000084400000| Untracked 
|  69|0x0000000084500000, 0x0000000084600000, 0x0000000084600000|100%| O|  |TAMS 0x0000000084600000, 0x0000000084500000| Untracked 
|  70|0x0000000084600000, 0x0000000084700000, 0x0000000084700000|100%| O|  |TAMS 0x0000000084700000, 0x0000000084600000| Untracked 
|  71|0x0000000084700000, 0x0000000084800000, 0x0000000084800000|100%| O|  |TAMS 0x0000000084800000, 0x0000000084700000| Untracked 
|  72|0x0000000084800000, 0x0000000084900000, 0x0000000084900000|100%| O|  |TAMS 0x0000000084900000, 0x0000000084800000| Untracked 
|  73|0x0000000084900000, 0x0000000084a00000, 0x0000000084a00000|100%| O|  |TAMS 0x0000000084a00000, 0x0000000084900000| Untracked 
|  74|0x0000000084a00000, 0x0000000084b00000, 0x0000000084b00000|100%| O|  |TAMS 0x0000000084b00000, 0x0000000084a00000| Untracked 
|  75|0x0000000084b00000, 0x0000000084c00000, 0x0000000084c00000|100%| O|  |TAMS 0x0000000084c00000, 0x0000000084b00000| Untracked 
|  76|0x0000000084c00000, 0x0000000084d00000, 0x0000000084d00000|100%| O|  |TAMS 0x0000000084d00000, 0x0000000084c00000| Untracked 
|  77|0x0000000084d00000, 0x0000000084e00000, 0x0000000084e00000|100%| O|  |TAMS 0x0000000084e00000, 0x0000000084d00000| Untracked 
|  78|0x0000000084e00000, 0x0000000084e91a00, 0x0000000084f00000| 56%| O|  |TAMS 0x0000000084e00000, 0x0000000084e00000| Untracked 
|  79|0x0000000084f00000, 0x0000000085000000, 0x0000000085000000|100%| O|  |TAMS 0x0000000085000000, 0x0000000084f00000| Untracked 
|  80|0x0000000085000000, 0x0000000085100000, 0x0000000085100000|100%| O|  |TAMS 0x0000000085100000, 0x0000000085000000| Untracked 
|  81|0x0000000085100000, 0x0000000085200000, 0x0000000085200000|100%| O|  |TAMS 0x0000000085200000, 0x0000000085100000| Untracked 
|  82|0x0000000085200000, 0x0000000085300000, 0x0000000085300000|100%| O|  |TAMS 0x0000000085300000, 0x0000000085200000| Untracked 
|  83|0x0000000085300000, 0x0000000085400000, 0x0000000085400000|100%| O|  |TAMS 0x0000000085400000, 0x0000000085300000| Untracked 
|  84|0x0000000085400000, 0x0000000085400000, 0x0000000085500000|  0%| F|  |TAMS 0x0000000085400000, 0x0000000085400000| Untracked 
|  85|0x0000000085500000, 0x0000000085500000, 0x0000000085600000|  0%| F|  |TAMS 0x0000000085500000, 0x0000000085500000| Untracked 
|  86|0x0000000085600000, 0x0000000085700000, 0x0000000085700000|100%| O|  |TAMS 0x0000000085700000, 0x0000000085600000| Untracked 
|  87|0x0000000085700000, 0x0000000085700000, 0x0000000085800000|  0%| F|  |TAMS 0x0000000085700000, 0x0000000085700000| Untracked 
|  88|0x0000000085800000, 0x0000000085800000, 0x0000000085900000|  0%| F|  |TAMS 0x0000000085800000, 0x0000000085800000| Untracked 
|  89|0x0000000085900000, 0x0000000085a00000, 0x0000000085a00000|100%| O|  |TAMS 0x0000000085a00000, 0x0000000085900000| Untracked 
|  90|0x0000000085a00000, 0x0000000085b00000, 0x0000000085b00000|100%| O|  |TAMS 0x0000000085b00000, 0x0000000085a00000| Untracked 
|  91|0x0000000085b00000, 0x0000000085c00000, 0x0000000085c00000|100%| O|  |TAMS 0x0000000085c00000, 0x0000000085b00000| Untracked 
|  92|0x0000000085c00000, 0x0000000085d00000, 0x0000000085d00000|100%| O|  |TAMS 0x0000000085d00000, 0x0000000085c00000| Untracked 
|  93|0x0000000085d00000, 0x0000000085e00000, 0x0000000085e00000|100%| O|  |TAMS 0x0000000085e00000, 0x0000000085d00000| Untracked 
|  94|0x0000000085e00000, 0x0000000085f00000, 0x0000000085f00000|100%| O|  |TAMS 0x0000000085f00000, 0x0000000085e00000| Untracked 
|  95|0x0000000085f00000, 0x0000000086000000, 0x0000000086000000|100%| O|  |TAMS 0x0000000086000000, 0x0000000085f00000| Untracked 
|  96|0x0000000086000000, 0x0000000086100000, 0x0000000086100000|100%| O|  |TAMS 0x0000000086100000, 0x0000000086000000| Untracked 
|  97|0x0000000086100000, 0x0000000086200000, 0x0000000086200000|100%| O|  |TAMS 0x0000000086200000, 0x0000000086100000| Untracked 
|  98|0x0000000086200000, 0x0000000086300000, 0x0000000086300000|100%| O|  |TAMS 0x0000000086300000, 0x0000000086200000| Untracked 
|  99|0x0000000086300000, 0x0000000086400000, 0x0000000086400000|100%| O|  |TAMS 0x0000000086400000, 0x0000000086300000| Untracked 
| 100|0x0000000086400000, 0x0000000086500000, 0x0000000086500000|100%| O|  |TAMS 0x0000000086500000, 0x0000000086400000| Untracked 
| 101|0x0000000086500000, 0x0000000086600000, 0x0000000086600000|100%| O|  |TAMS 0x0000000086600000, 0x0000000086500000| Untracked 
| 102|0x0000000086600000, 0x0000000086600000, 0x0000000086700000|  0%| F|  |TAMS 0x0000000086600000, 0x0000000086600000| Untracked 
| 103|0x0000000086700000, 0x0000000086800000, 0x0000000086800000|100%| O|  |TAMS 0x0000000086800000, 0x0000000086700000| Untracked 
| 104|0x0000000086800000, 0x0000000086800000, 0x0000000086900000|  0%| F|  |TAMS 0x0000000086800000, 0x0000000086800000| Untracked 
| 105|0x0000000086900000, 0x0000000086a00000, 0x0000000086a00000|100%| O|  |TAMS 0x0000000086a00000, 0x0000000086900000| Untracked 
| 106|0x0000000086a00000, 0x0000000086b00000, 0x0000000086b00000|100%| O|  |TAMS 0x0000000086b00000, 0x0000000086a00000| Untracked 
| 107|0x0000000086b00000, 0x0000000086c00000, 0x0000000086c00000|100%| O|  |TAMS 0x0000000086c00000, 0x0000000086b00000| Untracked 
| 108|0x0000000086c00000, 0x0000000086c00000, 0x0000000086d00000|  0%| F|  |TAMS 0x0000000086c00000, 0x0000000086c00000| Untracked 
| 109|0x0000000086d00000, 0x0000000086e00000, 0x0000000086e00000|100%| O|  |TAMS 0x0000000086e00000, 0x0000000086d00000| Untracked 
| 110|0x0000000086e00000, 0x0000000086e00000, 0x0000000086f00000|  0%| F|  |TAMS 0x0000000086e00000, 0x0000000086e00000| Untracked 
| 111|0x0000000086f00000, 0x0000000086f00000, 0x0000000087000000|  0%| F|  |TAMS 0x0000000086f00000, 0x0000000086f00000| Untracked 
| 112|0x0000000087000000, 0x0000000087100000, 0x0000000087100000|100%| O|  |TAMS 0x0000000087100000, 0x0000000087000000| Untracked 
| 113|0x0000000087100000, 0x0000000087100000, 0x0000000087200000|  0%| F|  |TAMS 0x0000000087100000, 0x0000000087100000| Untracked 
| 114|0x0000000087200000, 0x0000000087300000, 0x0000000087300000|100%| O|  |TAMS 0x0000000087300000, 0x0000000087200000| Untracked 
| 115|0x0000000087300000, 0x0000000087400000, 0x0000000087400000|100%| O|  |TAMS 0x0000000087400000, 0x0000000087300000| Untracked 
| 116|0x0000000087400000, 0x0000000087400000, 0x0000000087500000|  0%| F|  |TAMS 0x0000000087400000, 0x0000000087400000| Untracked 
| 117|0x0000000087500000, 0x0000000087500000, 0x0000000087600000|  0%| F|  |TAMS 0x0000000087500000, 0x0000000087500000| Untracked 
| 118|0x0000000087600000, 0x0000000087700000, 0x0000000087700000|100%| O|  |TAMS 0x0000000087700000, 0x0000000087600000| Untracked 
| 119|0x0000000087700000, 0x0000000087800000, 0x0000000087800000|100%| O|  |TAMS 0x0000000087800000, 0x0000000087700000| Untracked 
| 120|0x0000000087800000, 0x0000000087900000, 0x0000000087900000|100%| O|  |TAMS 0x0000000087900000, 0x0000000087800000| Untracked 
| 121|0x0000000087900000, 0x0000000087a00000, 0x0000000087a00000|100%| O|  |TAMS 0x0000000087a00000, 0x0000000087900000| Untracked 
| 122|0x0000000087a00000, 0x0000000087b00000, 0x0000000087b00000|100%| O|  |TAMS 0x0000000087a56200, 0x0000000087a00000| Untracked 
| 123|0x0000000087b00000, 0x0000000087b00000, 0x0000000087c00000|  0%| F|  |TAMS 0x0000000087b00000, 0x0000000087b00000| Untracked 
| 124|0x0000000087c00000, 0x0000000087c00000, 0x0000000087d00000|  0%| F|  |TAMS 0x0000000087c00000, 0x0000000087c00000| Untracked 
| 125|0x0000000087d00000, 0x0000000087d00000, 0x0000000087e00000|  0%| F|  |TAMS 0x0000000087d00000, 0x0000000087d00000| Untracked 
| 126|0x0000000087e00000, 0x0000000087e00000, 0x0000000087f00000|  0%| F|  |TAMS 0x0000000087e00000, 0x0000000087e00000| Untracked 
| 127|0x0000000087f00000, 0x0000000087f00000, 0x0000000088000000|  0%| F|  |TAMS 0x0000000087f00000, 0x0000000087f00000| Untracked 
| 128|0x0000000088000000, 0x0000000088000000, 0x0000000088100000|  0%| F|  |TAMS 0x0000000088000000, 0x0000000088000000| Untracked 
| 129|0x0000000088100000, 0x0000000088100000, 0x0000000088200000|  0%| F|  |TAMS 0x0000000088100000, 0x0000000088100000| Untracked 
| 130|0x0000000088200000, 0x0000000088300000, 0x0000000088300000|100%| O|  |TAMS 0x0000000088300000, 0x0000000088200000| Untracked 
| 131|0x0000000088300000, 0x0000000088400000, 0x0000000088400000|100%| O|  |TAMS 0x0000000088400000, 0x0000000088300000| Untracked 
| 132|0x0000000088400000, 0x0000000088400000, 0x0000000088500000|  0%| F|  |TAMS 0x0000000088400000, 0x0000000088400000| Untracked 
| 133|0x0000000088500000, 0x0000000088600000, 0x0000000088600000|100%| O|  |TAMS 0x0000000088600000, 0x0000000088500000| Untracked 
| 134|0x0000000088600000, 0x0000000088700000, 0x0000000088700000|100%| O|  |TAMS 0x0000000088700000, 0x0000000088600000| Untracked 
| 135|0x0000000088700000, 0x0000000088700000, 0x0000000088800000|  0%| F|  |TAMS 0x0000000088700000, 0x0000000088700000| Untracked 
| 136|0x0000000088800000, 0x0000000088800000, 0x0000000088900000|  0%| F|  |TAMS 0x0000000088800000, 0x0000000088800000| Untracked 
| 137|0x0000000088900000, 0x0000000088900000, 0x0000000088a00000|  0%| F|  |TAMS 0x0000000088900000, 0x0000000088900000| Untracked 
| 138|0x0000000088a00000, 0x0000000088a00000, 0x0000000088b00000|  0%| F|  |TAMS 0x0000000088a00000, 0x0000000088a00000| Untracked 
| 139|0x0000000088b00000, 0x0000000088b00000, 0x0000000088c00000|  0%| F|  |TAMS 0x0000000088b00000, 0x0000000088b00000| Untracked 
| 140|0x0000000088c00000, 0x0000000088c00000, 0x0000000088d00000|  0%| F|  |TAMS 0x0000000088c00000, 0x0000000088c00000| Untracked 
| 141|0x0000000088d00000, 0x0000000088d00000, 0x0000000088e00000|  0%| F|  |TAMS 0x0000000088d00000, 0x0000000088d00000| Untracked 
| 142|0x0000000088e00000, 0x0000000088e00000, 0x0000000088f00000|  0%| F|  |TAMS 0x0000000088e00000, 0x0000000088e00000| Untracked 
| 143|0x0000000088f00000, 0x0000000088f00000, 0x0000000089000000|  0%| F|  |TAMS 0x0000000088f00000, 0x0000000088f00000| Untracked 
| 144|0x0000000089000000, 0x0000000089000000, 0x0000000089100000|  0%| F|  |TAMS 0x0000000089000000, 0x0000000089000000| Untracked 
| 145|0x0000000089100000, 0x0000000089100000, 0x0000000089200000|  0%| F|  |TAMS 0x0000000089100000, 0x0000000089100000| Untracked 
| 146|0x0000000089200000, 0x0000000089200000, 0x0000000089300000|  0%| F|  |TAMS 0x0000000089200000, 0x0000000089200000| Untracked 
| 147|0x0000000089300000, 0x0000000089300000, 0x0000000089400000|  0%| F|  |TAMS 0x0000000089300000, 0x0000000089300000| Untracked 
| 148|0x0000000089400000, 0x0000000089400000, 0x0000000089500000|  0%| F|  |TAMS 0x0000000089400000, 0x0000000089400000| Untracked 
| 149|0x0000000089500000, 0x0000000089500000, 0x0000000089600000|  0%| F|  |TAMS 0x0000000089500000, 0x0000000089500000| Untracked 
| 150|0x0000000089600000, 0x0000000089600000, 0x0000000089700000|  0%| F|  |TAMS 0x0000000089600000, 0x0000000089600000| Untracked 
| 151|0x0000000089700000, 0x0000000089700000, 0x0000000089800000|  0%| F|  |TAMS 0x0000000089700000, 0x0000000089700000| Untracked 
| 152|0x0000000089800000, 0x0000000089800000, 0x0000000089900000|  0%| F|  |TAMS 0x0000000089800000, 0x0000000089800000| Untracked 
| 153|0x0000000089900000, 0x0000000089900000, 0x0000000089a00000|  0%| F|  |TAMS 0x0000000089900000, 0x0000000089900000| Untracked 
| 154|0x0000000089a00000, 0x0000000089a00000, 0x0000000089b00000|  0%| F|  |TAMS 0x0000000089a00000, 0x0000000089a00000| Untracked 
| 155|0x0000000089b00000, 0x0000000089b00000, 0x0000000089c00000|  0%| F|  |TAMS 0x0000000089b00000, 0x0000000089b00000| Untracked 
| 156|0x0000000089c00000, 0x0000000089c00000, 0x0000000089d00000|  0%| F|  |TAMS 0x0000000089c00000, 0x0000000089c00000| Untracked 
| 157|0x0000000089d00000, 0x0000000089d00000, 0x0000000089e00000|  0%| F|  |TAMS 0x0000000089d00000, 0x0000000089d00000| Untracked 
| 158|0x0000000089e00000, 0x0000000089e00000, 0x0000000089f00000|  0%| F|  |TAMS 0x0000000089e00000, 0x0000000089e00000| Untracked 
| 159|0x0000000089f00000, 0x0000000089f00000, 0x000000008a000000|  0%| F|  |TAMS 0x0000000089f00000, 0x0000000089f00000| Untracked 
| 160|0x000000008a000000, 0x000000008a000000, 0x000000008a100000|  0%| F|  |TAMS 0x000000008a000000, 0x000000008a000000| Untracked 
| 161|0x000000008a100000, 0x000000008a100000, 0x000000008a200000|  0%| F|  |TAMS 0x000000008a100000, 0x000000008a100000| Untracked 
| 162|0x000000008a200000, 0x000000008a200000, 0x000000008a300000|  0%| F|  |TAMS 0x000000008a200000, 0x000000008a200000| Untracked 
| 163|0x000000008a300000, 0x000000008a300000, 0x000000008a400000|  0%| F|  |TAMS 0x000000008a300000, 0x000000008a300000| Untracked 
| 164|0x000000008a400000, 0x000000008a400000, 0x000000008a500000|  0%| F|  |TAMS 0x000000008a400000, 0x000000008a400000| Untracked 
| 165|0x000000008a500000, 0x000000008a500000, 0x000000008a600000|  0%| F|  |TAMS 0x000000008a500000, 0x000000008a500000| Untracked 
| 166|0x000000008a600000, 0x000000008a600000, 0x000000008a700000|  0%| F|  |TAMS 0x000000008a600000, 0x000000008a600000| Untracked 
| 167|0x000000008a700000, 0x000000008a700000, 0x000000008a800000|  0%| F|  |TAMS 0x000000008a700000, 0x000000008a700000| Untracked 
| 168|0x000000008a800000, 0x000000008a800000, 0x000000008a900000|  0%| F|  |TAMS 0x000000008a800000, 0x000000008a800000| Untracked 
| 169|0x000000008a900000, 0x000000008a900000, 0x000000008aa00000|  0%| F|  |TAMS 0x000000008a900000, 0x000000008a900000| Untracked 
| 170|0x000000008aa00000, 0x000000008aa00000, 0x000000008ab00000|  0%| F|  |TAMS 0x000000008aa00000, 0x000000008aa00000| Untracked 
| 171|0x000000008ab00000, 0x000000008ab00000, 0x000000008ac00000|  0%| F|  |TAMS 0x000000008ab00000, 0x000000008ab00000| Untracked 
| 172|0x000000008ac00000, 0x000000008ac00000, 0x000000008ad00000|  0%| F|  |TAMS 0x000000008ac00000, 0x000000008ac00000| Untracked 
| 173|0x000000008ad00000, 0x000000008ad00000, 0x000000008ae00000|  0%| F|  |TAMS 0x000000008ad00000, 0x000000008ad00000| Untracked 
| 174|0x000000008ae00000, 0x000000008ae00000, 0x000000008af00000|  0%| F|  |TAMS 0x000000008ae00000, 0x000000008ae00000| Untracked 
| 175|0x000000008af00000, 0x000000008af00000, 0x000000008b000000|  0%| F|  |TAMS 0x000000008af00000, 0x000000008af00000| Untracked 
| 176|0x000000008b000000, 0x000000008b000000, 0x000000008b100000|  0%| F|  |TAMS 0x000000008b000000, 0x000000008b000000| Untracked 
| 177|0x000000008b100000, 0x000000008b100000, 0x000000008b200000|  0%| F|  |TAMS 0x000000008b100000, 0x000000008b100000| Untracked 
| 178|0x000000008b200000, 0x000000008b200000, 0x000000008b300000|  0%| F|  |TAMS 0x000000008b200000, 0x000000008b200000| Untracked 
| 179|0x000000008b300000, 0x000000008b300000, 0x000000008b400000|  0%| F|  |TAMS 0x000000008b300000, 0x000000008b300000| Untracked 
| 180|0x000000008b400000, 0x000000008b400000, 0x000000008b500000|  0%| F|  |TAMS 0x000000008b400000, 0x000000008b400000| Untracked 
| 181|0x000000008b500000, 0x000000008b500000, 0x000000008b600000|  0%| F|  |TAMS 0x000000008b500000, 0x000000008b500000| Untracked 
| 182|0x000000008b600000, 0x000000008b600000, 0x000000008b700000|  0%| F|  |TAMS 0x000000008b600000, 0x000000008b600000| Untracked 
| 183|0x000000008b700000, 0x000000008b700000, 0x000000008b800000|  0%| F|  |TAMS 0x000000008b700000, 0x000000008b700000| Untracked 
| 184|0x000000008b800000, 0x000000008b800000, 0x000000008b900000|  0%| F|  |TAMS 0x000000008b800000, 0x000000008b800000| Untracked 
| 185|0x000000008b900000, 0x000000008b900000, 0x000000008ba00000|  0%| F|  |TAMS 0x000000008b900000, 0x000000008b900000| Untracked 
| 186|0x000000008ba00000, 0x000000008ba00000, 0x000000008bb00000|  0%| F|  |TAMS 0x000000008ba00000, 0x000000008ba00000| Untracked 
| 187|0x000000008bb00000, 0x000000008bb00000, 0x000000008bc00000|  0%| F|  |TAMS 0x000000008bb00000, 0x000000008bb00000| Untracked 
| 188|0x000000008bc00000, 0x000000008bc00000, 0x000000008bd00000|  0%| F|  |TAMS 0x000000008bc00000, 0x000000008bc00000| Untracked 
| 189|0x000000008bd00000, 0x000000008bd00000, 0x000000008be00000|  0%| F|  |TAMS 0x000000008bd00000, 0x000000008bd00000| Untracked 
| 190|0x000000008be00000, 0x000000008be00000, 0x000000008bf00000|  0%| F|  |TAMS 0x000000008be00000, 0x000000008be00000| Untracked 
| 191|0x000000008bf00000, 0x000000008bf00000, 0x000000008c000000|  0%| F|  |TAMS 0x000000008bf00000, 0x000000008bf00000| Untracked 
| 192|0x000000008c000000, 0x000000008c000000, 0x000000008c100000|  0%| F|  |TAMS 0x000000008c000000, 0x000000008c000000| Untracked 
| 193|0x000000008c100000, 0x000000008c100000, 0x000000008c200000|  0%| F|  |TAMS 0x000000008c100000, 0x000000008c100000| Untracked 
| 194|0x000000008c200000, 0x000000008c200000, 0x000000008c300000|  0%| F|  |TAMS 0x000000008c200000, 0x000000008c200000| Untracked 
| 195|0x000000008c300000, 0x000000008c300000, 0x000000008c400000|  0%| F|  |TAMS 0x000000008c300000, 0x000000008c300000| Untracked 
| 196|0x000000008c400000, 0x000000008c400000, 0x000000008c500000|  0%| F|  |TAMS 0x000000008c400000, 0x000000008c400000| Untracked 
| 197|0x000000008c500000, 0x000000008c500000, 0x000000008c600000|  0%| F|  |TAMS 0x000000008c500000, 0x000000008c500000| Untracked 
| 198|0x000000008c600000, 0x000000008c600000, 0x000000008c700000|  0%| F|  |TAMS 0x000000008c600000, 0x000000008c600000| Untracked 
| 199|0x000000008c700000, 0x000000008c700000, 0x000000008c800000|  0%| F|  |TAMS 0x000000008c700000, 0x000000008c700000| Untracked 
| 200|0x000000008c800000, 0x000000008c800000, 0x000000008c900000|  0%| F|  |TAMS 0x000000008c800000, 0x000000008c800000| Untracked 
| 201|0x000000008c900000, 0x000000008c900000, 0x000000008ca00000|  0%| F|  |TAMS 0x000000008c900000, 0x000000008c900000| Untracked 
| 202|0x000000008ca00000, 0x000000008ca00000, 0x000000008cb00000|  0%| F|  |TAMS 0x000000008ca00000, 0x000000008ca00000| Untracked 
| 203|0x000000008cb00000, 0x000000008cb00000, 0x000000008cc00000|  0%| F|  |TAMS 0x000000008cb00000, 0x000000008cb00000| Untracked 
| 204|0x000000008cc00000, 0x000000008cc00000, 0x000000008cd00000|  0%| F|  |TAMS 0x000000008cc00000, 0x000000008cc00000| Untracked 
| 205|0x000000008cd00000, 0x000000008cd00000, 0x000000008ce00000|  0%| F|  |TAMS 0x000000008cd00000, 0x000000008cd00000| Untracked 
| 206|0x000000008ce00000, 0x000000008ce00000, 0x000000008cf00000|  0%| F|  |TAMS 0x000000008ce00000, 0x000000008ce00000| Untracked 
| 207|0x000000008cf00000, 0x000000008cf00000, 0x000000008d000000|  0%| F|  |TAMS 0x000000008cf00000, 0x000000008cf00000| Untracked 
| 208|0x000000008d000000, 0x000000008d000000, 0x000000008d100000|  0%| F|  |TAMS 0x000000008d000000, 0x000000008d000000| Untracked 
| 209|0x000000008d100000, 0x000000008d100000, 0x000000008d200000|  0%| F|  |TAMS 0x000000008d100000, 0x000000008d100000| Untracked 
| 210|0x000000008d200000, 0x000000008d200000, 0x000000008d300000|  0%| F|  |TAMS 0x000000008d200000, 0x000000008d200000| Untracked 
| 211|0x000000008d300000, 0x000000008d300000, 0x000000008d400000|  0%| F|  |TAMS 0x000000008d300000, 0x000000008d300000| Untracked 
| 212|0x000000008d400000, 0x000000008d400000, 0x000000008d500000|  0%| F|  |TAMS 0x000000008d400000, 0x000000008d400000| Untracked 
| 213|0x000000008d500000, 0x000000008d500000, 0x000000008d600000|  0%| F|  |TAMS 0x000000008d500000, 0x000000008d500000| Untracked 
| 214|0x000000008d600000, 0x000000008d600000, 0x000000008d700000|  0%| F|  |TAMS 0x000000008d600000, 0x000000008d600000| Untracked 
| 215|0x000000008d700000, 0x000000008d700000, 0x000000008d800000|  0%| F|  |TAMS 0x000000008d700000, 0x000000008d700000| Untracked 
| 216|0x000000008d800000, 0x000000008d800000, 0x000000008d900000|  0%| F|  |TAMS 0x000000008d800000, 0x000000008d800000| Untracked 
| 217|0x000000008d900000, 0x000000008d900000, 0x000000008da00000|  0%| F|  |TAMS 0x000000008d900000, 0x000000008d900000| Untracked 
| 218|0x000000008da00000, 0x000000008da00000, 0x000000008db00000|  0%| F|  |TAMS 0x000000008da00000, 0x000000008da00000| Untracked 
| 219|0x000000008db00000, 0x000000008db00000, 0x000000008dc00000|  0%| F|  |TAMS 0x000000008db00000, 0x000000008db00000| Untracked 
| 220|0x000000008dc00000, 0x000000008dc00000, 0x000000008dd00000|  0%| F|  |TAMS 0x000000008dc00000, 0x000000008dc00000| Untracked 
| 221|0x000000008dd00000, 0x000000008dd00000, 0x000000008de00000|  0%| F|  |TAMS 0x000000008dd00000, 0x000000008dd00000| Untracked 
| 222|0x000000008de00000, 0x000000008de00000, 0x000000008df00000|  0%| F|  |TAMS 0x000000008de00000, 0x000000008de00000| Untracked 
| 223|0x000000008df00000, 0x000000008df00000, 0x000000008e000000|  0%| F|  |TAMS 0x000000008df00000, 0x000000008df00000| Untracked 
| 224|0x000000008e000000, 0x000000008e000000, 0x000000008e100000|  0%| F|  |TAMS 0x000000008e000000, 0x000000008e000000| Untracked 
| 225|0x000000008e100000, 0x000000008e100000, 0x000000008e200000|  0%| F|  |TAMS 0x000000008e100000, 0x000000008e100000| Untracked 
| 226|0x000000008e200000, 0x000000008e200000, 0x000000008e300000|  0%| F|  |TAMS 0x000000008e200000, 0x000000008e200000| Untracked 
| 227|0x000000008e300000, 0x000000008e300000, 0x000000008e400000|  0%| F|  |TAMS 0x000000008e300000, 0x000000008e300000| Untracked 
| 228|0x000000008e400000, 0x000000008e400000, 0x000000008e500000|  0%| F|  |TAMS 0x000000008e400000, 0x000000008e400000| Untracked 
| 229|0x000000008e500000, 0x000000008e500000, 0x000000008e600000|  0%| F|  |TAMS 0x000000008e500000, 0x000000008e500000| Untracked 
| 230|0x000000008e600000, 0x000000008e600000, 0x000000008e700000|  0%| F|  |TAMS 0x000000008e600000, 0x000000008e600000| Untracked 
| 231|0x000000008e700000, 0x000000008e700000, 0x000000008e800000|  0%| F|  |TAMS 0x000000008e700000, 0x000000008e700000| Untracked 
| 232|0x000000008e800000, 0x000000008e800000, 0x000000008e900000|  0%| F|  |TAMS 0x000000008e800000, 0x000000008e800000| Untracked 
| 233|0x000000008e900000, 0x000000008e900000, 0x000000008ea00000|  0%| F|  |TAMS 0x000000008e900000, 0x000000008e900000| Untracked 
| 234|0x000000008ea00000, 0x000000008ea00000, 0x000000008eb00000|  0%| F|  |TAMS 0x000000008ea00000, 0x000000008ea00000| Untracked 
| 235|0x000000008eb00000, 0x000000008eb00000, 0x000000008ec00000|  0%| F|  |TAMS 0x000000008eb00000, 0x000000008eb00000| Untracked 
| 236|0x000000008ec00000, 0x000000008ec00000, 0x000000008ed00000|  0%| F|  |TAMS 0x000000008ec00000, 0x000000008ec00000| Untracked 
| 237|0x000000008ed00000, 0x000000008ed00000, 0x000000008ee00000|  0%| F|  |TAMS 0x000000008ed00000, 0x000000008ed00000| Untracked 
| 238|0x000000008ee00000, 0x000000008ee00000, 0x000000008ef00000|  0%| F|  |TAMS 0x000000008ee00000, 0x000000008ee00000| Untracked 
| 239|0x000000008ef00000, 0x000000008ef00000, 0x000000008f000000|  0%| F|  |TAMS 0x000000008ef00000, 0x000000008ef00000| Untracked 
| 240|0x000000008f000000, 0x000000008f000000, 0x000000008f100000|  0%| F|  |TAMS 0x000000008f000000, 0x000000008f000000| Untracked 
| 241|0x000000008f100000, 0x000000008f100000, 0x000000008f200000|  0%| F|  |TAMS 0x000000008f100000, 0x000000008f100000| Untracked 
| 242|0x000000008f200000, 0x000000008f200000, 0x000000008f300000|  0%| F|  |TAMS 0x000000008f200000, 0x000000008f200000| Untracked 
| 243|0x000000008f300000, 0x000000008f300000, 0x000000008f400000|  0%| F|  |TAMS 0x000000008f300000, 0x000000008f300000| Untracked 
| 244|0x000000008f400000, 0x000000008f400000, 0x000000008f500000|  0%| F|  |TAMS 0x000000008f400000, 0x000000008f400000| Untracked 
| 245|0x000000008f500000, 0x000000008f500000, 0x000000008f600000|  0%| F|  |TAMS 0x000000008f500000, 0x000000008f500000| Untracked 
| 246|0x000000008f600000, 0x000000008f600000, 0x000000008f700000|  0%| F|  |TAMS 0x000000008f600000, 0x000000008f600000| Untracked 
| 247|0x000000008f700000, 0x000000008f700000, 0x000000008f800000|  0%| F|  |TAMS 0x000000008f700000, 0x000000008f700000| Untracked 
| 248|0x000000008f800000, 0x000000008f800000, 0x000000008f900000|  0%| F|  |TAMS 0x000000008f800000, 0x000000008f800000| Untracked 
| 249|0x000000008f900000, 0x000000008f900000, 0x000000008fa00000|  0%| F|  |TAMS 0x000000008f900000, 0x000000008f900000| Untracked 
| 250|0x000000008fa00000, 0x000000008fa00000, 0x000000008fb00000|  0%| F|  |TAMS 0x000000008fa00000, 0x000000008fa00000| Untracked 
| 251|0x000000008fb00000, 0x000000008fb00000, 0x000000008fc00000|  0%| F|  |TAMS 0x000000008fb00000, 0x000000008fb00000| Untracked 
| 252|0x000000008fc00000, 0x000000008fd00000, 0x000000008fd00000|100%| S|CS|TAMS 0x000000008fc00000, 0x000000008fc00000| Complete 
| 253|0x000000008fd00000, 0x000000008fe00000, 0x000000008fe00000|100%| S|CS|TAMS 0x000000008fd00000, 0x000000008fd00000| Complete 
| 254|0x000000008fe00000, 0x000000008fe00000, 0x000000008ff00000|  0%| F|  |TAMS 0x000000008fe00000, 0x000000008fe00000| Untracked 
| 255|0x000000008ff00000, 0x000000008ff00000, 0x0000000090000000|  0%| F|  |TAMS 0x000000008ff00000, 0x000000008ff00000| Untracked 
| 256|0x0000000090000000, 0x0000000090000000, 0x0000000090100000|  0%| F|  |TAMS 0x0000000090000000, 0x0000000090000000| Untracked 
| 257|0x0000000090100000, 0x0000000090100000, 0x0000000090200000|  0%| F|  |TAMS 0x0000000090100000, 0x0000000090100000| Untracked 
| 258|0x0000000090200000, 0x0000000090285898, 0x0000000090300000| 52%| E|  |TAMS 0x0000000090200000, 0x0000000090200000| Complete 
| 259|0x0000000090300000, 0x0000000090400000, 0x0000000090400000|100%| E|CS|TAMS 0x0000000090300000, 0x0000000090300000| Complete 
| 260|0x0000000090400000, 0x0000000090500000, 0x0000000090500000|100%| E|CS|TAMS 0x0000000090400000, 0x0000000090400000| Complete 
| 261|0x0000000090500000, 0x0000000090600000, 0x0000000090600000|100%| E|CS|TAMS 0x0000000090500000, 0x0000000090500000| Complete 

Card table byte_map: [0x00000091a26c0000,0x00000091a2ac0000] _byte_map_base: 0x00000091a22c0000

Marking Bits (Prev, Next): (CMBitMap*) 0x000000918f846cc0, (CMBitMap*) 0x000000918f846c88
 Prev Bits: [0x00000091a4ec0000, 0x00000091a6ec0000)
 Next Bits: [0x00000091a2ec0000, 0x00000091a4ec0000)

Polling page: 0x000000918d5a0000

Metaspace:

Usage:
  Non-class:     94.57 MB capacity,    93.05 MB ( 98%) used,     1.24 MB (  1%) free+waste,   290.19 KB ( <1%) overhead. 
      Class:     13.74 MB capacity,    12.89 MB ( 94%) used,   752.70 KB (  5%) free+waste,   124.13 KB ( <1%) overhead. 
       Both:    108.31 MB capacity,   105.93 MB ( 98%) used,     1.97 MB (  2%) free+waste,   414.31 KB ( <1%) overhead. 

Virtual space:
  Non-class space:       96.00 MB reserved,      94.75 MB ( 99%) committed 
      Class space:        1.00 GB reserved,      13.77 MB (  1%) committed 
             Both:        1.09 GB reserved,     108.52 MB ( 10%) committed 

Chunk freelists:
   Non-Class:  58.00 KB
       Class:  8.00 KB
        Both:  66.00 KB

MaxMetaspaceSize: 17179869184.00 GB
CompressedClassSpaceSize: 1.00 GB

CodeHeap 'non-profiled nmethods': size=120064Kb used=11752Kb max_used=11986Kb free=108311Kb
 bounds [0x000000919ad80000, 0x000000919b950000, 0x00000091a22c0000]
CodeHeap 'profiled nmethods': size=120000Kb used=37399Kb max_used=37399Kb free=82600Kb
 bounds [0x0000009193850000, 0x0000009195cf0000, 0x000000919ad80000]
CodeHeap 'non-nmethods': size=5696Kb used=2299Kb max_used=2371Kb free=3396Kb
 bounds [0x00000091932c0000, 0x0000009193530000, 0x0000009193850000]
 total_blobs=17642 nmethods=16718 adapters=835
 compilation: enabled
              stopped_count=0, restarted_count=0
 full_count=0

Compilation events (20 events):
Event: 290.269 Thread 0x00000091aa17e800 17675       2       org.gradle.internal.operations.DefaultBuildOperationRunner::execute (140 bytes)
Event: 290.271 Thread 0x00000091aa17e800 nmethod 17675 0x0000009195ce6610 code [0x0000009195ce6860, 0x0000009195ce71a8]
Event: 290.274 Thread 0x00000091aa17e800 17676       3       com.google.gson.internal.Excluder::excludeClassChecks (67 bytes)
Event: 290.278 Thread 0x00000091aa17e800 nmethod 17676 0x0000009195ce7710 code [0x0000009195ce7b60, 0x0000009195ce98e8]
Event: 290.343 Thread 0x00000091aa17e800 17678       3       com.android.utils.SdkUtils::endsWith (62 bytes)
Event: 290.344 Thread 0x00000091aa17e800 nmethod 17678 0x0000009194343310 code [0x0000009194343520, 0x0000009194343a98]
Event: 290.344 Thread 0x00000091aa17e800 17679       3       com.google.common.base.Strings::nullToEmpty (5 bytes)
Event: 290.345 Thread 0x00000091aa17e800 nmethod 17679 0x0000009194024510 code [0x00000091940246c0, 0x0000009194024858]
Event: 290.347 Thread 0x00000091aa17e800 17680       3       com.android.ide.common.xml.XmlPrettyPrinter::indent (83 bytes)
Event: 290.348 Thread 0x00000091aa17e800 nmethod 17680 0x0000009194346390 code [0x00000091943465a0, 0x0000009194346a68]
Event: 290.349 Thread 0x00000091aa17e800 17683       2       org.apache.xerces.dom.ChildNode::getPreviousSibling (16 bytes)
Event: 290.349 Thread 0x00000091aa17e800 nmethod 17683 0x0000009193d71510 code [0x0000009193d716c0, 0x0000009193d717f8]
Event: 290.349 Thread 0x00000091aa17e800 17684       2       org.apache.xerces.dom.ParentNode::nodeListItem (243 bytes)
Event: 290.350 Thread 0x00000091aa17e800 nmethod 17684 0x0000009195cea110 code [0x0000009195cea320, 0x0000009195cea9d8]
Event: 290.352 Thread 0x00000091aa17e800 17685       2       org.gradle.api.internal.artifacts.ivyservice.moduleconverter.dependencies.DefaultDependencyDescriptorFactory::createDependencyDescriptor (21 bytes)
Event: 290.353 Thread 0x00000091aa17e800 nmethod 17685 0x0000009194039790 code [0x0000009194039960, 0x0000009194039ab8]
Event: 290.353 Thread 0x00000091aa17e800 17686       2       org.gradle.api.internal.artifacts.ivyservice.moduleconverter.dependencies.DefaultDependencyDescriptorFactory::findFactoryForDependency (74 bytes)
Event: 290.354 Thread 0x00000091aa17e800 nmethod 17686 0x0000009195ceac90 code [0x0000009195ceaf00, 0x0000009195ceb4e8]
Event: 290.354 Thread 0x00000091aa17e800 17687       2       org.gradle.api.internal.artifacts.ivyservice.moduleconverter.dependencies.ProjectIvyDependencyDescriptorFactory::canConvert (5 bytes)
Event: 290.354 Thread 0x00000091aa17e800 nmethod 17687 0x0000009193d7b090 code [0x0000009193d7b240, 0x0000009193d7b398]

GC Heap History (20 events):
Event: 282.476 GC heap before
{Heap before GC invocations=57 (full 0):
 garbage-first heap   total 183296K, used 165154K [0x0000000080000000, 0x0000000100000000)
  region size 1024K, 14 young (14336K), 2 survivors (2048K)
 Metaspace       used 102854K, capacity 105179K, committed 105368K, reserved 1140736K
  class space    used 12742K, capacity 13604K, committed 13720K, reserved 1048576K
}
Event: 282.486 GC heap after
{Heap after GC invocations=58 (full 0):
 garbage-first heap   total 183296K, used 136595K [0x0000000080000000, 0x0000000100000000)
  region size 1024K, 2 young (2048K), 2 survivors (2048K)
 Metaspace       used 102854K, capacity 105179K, committed 105368K, reserved 1140736K
  class space    used 12742K, capacity 13604K, committed 13720K, reserved 1048576K
}
Event: 282.945 GC heap before
{Heap before GC invocations=59 (full 0):
 garbage-first heap   total 183296K, used 149907K [0x0000000080000000, 0x0000000100000000)
  region size 1024K, 15 young (15360K), 2 survivors (2048K)
 Metaspace       used 103487K, capacity 105837K, committed 106136K, reserved 1142784K
  class space    used 12801K, capacity 13674K, committed 13720K, reserved 1048576K
}
Event: 282.951 GC heap after
{Heap after GC invocations=60 (full 0):
 garbage-first heap   total 183296K, used 138711K [0x0000000080000000, 0x0000000100000000)
  region size 1024K, 2 young (2048K), 2 survivors (2048K)
 Metaspace       used 103487K, capacity 105837K, committed 106136K, reserved 1142784K
  class space    used 12801K, capacity 13674K, committed 13720K, reserved 1048576K
}
Event: 283.310 GC heap before
{Heap before GC invocations=60 (full 0):
 garbage-first heap   total 183296K, used 144855K [0x0000000080000000, 0x0000000100000000)
  region size 1024K, 8 young (8192K), 2 survivors (2048K)
 Metaspace       used 104553K, capacity 106888K, committed 107288K, reserved 1142784K
  class space    used 12865K, capacity 13738K, committed 13848K, reserved 1048576K
}
Event: 283.320 GC heap after
{Heap after GC invocations=61 (full 0):
 garbage-first heap   total 183296K, used 139070K [0x0000000080000000, 0x0000000100000000)
  region size 1024K, 1 young (1024K), 1 survivors (1024K)
 Metaspace       used 104553K, capacity 106888K, committed 107288K, reserved 1142784K
  class space    used 12865K, capacity 13738K, committed 13848K, reserved 1048576K
}
Event: 283.665 GC heap before
{Heap before GC invocations=61 (full 0):
 garbage-first heap   total 183296K, used 151358K [0x0000000080000000, 0x0000000100000000)
  region size 1024K, 14 young (14336K), 1 survivors (1024K)
 Metaspace       used 106077K, capacity 108360K, committed 108696K, reserved 1144832K
  class space    used 13001K, capacity 13866K, committed 13976K, reserved 1048576K
}
Event: 283.676 GC heap after
{Heap after GC invocations=62 (full 0):
 garbage-first heap   total 183296K, used 140580K [0x0000000080000000, 0x0000000100000000)
  region size 1024K, 2 young (2048K), 2 survivors (2048K)
 Metaspace       used 106077K, capacity 108360K, committed 108696K, reserved 1144832K
  class space    used 13001K, capacity 13866K, committed 13976K, reserved 1048576K
}
Event: 284.300 GC heap before
{Heap before GC invocations=62 (full 0):
 garbage-first heap   total 183296K, used 140580K [0x0000000080000000, 0x0000000100000000)
  region size 1024K, 14 young (14336K), 2 survivors (2048K)
 Metaspace       used 106274K, capacity 108561K, committed 108952K, reserved 1144832K
  class space    used 13005K, capacity 13866K, committed 13976K, reserved 1048576K
}
Event: 284.312 GC heap after
{Heap after GC invocations=63 (full 0):
 garbage-first heap   total 220160K, used 129794K [0x0000000080000000, 0x0000000100000000)
  region size 1024K, 2 young (2048K), 2 survivors (2048K)
 Metaspace       used 106274K, capacity 108561K, committed 108952K, reserved 1144832K
  class space    used 13005K, capacity 13866K, committed 13976K, reserved 1048576K
}
Event: 284.910 GC heap before
{Heap before GC invocations=64 (full 0):
 garbage-first heap   total 220160K, used 159490K [0x0000000080000000, 0x0000000100000000)
  region size 1024K, 31 young (31744K), 2 survivors (2048K)
 Metaspace       used 106499K, capacity 108785K, committed 108952K, reserved 1144832K
  class space    used 13019K, capacity 13898K, committed 13976K, reserved 1048576K
}
Event: 284.925 GC heap after
{Heap after GC invocations=65 (full 0):
 garbage-first heap   total 220160K, used 134058K [0x0000000080000000, 0x0000000100000000)
  region size 1024K, 4 young (4096K), 4 survivors (4096K)
 Metaspace       used 106499K, capacity 108785K, committed 108952K, reserved 1144832K
  class space    used 13019K, capacity 13898K, committed 13976K, reserved 1048576K
}
Event: 285.002 GC heap before
{Heap before GC invocations=65 (full 0):
 garbage-first heap   total 220160K, used 139178K [0x0000000080000000, 0x0000000100000000)
  region size 1024K, 10 young (10240K), 4 survivors (4096K)
 Metaspace       used 106598K, capacity 108913K, committed 109208K, reserved 1144832K
  class space    used 13027K, capacity 13898K, committed 13976K, reserved 1048576K
}
Event: 285.019 GC heap after
{Heap after GC invocations=66 (full 0):
 garbage-first heap   total 220160K, used 118624K [0x0000000080000000, 0x0000000100000000)
  region size 1024K, 2 young (2048K), 2 survivors (2048K)
 Metaspace       used 106598K, capacity 108913K, committed 109208K, reserved 1144832K
  class space    used 13027K, capacity 13898K, committed 13976K, reserved 1048576K
}
Event: 285.710 GC heap before
{Heap before GC invocations=66 (full 0):
 garbage-first heap   total 220160K, used 153440K [0x0000000080000000, 0x0000000100000000)
  region size 1024K, 37 young (37888K), 2 survivors (2048K)
 Metaspace       used 107242K, capacity 109585K, committed 109720K, reserved 1144832K
  class space    used 13071K, capacity 13930K, committed 13976K, reserved 1048576K
}
Event: 285.725 GC heap after
{Heap after GC invocations=67 (full 0):
 garbage-first heap   total 220160K, used 120069K [0x0000000080000000, 0x0000000100000000)
  region size 1024K, 3 young (3072K), 3 survivors (3072K)
 Metaspace       used 107242K, capacity 109585K, committed 109720K, reserved 1144832K
  class space    used 13071K, capacity 13930K, committed 13976K, reserved 1048576K
}
Event: 289.792 GC heap before
{Heap before GC invocations=68 (full 0):
 garbage-first heap   total 220160K, used 157957K [0x0000000080000000, 0x0000000100000000)
  region size 1024K, 41 young (41984K), 3 survivors (3072K)
 Metaspace       used 108250K, capacity 110554K, committed 110872K, reserved 1146880K
  class space    used 13178K, capacity 14039K, committed 14104K, reserved 1048576K
}
Event: 289.816 GC heap after
{Heap after GC invocations=69 (full 0):
 garbage-first heap   total 268288K, used 121422K [0x0000000080000000, 0x0000000100000000)
  region size 1024K, 5 young (5120K), 5 survivors (5120K)
 Metaspace       used 108250K, capacity 110554K, committed 110872K, reserved 1146880K
  class space    used 13178K, capacity 14039K, committed 14104K, reserved 1048576K
}
Event: 290.165 GC heap before
{Heap before GC invocations=69 (full 0):
 garbage-first heap   total 268288K, used 128590K [0x0000000080000000, 0x0000000100000000)
  region size 1024K, 13 young (13312K), 5 survivors (5120K)
 Metaspace       used 108361K, capacity 110683K, committed 110872K, reserved 1146880K
  class space    used 13181K, capacity 14039K, committed 14104K, reserved 1048576K
}
Event: 290.182 GC heap after
{Heap after GC invocations=70 (full 0):
 garbage-first heap   total 268288K, used 118342K [0x0000000080000000, 0x0000000100000000)
  region size 1024K, 2 young (2048K), 2 survivors (2048K)
 Metaspace       used 108361K, capacity 110683K, committed 110872K, reserved 1146880K
  class space    used 13181K, capacity 14039K, committed 14104K, reserved 1048576K
}

Deoptimization events (20 events):
Event: 290.292 Thread 0x00000091ac422000 Uncommon trap: trap_request=0xffffff4d fr.pc=0x000000919b286814 relative=0x0000000000000254
Event: 290.292 Thread 0x00000091ac422000 Uncommon trap: reason=unstable_if action=reinterpret pc=0x000000919b286814 method=java.lang.Integer.getChars(II[B)I @ 4 c2
Event: 290.292 Thread 0x00000091ac422000 DEOPT PACKING pc=0x000000919b286814 sp=0x00000091b9caa140
Event: 290.292 Thread 0x00000091ac422000 DEOPT UNPACKING pc=0x00000091932e6a29 sp=0x00000091b9caa0b8 mode 2
Event: 290.345 Thread 0x00000091b484f000 Uncommon trap: trap_request=0xffffffde fr.pc=0x000000919b91d748 relative=0x0000000000000108
Event: 290.345 Thread 0x00000091b484f000 Uncommon trap: reason=class_check action=maybe_recompile pc=0x000000919b91d748 method=org.apache.xerces.dom.ElementImpl.getTagName()Ljava/lang/String; @ 8 c2
Event: 290.345 Thread 0x00000091b484f000 DEOPT PACKING pc=0x000000919b91d748 sp=0x00000091ba2ade80
Event: 290.345 Thread 0x00000091b484f000 DEOPT UNPACKING pc=0x00000091932e6a29 sp=0x00000091ba2ade40 mode 2
Event: 290.348 Thread 0x00000091b484f000 Uncommon trap: trap_request=0xffffff4d fr.pc=0x000000919b869b28 relative=0x00000000000004e8
Event: 290.348 Thread 0x00000091b484f000 Uncommon trap: reason=unstable_if action=reinterpret pc=0x000000919b869b28 method=org.apache.xerces.dom.ParentNode.nodeListItem(I)Lorg/w3c/dom/Node; @ 26 c2
Event: 290.348 Thread 0x00000091b484f000 DEOPT PACKING pc=0x000000919b869b28 sp=0x00000091ba2ae0c0
Event: 290.348 Thread 0x00000091b484f000 DEOPT UNPACKING pc=0x00000091932e6a29 sp=0x00000091ba2ae008 mode 2
Event: 290.348 Thread 0x00000091b484f000 Uncommon trap: trap_request=0xffffff4d fr.pc=0x000000919b865ca8 relative=0x00000000000004e8
Event: 290.348 Thread 0x00000091b484f000 Uncommon trap: reason=unstable_if action=reinterpret pc=0x000000919b865ca8 method=org.apache.xerces.dom.ParentNode.nodeListItem(I)Lorg/w3c/dom/Node; @ 26 c2
Event: 290.348 Thread 0x00000091b484f000 DEOPT PACKING pc=0x000000919b865ca8 sp=0x00000091ba2ae0e0
Event: 290.348 Thread 0x00000091b484f000 DEOPT UNPACKING pc=0x00000091932e6a29 sp=0x00000091ba2ae090 mode 2
Event: 290.348 Thread 0x00000091b484f000 Uncommon trap: trap_request=0xffffffde fr.pc=0x000000919b91d748 relative=0x0000000000000108
Event: 290.348 Thread 0x00000091b484f000 Uncommon trap: reason=class_check action=maybe_recompile pc=0x000000919b91d748 method=org.apache.xerces.dom.ElementImpl.getTagName()Ljava/lang/String; @ 8 c2
Event: 290.348 Thread 0x00000091b484f000 DEOPT PACKING pc=0x000000919b91d748 sp=0x00000091ba2ade80
Event: 290.348 Thread 0x00000091b484f000 DEOPT UNPACKING pc=0x00000091932e6a29 sp=0x00000091ba2ade40 mode 2

Classes redefined (0 events):
No events

Internal exceptions (20 events):
Event: 260.742 Thread 0x00000091ad3ca800 Implicit null exception at 0x000000919b5b1846 to 0x000000919b5b7920
Event: 262.984 Thread 0x00000091ad3ca800 Exception <a 'sun/nio/fs/WindowsException'{0x0000000089f5ddb8}> (0x0000000089f5ddb8) thrown at [./src/hotspot/share/prims/jni.cpp, line 615]
Event: 263.455 Thread 0x00000091ad3ca800 Exception <a 'sun/nio/fs/WindowsException'{0x00000000895af538}> (0x00000000895af538) thrown at [./src/hotspot/share/prims/jni.cpp, line 615]
Event: 263.565 Thread 0x00000091ad3ca800 Exception <a 'sun/nio/fs/WindowsException'{0x0000000089450d68}> (0x0000000089450d68) thrown at [./src/hotspot/share/prims/jni.cpp, line 615]
Event: 263.566 Thread 0x00000091ad3ca800 Exception <a 'sun/nio/fs/WindowsException'{0x0000000089451de8}> (0x0000000089451de8) thrown at [./src/hotspot/share/prims/jni.cpp, line 615]
Event: 263.566 Thread 0x00000091ad3ca800 Exception <a 'sun/nio/fs/WindowsException'{0x0000000089452eb8}> (0x0000000089452eb8) thrown at [./src/hotspot/share/prims/jni.cpp, line 615]
Event: 263.566 Thread 0x00000091ad3ca800 Exception <a 'sun/nio/fs/WindowsException'{0x0000000089453f88}> (0x0000000089453f88) thrown at [./src/hotspot/share/prims/jni.cpp, line 615]
Event: 264.836 Thread 0x00000091ad3ca800 Exception <a 'sun/nio/fs/WindowsException'{0x000000008adbf3b8}> (0x000000008adbf3b8) thrown at [./src/hotspot/share/prims/jni.cpp, line 615]
Event: 272.079 Thread 0x00000091ac422000 Exception <a 'java/lang/NoSuchMethodError'{0x00000000894863d8}: <clinit>> (0x00000000894863d8) thrown at [./src/hotspot/share/prims/jni.cpp, line 1362]
Event: 281.817 Thread 0x00000091ad3ca800 Implicit null exception at 0x000000919b87861a to 0x000000919b87da8c
Event: 281.817 Thread 0x00000091ad3ca800 Implicit null exception at 0x000000919b87861a to 0x000000919b87da8c
Event: 281.961 Thread 0x00000091ad3ca800 Implicit null exception at 0x000000919b87861a to 0x000000919b87da8c
Event: 282.264 Thread 0x00000091ad3ca800 Exception <a 'java/lang/NoSuchMethodError'{0x000000008ac13c00}: <clinit>> (0x000000008ac13c00) thrown at [./src/hotspot/share/prims/jni.cpp, line 1362]
Event: 286.032 Thread 0x00000091ac422000 Exception <a 'sun/nio/fs/WindowsException'{0x000000008cfe9430}> (0x000000008cfe9430) thrown at [./src/hotspot/share/prims/jni.cpp, line 615]
Event: 286.032 Thread 0x00000091ac422000 Exception <a 'sun/nio/fs/WindowsException'{0x000000008cfea308}> (0x000000008cfea308) thrown at [./src/hotspot/share/prims/jni.cpp, line 615]
Event: 286.033 Thread 0x00000091ac422000 Exception <a 'sun/nio/fs/WindowsException'{0x000000008cfea618}> (0x000000008cfea618) thrown at [./src/hotspot/share/prims/jni.cpp, line 615]
Event: 286.033 Thread 0x00000091ac422000 Exception <a 'sun/nio/fs/WindowsException'{0x000000008cfeb4b8}> (0x000000008cfeb4b8) thrown at [./src/hotspot/share/prims/jni.cpp, line 615]
Event: 286.033 Thread 0x00000091ac422000 Exception <a 'sun/nio/fs/WindowsException'{0x000000008cfeb7a8}> (0x000000008cfeb7a8) thrown at [./src/hotspot/share/prims/jni.cpp, line 615]
Event: 286.033 Thread 0x00000091ac422000 Exception <a 'sun/nio/fs/WindowsException'{0x000000008cfec638}> (0x000000008cfec638) thrown at [./src/hotspot/share/prims/jni.cpp, line 615]
Event: 286.266 Thread 0x00000091ac422000 Implicit null exception at 0x000000919b7e285f to 0x000000919b7e29a8

Events (20 events):
Event: 290.304 loading class com/android/build/api/artifact/impl/ArtifactTransformationRequestImpl$submit$4
Event: 290.304 loading class com/android/build/api/artifact/impl/ArtifactTransformationRequestImpl$submit$4 done
Event: 290.305 loading class org/gradle/internal/work/DefaultAsyncWorkTracker$2
Event: 290.305 loading class org/gradle/internal/work/DefaultAsyncWorkTracker$2 done
Event: 290.306 loading class org/gradle/internal/work/DefaultAsyncWorkTracker$1
Event: 290.306 loading class org/gradle/internal/work/DefaultAsyncWorkTracker$1 done
Event: 290.307 loading class org/gradle/internal/work/DefaultWorkerLeaseService$5
Event: 290.307 loading class org/gradle/internal/work/DefaultWorkerLeaseService$5 done
Event: 290.311 loading class kotlin/jvm/JvmDefault
Event: 290.311 loading class kotlin/jvm/JvmDefault done
Event: 290.311 loading class kotlin/jvm/JvmDefault
Event: 290.311 loading class kotlin/jvm/JvmDefault done
Event: 290.332 loading class org/gradle/internal/work/DefaultWorkerLeaseService$5$1
Event: 290.332 loading class org/gradle/internal/work/DefaultWorkerLeaseService$5$1 done
Event: 290.335 Executing VM operation: RevokeBias
Event: 290.336 Executing VM operation: RevokeBias done
Event: 290.341 loading class com/android/build/gradle/tasks/XmlDocumentUtilsKt
Event: 290.341 loading class com/android/build/gradle/tasks/XmlDocumentUtilsKt done
Event: 290.384 Executing VM operation: RevokeBias
Event: 290.384 Executing VM operation: RevokeBias done


Dynamic libraries:
0x00007ff609df0000 - 0x00007ff609dfa000 	E:\Zaki\Softwares\android-studio-2020.3.1.3-windows\android-studio\jre\bin\java.exe
0x00007ffa08c90000 - 0x00007ffa08e3c000 	C:\Windows\SYSTEM32\ntdll.dll
0x00007ffa06a30000 - 0x00007ffa06b6a000 	C:\Windows\system32\KERNEL32.DLL
0x00007ffa06400000 - 0x00007ffa06510000 	C:\Windows\system32\KERNELBASE.dll
0x00007ff9eedb0000 - 0x00007ff9eedc9000 	E:\Zaki\Softwares\android-studio-2020.3.1.3-windows\android-studio\jre\bin\jli.dll
0x00007ffa03120000 - 0x00007ffa03137000 	E:\Zaki\Softwares\android-studio-2020.3.1.3-windows\android-studio\jre\bin\VCRUNTIME140.dll
0x00007ffa03110000 - 0x00007ffa03114000 	C:\Windows\SYSTEM32\api-ms-win-crt-stdio-l1-1-0.dll
0x00007ffa030f0000 - 0x00007ffa030f4000 	C:\Windows\SYSTEM32\api-ms-win-crt-runtime-l1-1-0.dll
0x00007ffa02e80000 - 0x00007ffa02e83000 	C:\Windows\SYSTEM32\api-ms-win-crt-environment-l1-1-0.dll
0x00007ffa02e60000 - 0x00007ffa02e65000 	C:\Windows\SYSTEM32\api-ms-win-crt-math-l1-1-0.dll
0x00007ff9ff7c0000 - 0x00007ff9ff7c3000 	C:\Windows\SYSTEM32\api-ms-win-crt-locale-l1-1-0.dll
0x00007ffa02e30000 - 0x00007ffa02e33000 	C:\Windows\SYSTEM32\api-ms-win-crt-heap-l1-1-0.dll
0x00007ffa03930000 - 0x00007ffa03baa000 	C:\Windows\WinSxS\amd64_microsoft.windows.common-controls_6595b64144ccf1df_6.0.9600.17810_none_6240b9c7ecbd0bda\COMCTL32.dll
0x00007ffa067f0000 - 0x00007ffa06961000 	C:\Windows\system32\USER32.dll
0x00007ffa02e50000 - 0x00007ffa02e53000 	C:\Windows\SYSTEM32\api-ms-win-crt-filesystem-l1-1-0.dll
0x00007ffa03100000 - 0x00007ffa03104000 	C:\Windows\SYSTEM32\api-ms-win-crt-string-l1-1-0.dll
0x00007ffa030e0000 - 0x00007ffa030e4000 	C:\Windows\SYSTEM32\api-ms-win-crt-convert-l1-1-0.dll
0x00007ffa08be0000 - 0x00007ffa08c87000 	C:\Windows\system32\msvcrt.dll
0x00007ffa07100000 - 0x00007ffa07245000 	C:\Windows\system32\GDI32.dll
0x00007ff9fe040000 - 0x00007ff9fe12c000 	C:\Windows\SYSTEM32\ucrtbase.DLL
0x00007ffa069e0000 - 0x00007ffa06a14000 	C:\Windows\system32\IMM32.DLL
0x00007ffa06b70000 - 0x00007ffa06ca9000 	C:\Windows\system32\MSCTF.dll
0x00007ff9fd460000 - 0x00007ff9fd4fd000 	E:\Zaki\Softwares\android-studio-2020.3.1.3-windows\android-studio\jre\bin\msvcp140.dll
0x00007ff9fe030000 - 0x00007ff9fe035000 	C:\Windows\SYSTEM32\api-ms-win-crt-multibyte-l1-1-0.dll
0x00007ffa02e40000 - 0x00007ffa02e43000 	C:\Windows\SYSTEM32\api-ms-win-crt-time-l1-1-0.dll
0x00007ffa02e70000 - 0x00007ffa02e73000 	C:\Windows\SYSTEM32\api-ms-win-crt-utility-l1-1-0.dll
0x00007ff9fa060000 - 0x00007ff9fab2f000 	E:\Zaki\Softwares\android-studio-2020.3.1.3-windows\android-studio\jre\bin\server\jvm.dll
0x00007ffa072c0000 - 0x00007ffa07365000 	C:\Windows\system32\ADVAPI32.dll
0x00007ffa03140000 - 0x00007ffa03149000 	C:\Windows\SYSTEM32\WSOCK32.dll
0x00007ff9fd910000 - 0x00007ff9fd92f000 	C:\Windows\SYSTEM32\WINMM.dll
0x00007ffa00e60000 - 0x00007ffa00e6a000 	C:\Windows\SYSTEM32\VERSION.dll
0x00007ffa06970000 - 0x00007ffa06977000 	C:\Windows\system32\PSAPI.DLL
0x00007ffa065b0000 - 0x00007ffa06609000 	C:\Windows\SYSTEM32\sechost.dll
0x00007ffa06cb0000 - 0x00007ffa06de6000 	C:\Windows\system32\RPCRT4.dll
0x00007ffa07260000 - 0x00007ffa072ba000 	C:\Windows\system32\WS2_32.dll
0x00007ff9fd8d0000 - 0x00007ff9fd8fa000 	C:\Windows\SYSTEM32\WINMMBASE.dll
0x00007ffa070f0000 - 0x00007ffa070f9000 	C:\Windows\system32\NSI.dll
0x00007ffa063b0000 - 0x00007ffa063fa000 	C:\Windows\SYSTEM32\cfgmgr32.dll
0x00007ffa04e70000 - 0x00007ffa04e96000 	C:\Windows\SYSTEM32\DEVOBJ.dll
0x00007ffa04ca0000 - 0x00007ffa04caa000 	C:\Windows\SYSTEM32\kernel.appcore.dll
0x00007ffa02e10000 - 0x00007ffa02e21000 	E:\Zaki\Softwares\android-studio-2020.3.1.3-windows\android-studio\jre\bin\verify.dll
0x00007ff9fdc90000 - 0x00007ff9fde19000 	C:\Windows\SYSTEM32\DBGHELP.DLL
0x00007ffa02de0000 - 0x00007ffa02e09000 	E:\Zaki\Softwares\android-studio-2020.3.1.3-windows\android-studio\jre\bin\java.dll
0x00007ffa02c30000 - 0x00007ffa02c3b000 	E:\Zaki\Softwares\android-studio-2020.3.1.3-windows\android-studio\jre\bin\jimage.dll
0x00007ffa02c10000 - 0x00007ffa02c28000 	E:\Zaki\Softwares\android-studio-2020.3.1.3-windows\android-studio\jre\bin\zip.dll
0x00007ffa07640000 - 0x00007ffa08a57000 	C:\Windows\system32\SHELL32.dll
0x00007ffa06e50000 - 0x00007ffa07026000 	C:\Windows\SYSTEM32\combase.dll
0x00007ffa06980000 - 0x00007ffa069d1000 	C:\Windows\system32\SHLWAPI.dll
0x00007ffa04500000 - 0x00007ffa0459f000 	C:\Windows\SYSTEM32\SHCORE.dll
0x00007ffa06000000 - 0x00007ffa06014000 	C:\Windows\SYSTEM32\profapi.dll
0x00007ffa02960000 - 0x00007ffa0297a000 	E:\Zaki\Softwares\android-studio-2020.3.1.3-windows\android-studio\jre\bin\net.dll
0x00007ffa009f0000 - 0x00007ffa00ab9000 	C:\Windows\SYSTEM32\WINHTTP.dll
0x00007ffa05920000 - 0x00007ffa05979000 	C:\Windows\system32\mswsock.dll
0x00007ffa01f60000 - 0x00007ffa01f74000 	E:\Zaki\Softwares\android-studio-2020.3.1.3-windows\android-studio\jre\bin\nio.dll
0x00007ff9eedd0000 - 0x00007ff9eedf7000 	C:\Users\zaki1\.gradle\native\8bec1ad78214c89d9ad589b4d07fe93259594b29d510b10fafb7a158f7737e5d\windows-amd64\native-platform.dll
0x00007ff9eeba0000 - 0x00007ff9eecdd000 	C:\Users\zaki1\.gradle\native\53dbd7edfb1c66fb8903c78663c9afc45aea4f116125fa6feffd364cf09443e8\windows-amd64\native-platform-file-events.dll
0x00007ffa01f50000 - 0x00007ffa01f5a000 	E:\Zaki\Softwares\android-studio-2020.3.1.3-windows\android-studio\jre\bin\management.dll
0x00007ffa019d0000 - 0x00007ffa019dc000 	E:\Zaki\Softwares\android-studio-2020.3.1.3-windows\android-studio\jre\bin\management_ext.dll
0x00007ffa05980000 - 0x00007ffa0599e000 	C:\Windows\SYSTEM32\CRYPTSP.dll
0x00007ffa05570000 - 0x00007ffa055a6000 	C:\Windows\system32\rsaenh.dll
0x00007ffa05bc0000 - 0x00007ffa05be6000 	C:\Windows\SYSTEM32\bcrypt.dll
0x00007ffa05680000 - 0x00007ffa0569f000 	C:\Windows\SYSTEM32\USERENV.dll
0x00007ffa05ee0000 - 0x00007ffa05f40000 	C:\Windows\system32\bcryptprimitives.dll
0x00007ffa05f40000 - 0x00007ffa05f4a000 	C:\Windows\SYSTEM32\CRYPTBASE.dll
0x00007ffa02da0000 - 0x00007ffa02dc9000 	C:\Windows\SYSTEM32\IPHLPAPI.DLL
0x00007ffa029f0000 - 0x00007ffa029fa000 	C:\Windows\SYSTEM32\WINNSI.DLL
0x00007ffa026d0000 - 0x00007ffa026e4000 	C:\Windows\SYSTEM32\dhcpcsvc6.DLL
0x00007ffa026b0000 - 0x00007ffa026c9000 	C:\Windows\SYSTEM32\dhcpcsvc.DLL
0x00007ff9eed90000 - 0x00007ff9eedae000 	C:\Users\zaki1\AppData\Local\Temp\native-platform13950082528060777921dir\native-platform.dll

dbghelp: loaded successfully - version: 4.0.5 - missing functions: none
symbol engine: initialized successfully - sym options: 0x614 - pdb path: .;E:\Zaki\Softwares\android-studio-2020.3.1.3-windows\android-studio\jre\bin;C:\Windows\SYSTEM32;C:\Windows\WinSxS\amd64_microsoft.windows.common-controls_6595b64144ccf1df_6.0.9600.17810_none_6240b9c7ecbd0bda;E:\Zaki\Softwares\android-studio-2020.3.1.3-windows\android-studio\jre\bin\server;C:\Users\zaki1\.gradle\native\8bec1ad78214c89d9ad589b4d07fe93259594b29d510b10fafb7a158f7737e5d\windows-amd64;C:\Users\zaki1\.gradle\native\53dbd7edfb1c66fb8903c78663c9afc45aea4f116125fa6feffd364cf09443e8\windows-amd64;C:\Users\zaki1\AppData\Local\Temp\native-platform13950082528060777921dir

VM Arguments:
jvm_args: --add-opens=java.base/java.util=ALL-UNNAMED --add-opens=java.base/java.lang=ALL-UNNAMED --add-opens=java.base/java.lang.invoke=ALL-UNNAMED --add-opens=java.base/java.util=ALL-UNNAMED --add-opens=java.prefs/java.util.prefs=ALL-UNNAMED --add-opens=java.prefs/java.util.prefs=ALL-UNNAMED --add-opens=java.base/java.nio.charset=ALL-UNNAMED --add-opens=java.base/java.net=ALL-UNNAMED --add-opens=java.base/java.util.concurrent.atomic=ALL-UNNAMED -Xmx2048m -Dfile.encoding=UTF-8 -Duser.country=US -Duser.language=en -Duser.variant 
java_command: org.gradle.launcher.daemon.bootstrap.GradleDaemon 7.0.2
java_class_path (initial): C:\Users\zaki1\.gradle\wrapper\dists\gradle-7.0.2-bin\857tjihv64xamwrf0h14cai3r\gradle-7.0.2\lib\gradle-launcher-7.0.2.jar
Launcher Type: SUN_STANDARD

[Global flags]
     intx CICompilerCount                          = 3                                         {product} {ergonomic}
     uint ConcGCThreads                            = 1                                         {product} {ergonomic}
     uint G1ConcRefinementThreads                  = 4                                         {product} {ergonomic}
   size_t G1HeapRegionSize                         = 1048576                                   {product} {ergonomic}
    uintx GCDrainStackTargetSize                   = 64                                        {product} {ergonomic}
   size_t InitialHeapSize                          = 130023424                                 {product} {ergonomic}
   size_t MarkStackSize                            = 4194304                                   {product} {ergonomic}
   size_t MaxHeapSize                              = 2147483648                                {product} {command line}
   size_t MaxNewSize                               = 1287651328                                {product} {ergonomic}
   size_t MinHeapDeltaBytes                        = 1048576                                   {product} {ergonomic}
    uintx NonNMethodCodeHeapSize                   = 5830732                                {pd product} {ergonomic}
    uintx NonProfiledCodeHeapSize                  = 122913754                              {pd product} {ergonomic}
    uintx ProfiledCodeHeapSize                     = 122913754                              {pd product} {ergonomic}
    uintx ReservedCodeCacheSize                    = 251658240                              {pd product} {ergonomic}
     bool SegmentedCodeCache                       = true                                      {product} {ergonomic}
     bool UseCompressedClassPointers               = true                                 {lp64_product} {ergonomic}
     bool UseCompressedOops                        = true                                 {lp64_product} {ergonomic}
     bool UseG1GC                                  = true                                      {product} {ergonomic}
     bool UseLargePagesIndividualAllocation        = false                                  {pd product} {ergonomic}

Logging:
Log output configuration:
 #0: stdout all=warning uptime,level,tags
 #1: stderr all=off uptime,level,tags

Environment Variables:
JAVA_HOME=C:\Program Files\Java\jdk-15.0.2\bin
PATH=C:\Program Files\Broadcom\Broadcom 802.11 Network Adapter\Driver;;C:\Program Files\Common Files\Oracle\Java\javapath;C:\Windows\system32;C:\Windows;C:\Windows\System32\Wbem;C:\Windows\System32\WindowsPowerShell\v1.0\;C:\Program Files\Java\jdk-15.0.2\bin;C:\Program Files\nodejs\;E:\Zaki\Private\Android\Sdk\platform-tools;C:\Program Files\Git\cmd;C:\Program Files\IBM\Cloud\bin;E:\Zaki\KotlinCompiler\kotlinc\bin;C:\Users\zaki1\AppData\Roaming\npm;C:\Users\zaki1\AppData\Local\Programs\Microsoft VS Code\bin;C:\Program Files\IBM\Cloud\bin
USERNAME=zaki1
OS=Windows_NT
PROCESSOR_IDENTIFIER=Intel64 Family 6 Model 37 Stepping 5, GenuineIntel



---------------  S Y S T E M  ---------------

OS: Windows 8.1 , 64 bit Build 9600 (6.3.9600.17031)
OS uptime: 0 days 2:05 hours

CPU:total 4 (initial active 4) (2 cores per cpu, 2 threads per core) family 6 model 37 stepping 5 microcode 0x2, cmov, cx8, fxsr, mmx, sse, sse2, sse3, ssse3, sse4.1, sse4.2, popcnt, ht, tsc, tscinvbit

Memory: 4k page, system-wide physical 7862M (1268M free)
TotalPageFile size 7862M (AvailPageFile size 7M)
current process WorkingSet (physical memory assigned to process): 530M, peak: 532M
current process commit charge ("private bytes"): 597M, peak: 600M

vm_info: OpenJDK 64-Bit Server VM (11.0.10+0-b96-7249189) for windows-amd64 JRE (11.0.10+0-b96-7249189), built on Mar 31 2021 21:44:00 by "builder" with MS VC++ 14.0 (VS2015)

END.
