#
# There is insufficient memory for the Java Runtime Environment to continue.
# Native memory allocation (malloc) failed to allocate 1410096 bytes for Chunk::new
# Possible reasons:
#   The system is out of physical RAM or swap space
#   The process is running with CompressedOops enabled, and the Java Heap may be blocking the growth of the native heap
# Possible solutions:
#   Reduce memory load on the system
#   Increase physical memory or swap space
#   Check if swap backing store is full
#   Decrease Java heap size (-Xmx/-Xms)
#   Decrease number of Java threads
#   Decrease Java thread stack sizes (-Xss)
#   Set larger code cache with -XX:ReservedCodeCacheSize=
#   JVM is running with Unscaled Compressed Oops mode in which the Java heap is
#     placed in the first 4GB address space. The Java Heap base address is the
#     maximum limit for the native heap growth. Please use -XX:HeapBaseMinAddress
#     to set the Java Heap base and to place the Java Heap above 4GB virtual address.
# This output file may be truncated or incomplete.
#
#  Out of Memory Error (./src/hotspot/share/memory/arena.cpp:197), pid=5212, tid=7068
#
# JRE version: OpenJDK Runtime Environment (11.0.11+9) (build 11.0.11+9-b60-7590822)
# Java VM: OpenJDK 64-Bit Server VM (11.0.11+9-b60-7590822, mixed mode, tiered, compressed oops, g1 gc, windows-amd64)
# No core dump will be written. Minidumps are not enabled by default on client versions of Windows
#

---------------  S U M M A R Y ------------

Command Line: --add-opens=java.base/java.util=ALL-UNNAMED --add-opens=java.base/java.lang=ALL-UNNAMED --add-opens=java.base/java.lang.invoke=ALL-UNNAMED --add-opens=java.base/java.util=ALL-UNNAMED --add-opens=java.prefs/java.util.prefs=ALL-UNNAMED --add-opens=java.prefs/java.util.prefs=ALL-UNNAMED --add-opens=java.base/java.nio.charset=ALL-UNNAMED --add-opens=java.base/java.net=ALL-UNNAMED --add-opens=java.base/java.util.concurrent.atomic=ALL-UNNAMED -Xmx2048m -Dfile.encoding=UTF-8 -Duser.country=US -Duser.language=en -Duser.variant org.gradle.launcher.daemon.bootstrap.GradleDaemon 7.0.2

Host: Intel(R) Core(TM) i3 CPU       M 370  @ 2.40GHz, 4 cores, 7G,  Windows 8.1 , 64 bit Build 9600 (6.3.9600.17031)
Time: Wed Mar 16 22:37:52 2022 India Standard Time elapsed time: 493.913357 seconds (0d 0h 8m 13s)

---------------  T H R E A D  ---------------

Current thread (0x000000a536c17000):  JavaThread "C2 CompilerThread0" daemon [_thread_in_native, id=7068, stack(0x000000a537690000,0x000000a537790000)]


Current CompileTask:
C2: 493913 16810   !   4       com.sun.tools.javac.parser.JavaTokenizer::readToken (2179 bytes)

Stack: [0x000000a537690000,0x000000a537790000]
Native frames: (J=compiled Java code, j=interpreted, Vv=VM code, C=native code)
V  [jvm.dll+0x5f214a]
V  [jvm.dll+0x726fb5]
V  [jvm.dll+0x7285cd]
V  [jvm.dll+0x728c83]
V  [jvm.dll+0x243278]
V  [jvm.dll+0xbc53c]
V  [jvm.dll+0xbca3c]
V  [jvm.dll+0x353e3b]
V  [jvm.dll+0x19875c]
V  [jvm.dll+0x1fc2ee]
V  [jvm.dll+0x1fb3d4]
V  [jvm.dll+0x183d6c]
V  [jvm.dll+0x209a57]
V  [jvm.dll+0x2082a1]
V  [jvm.dll+0x6ef58f]
V  [jvm.dll+0x6e80b5]
V  [jvm.dll+0x5f1036]
C  [ucrtbase.DLL+0x6173d]
C  [KERNEL32.DLL+0x168d]
C  [ntdll.dll+0x15444]


---------------  P R O C E S S  ---------------

Threads class SMR info:
_java_thread_list=0x000000a53ff0d5a0, length=59, elements={
0x000000a51a1aa800, 0x000000a536bc1000, 0x000000a536bc2000, 0x000000a536c12800,
0x000000a536c14000, 0x000000a536c16000, 0x000000a536c17000, 0x000000a536c1c800,
0x000000a536c1e000, 0x000000a536d64000, 0x000000a53826e000, 0x000000a53902f800,
0x000000a539061800, 0x000000a5390af000, 0x000000a538da9000, 0x000000a5389db000,
0x000000a539b4f800, 0x000000a539b50800, 0x000000a539eb5800, 0x000000a539eb6000,
0x000000a539eb4000, 0x000000a539eb7000, 0x000000a539eb4800, 0x000000a539eb8800,
0x000000a539eba800, 0x000000a539eb8000, 0x000000a539eb9800, 0x000000a53cf70800,
0x000000a53cf73800, 0x000000a53cf73000, 0x000000a53cf71000, 0x000000a53cf75800,
0x000000a53cf78800, 0x000000a53cf76000, 0x000000a53cf77000, 0x000000a53cf77800,
0x000000a53cf7c000, 0x000000a53cf79800, 0x000000a53cf7c800, 0x000000a53cf7a000,
0x000000a53cf7d800, 0x000000a53cf7e800, 0x000000a53cf7f000, 0x000000a53a574800,
0x000000a53a574000, 0x000000a53a573000, 0x000000a53a572000, 0x000000a53a577000,
0x000000a53a578000, 0x000000a53a576800, 0x000000a53a575800, 0x000000a53dad6800,
0x000000a53dad5000, 0x000000a53dad7800, 0x000000a53dada800, 0x000000a53dada000,
0x000000a53dad4000, 0x000000a53dad8000, 0x000000a5440a6000
}

Java Threads: ( => current thread )
  0x000000a51a1aa800 JavaThread "main" [_thread_blocked, id=6908, stack(0x000000a51b950000,0x000000a51ba50000)]
  0x000000a536bc1000 JavaThread "Reference Handler" daemon [_thread_blocked, id=6432, stack(0x000000a5370b0000,0x000000a5371b0000)]
  0x000000a536bc2000 JavaThread "Finalizer" daemon [_thread_blocked, id=4232, stack(0x000000a5371b0000,0x000000a5372b0000)]
  0x000000a536c12800 JavaThread "Signal Dispatcher" daemon [_thread_blocked, id=3148, stack(0x000000a537390000,0x000000a537490000)]
  0x000000a536c14000 JavaThread "Attach Listener" daemon [_thread_blocked, id=3540, stack(0x000000a537490000,0x000000a537590000)]
  0x000000a536c16000 JavaThread "Service Thread" daemon [_thread_blocked, id=896, stack(0x000000a537590000,0x000000a537690000)]
=>0x000000a536c17000 JavaThread "C2 CompilerThread0" daemon [_thread_in_native, id=7068, stack(0x000000a537690000,0x000000a537790000)]
  0x000000a536c1c800 JavaThread "C1 CompilerThread0" daemon [_thread_blocked, id=3800, stack(0x000000a537790000,0x000000a537890000)]
  0x000000a536c1e000 JavaThread "Sweeper thread" daemon [_thread_blocked, id=4708, stack(0x000000a537890000,0x000000a537990000)]
  0x000000a536d64000 JavaThread "Common-Cleaner" daemon [_thread_blocked, id=1340, stack(0x000000a537990000,0x000000a537a90000)]
  0x000000a53826e000 JavaThread "Daemon health stats" [_thread_blocked, id=5156, stack(0x000000a538390000,0x000000a538490000)]
  0x000000a53902f800 JavaThread "Incoming local TCP Connector on port 49836" [_thread_in_native, id=6172, stack(0x000000a53a930000,0x000000a53aa30000)]
  0x000000a539061800 JavaThread "Daemon periodic checks" [_thread_blocked, id=4108, stack(0x000000a53b200000,0x000000a53b300000)]
  0x000000a5390af000 JavaThread "Daemon" [_thread_blocked, id=5152, stack(0x000000a53b300000,0x000000a53b400000)]
  0x000000a538da9000 JavaThread "Handler for socket connection from /127.0.0.1:49836 to /127.0.0.1:49837" [_thread_in_native, id=5416, stack(0x000000a53b400000,0x000000a53b500000)]
  0x000000a5389db000 JavaThread "Cancel handler" [_thread_blocked, id=6888, stack(0x000000a53b500000,0x000000a53b600000)]
  0x000000a539b4f800 JavaThread "Daemon worker" [_thread_blocked, id=6160, stack(0x000000a53b600000,0x000000a53b700000)]
  0x000000a539b50800 JavaThread "Asynchronous log dispatcher for DefaultDaemonConnection: socket connection from /127.0.0.1:49836 to /127.0.0.1:49837" [_thread_blocked, id=192, stack(0x000000a53b700000,0x000000a53b800000)]
  0x000000a539eb5800 JavaThread "Daemon client event forwarder" [_thread_blocked, id=5892, stack(0x000000a53b900000,0x000000a53ba00000)]
  0x000000a539eb6000 JavaThread "Cache worker for file hash cache (C:\Users\zaki1\.gradle\caches\7.0.2\fileHashes)" [_thread_blocked, id=1576, stack(0x000000a53bf00000,0x000000a53c000000)]
  0x000000a539eb4000 JavaThread "File lock request listener" [_thread_in_native, id=4892, stack(0x000000a53c000000,0x000000a53c100000)]
  0x000000a539eb7000 JavaThread "Cache worker for journal cache (C:\Users\zaki1\.gradle\caches\journal-1)" [_thread_blocked, id=3772, stack(0x000000a53c300000,0x000000a53c400000)]
  0x000000a539eb4800 JavaThread "Cache worker for file hash cache (E:\Zaki\AndroidStudioProjects\SalvageAuctionIndia\.gradle\7.0.2\fileHashes)" [_thread_blocked, id=6240, stack(0x000000a53d680000,0x000000a53d780000)]
  0x000000a539eb8800 JavaThread "File watcher server" daemon [_thread_in_native, id=364, stack(0x000000a53d780000,0x000000a53d880000)]
  0x000000a539eba800 JavaThread "File watcher consumer" daemon [_thread_blocked, id=7012, stack(0x000000a53d880000,0x000000a53d980000)]
  0x000000a539eb8000 JavaThread "Cache worker for checksums cache (E:\Zaki\AndroidStudioProjects\SalvageAuctionIndia\.gradle\checksums)" [_thread_blocked, id=1752, stack(0x000000a53ebf0000,0x000000a53ecf0000)]
  0x000000a539eb9800 JavaThread "Cache worker for cache directory md-supplier (C:\Users\zaki1\.gradle\caches\7.0.2\md-supplier)" [_thread_blocked, id=2056, stack(0x000000a53ecf0000,0x000000a53edf0000)]
  0x000000a53cf70800 JavaThread "Cache worker for cache directory md-rule (C:\Users\zaki1\.gradle\caches\7.0.2\md-rule)" [_thread_blocked, id=2524, stack(0x000000a53eff0000,0x000000a53f0f0000)]
  0x000000a53cf73800 JavaThread "Cache worker for execution history cache (C:\Users\zaki1\.gradle\caches\7.0.2\executionHistory)" [_thread_blocked, id=3908, stack(0x000000a53f1f0000,0x000000a53f2f0000)]
  0x000000a53cf73000 JavaThread "jar transforms" [_thread_blocked, id=4652, stack(0x000000a540bc0000,0x000000a540cc0000)]
  0x000000a53cf71000 JavaThread "jar transforms Thread 2" [_thread_blocked, id=6152, stack(0x000000a53fa80000,0x000000a53fb80000)]
  0x000000a53cf75800 JavaThread "Cache worker for file content cache (C:\Users\zaki1\.gradle\caches\7.0.2\fileContent)" [_thread_blocked, id=6328, stack(0x000000a53f8f0000,0x000000a53f9f0000)]
  0x000000a53cf78800 JavaThread "Cache worker for dependencies-accessors (E:\Zaki\AndroidStudioProjects\SalvageAuctionIndia\.gradle\7.0.2\dependencies-accessors)" [_thread_blocked, id=5740, stack(0x000000a5410c0000,0x000000a5411c0000)]
  0x000000a53cf76000 JavaThread "jar transforms Thread 3" [_thread_blocked, id=6116, stack(0x000000a5415c0000,0x000000a5416c0000)]
  0x000000a53cf77000 JavaThread "Cache worker for Build Output Cleanup Cache (E:\Zaki\AndroidStudioProjects\SalvageAuctionIndia\.gradle\buildOutputCleanup)" [_thread_blocked, id=4104, stack(0x000000a5414c0000,0x000000a5415c0000)]
  0x000000a53cf77800 JavaThread "Build operations" [_thread_in_native, id=4256, stack(0x000000a541ac0000,0x000000a541bc0000)]
  0x000000a53cf7c000 JavaThread "Build operations Thread 2" [_thread_in_native, id=3712, stack(0x000000a541bc0000,0x000000a541cc0000)]
  0x000000a53cf79800 JavaThread "Build operations Thread 3" [_thread_in_native, id=3616, stack(0x000000a541cc0000,0x000000a541dc0000)]
  0x000000a53cf7c800 JavaThread "Build operations Thread 4" [_thread_in_native, id=1296, stack(0x000000a541dc0000,0x000000a541ec0000)]
  0x000000a53cf7a000 JavaThread "jar transforms Thread 4" [_thread_blocked, id=1676, stack(0x000000a541fc0000,0x000000a5420c0000)]
  0x000000a53cf7d800 JavaThread "Memory manager" [_thread_blocked, id=5424, stack(0x000000a542ac0000,0x000000a542bc0000)]
  0x000000a53cf7e800 JavaThread "build event listener" [_thread_blocked, id=5632, stack(0x000000a53f0f0000,0x000000a53f1f0000)]
  0x000000a53cf7f000 JavaThread "pool-3-thread-1" [_thread_blocked, id=6660, stack(0x000000a53b800000,0x000000a53b900000)]
  0x000000a53a574800 JavaThread "build event listener" [_thread_blocked, id=2772, stack(0x000000a541ec0000,0x000000a541fc0000)]
  0x000000a53a574000 JavaThread "Execution worker for ':'" [_thread_blocked, id=6628, stack(0x000000a543a60000,0x000000a543b60000)]
  0x000000a53a573000 JavaThread "Execution worker for ':' Thread 2" [_thread_blocked, id=5420, stack(0x000000a544b40000,0x000000a544c40000)]
  0x000000a53a572000 JavaThread "Execution worker for ':' Thread 3" [_thread_blocked, id=4312, stack(0x000000a545a80000,0x000000a545b80000)]
  0x000000a53a577000 JavaThread "Cache worker for execution history cache (E:\Zaki\AndroidStudioProjects\SalvageAuctionIndia\.gradle\7.0.2\executionHistory)" [_thread_blocked, id=5244, stack(0x000000a545d80000,0x000000a545e80000)]
  0x000000a53a578000 JavaThread "RMI Scheduler(0)" daemon [_thread_blocked, id=4292, stack(0x000000a5411c0000,0x000000a5412c0000)]
  0x000000a53a576800 JavaThread "RMI RenewClean-[127.0.0.1:17706,org.jetbrains.kotlin.daemon.common.LoopbackNetworkInterface$ClientLoopbackSocketFactory@2ee30a3d]" daemon [_thread_blocked, id=6036, stack(0x000000a545930000,0x000000a545a30000)]
  0x000000a53a575800 JavaThread "RMI GC Daemon" daemon [_thread_blocked, id=6616, stack(0x000000a546540000,0x000000a546640000)]
  0x000000a53dad6800 JavaThread "RMI TCP Accept-0" daemon [_thread_in_native, id=4432, stack(0x000000a546740000,0x000000a546840000)]
  0x000000a53dad5000 JavaThread "RMI Reaper" [_thread_blocked, id=5888, stack(0x000000a546840000,0x000000a546940000)]
  0x000000a53dad7800 JavaThread "WorkerExecutor Queue" [_thread_blocked, id=5844, stack(0x000000a546da0000,0x000000a546ea0000)]
  0x000000a53dada800 JavaThread "RMI TCP Connection(idle)" daemon [_thread_blocked, id=5828, stack(0x000000a546a40000,0x000000a546b40000)]
  0x000000a53dada000 JavaThread "RMI TCP Connection(idle)" daemon [_thread_blocked, id=152, stack(0x000000a549220000,0x000000a549320000)]
  0x000000a53dad4000 JavaThread "Cache worker for Java compile cache (C:\Users\zaki1\.gradle\caches\7.0.2\javaCompile)" [_thread_blocked, id=6704, stack(0x000000a546940000,0x000000a546a40000)]
  0x000000a53dad8000 JavaThread "Cache worker for Java compile cache (E:\Zaki\AndroidStudioProjects\SalvageAuctionIndia\.gradle\7.0.2\javaCompile)" [_thread_blocked, id=4560, stack(0x000000a549320000,0x000000a549420000)]
  0x000000a5440a6000 JavaThread "C2 CompilerThread1" daemon [_thread_in_native, id=5664, stack(0x000000a549420000,0x000000a549520000)]

Other Threads:
  0x000000a536bb7000 VMThread "VM Thread" [stack: 0x000000a536fb0000,0x000000a5370b0000] [id=5944]
  0x000000a536d9d000 WatcherThread [stack: 0x000000a537a90000,0x000000a537b90000] [id=5756]
  0x000000a51c2be800 GCTaskThread "GC Thread#0" [stack: 0x000000a51bc60000,0x000000a51bd60000] [id=4984]
  0x000000a5384ef000 GCTaskThread "GC Thread#1" [stack: 0x000000a539460000,0x000000a539560000] [id=1600]
  0x000000a538807800 GCTaskThread "GC Thread#2" [stack: 0x000000a53bd00000,0x000000a53be00000] [id=5528]
  0x000000a537d7c000 GCTaskThread "GC Thread#3" [stack: 0x000000a53be00000,0x000000a53bf00000] [id=4704]
  0x000000a51c2ef000 ConcurrentGCThread "G1 Main Marker" [stack: 0x000000a533970000,0x000000a533a70000] [id=5800]
  0x000000a51c2f0800 ConcurrentGCThread "G1 Conc#0" [stack: 0x000000a533a70000,0x000000a533b70000] [id=4260]
  0x000000a535fde800 ConcurrentGCThread "G1 Refine#0" [stack: 0x000000a5361b0000,0x000000a5362b0000] [id=5428]
  0x000000a53cd52000 ConcurrentGCThread "G1 Refine#1" [stack: 0x000000a546640000,0x000000a546740000] [id=3976]
  0x000000a535fe0800 ConcurrentGCThread "G1 Young RemSet Sampling" [stack: 0x000000a5362b0000,0x000000a5363b0000] [id=384]

Threads with active compile tasks:
C2 CompilerThread0 495526 16810   !   4       com.sun.tools.javac.parser.JavaTokenizer::readToken (2179 bytes)
C2 CompilerThread1 495526 16895       4       com.google.common.collect.ImmutableMultimap$Builder::build (41 bytes)

VM state:not at safepoint (normal execution)

VM Mutex/Monitor currently owned by a thread: None

Heap address: 0x0000000080000000, size: 2048 MB, Compressed Oops mode: 32-bit
Narrow klass base: 0x0000000000000000, Narrow klass shift: 3
Compressed class space size: 1073741824 Address: 0x0000000100000000

Heap:
 garbage-first heap   total 220160K, used 181463K [0x0000000080000000, 0x0000000100000000)
  region size 1024K, 7 young (7168K), 2 survivors (2048K)
 Metaspace       used 121733K, capacity 125253K, committed 125424K, reserved 1159168K
  class space    used 15229K, capacity 16506K, committed 16588K, reserved 1048576K
Heap Regions: E=young(eden), S=young(survivor), O=old, HS=humongous(starts), HC=humongous(continues), CS=collection set, F=free, A=archive, TAMS=top-at-mark-start (previous, next)
|   0|0x0000000080000000, 0x0000000080100000, 0x0000000080100000|100%| O|  |TAMS 0x0000000080100000, 0x0000000080000000| Untracked 
|   1|0x0000000080100000, 0x0000000080200000, 0x0000000080200000|100%| O|  |TAMS 0x0000000080200000, 0x0000000080100000| Untracked 
|   2|0x0000000080200000, 0x0000000080300000, 0x0000000080300000|100%| O|  |TAMS 0x0000000080300000, 0x0000000080200000| Untracked 
|   3|0x0000000080300000, 0x0000000080400000, 0x0000000080400000|100%|HS|  |TAMS 0x0000000080400000, 0x0000000080300000| Complete 
|   4|0x0000000080400000, 0x0000000080500000, 0x0000000080500000|100%|HC|  |TAMS 0x0000000080500000, 0x0000000080400000| Complete 
|   5|0x0000000080500000, 0x0000000080600000, 0x0000000080600000|100%|HC|  |TAMS 0x0000000080600000, 0x0000000080500000| Complete 
|   6|0x0000000080600000, 0x0000000080700000, 0x0000000080700000|100%| O|  |TAMS 0x0000000080700000, 0x0000000080600000| Untracked 
|   7|0x0000000080700000, 0x0000000080800000, 0x0000000080800000|100%| O|  |TAMS 0x0000000080800000, 0x0000000080700000| Untracked 
|   8|0x0000000080800000, 0x0000000080900000, 0x0000000080900000|100%| O|  |TAMS 0x0000000080900000, 0x0000000080800000| Untracked 
|   9|0x0000000080900000, 0x0000000080a00000, 0x0000000080a00000|100%| O|  |TAMS 0x0000000080a00000, 0x0000000080900000| Untracked 
|  10|0x0000000080a00000, 0x0000000080b00000, 0x0000000080b00000|100%| O|  |TAMS 0x0000000080b00000, 0x0000000080a00000| Untracked 
|  11|0x0000000080b00000, 0x0000000080c00000, 0x0000000080c00000|100%| O|  |TAMS 0x0000000080c00000, 0x0000000080b00000| Untracked 
|  12|0x0000000080c00000, 0x0000000080d00000, 0x0000000080d00000|100%| O|  |TAMS 0x0000000080d00000, 0x0000000080c00000| Untracked 
|  13|0x0000000080d00000, 0x0000000080e00000, 0x0000000080e00000|100%| O|  |TAMS 0x0000000080e00000, 0x0000000080d00000| Untracked 
|  14|0x0000000080e00000, 0x0000000080f00000, 0x0000000080f00000|100%|HS|  |TAMS 0x0000000080f00000, 0x0000000080e00000| Complete 
|  15|0x0000000080f00000, 0x0000000081000000, 0x0000000081000000|100%| O|  |TAMS 0x0000000081000000, 0x0000000080f00000| Untracked 
|  16|0x0000000081000000, 0x0000000081100000, 0x0000000081100000|100%| O|  |TAMS 0x0000000081100000, 0x0000000081000000| Untracked 
|  17|0x0000000081100000, 0x0000000081200000, 0x0000000081200000|100%| O|  |TAMS 0x0000000081200000, 0x0000000081100000| Untracked 
|  18|0x0000000081200000, 0x0000000081300000, 0x0000000081300000|100%| O|  |TAMS 0x0000000081300000, 0x0000000081200000| Untracked 
|  19|0x0000000081300000, 0x0000000081400000, 0x0000000081400000|100%| O|  |TAMS 0x0000000081400000, 0x0000000081300000| Untracked 
|  20|0x0000000081400000, 0x0000000081500000, 0x0000000081500000|100%| O|  |TAMS 0x0000000081500000, 0x0000000081400000| Untracked 
|  21|0x0000000081500000, 0x0000000081600000, 0x0000000081600000|100%| O|  |TAMS 0x0000000081600000, 0x0000000081500000| Untracked 
|  22|0x0000000081600000, 0x0000000081700000, 0x0000000081700000|100%| O|  |TAMS 0x0000000081700000, 0x0000000081600000| Untracked 
|  23|0x0000000081700000, 0x0000000081800000, 0x0000000081800000|100%|HS|  |TAMS 0x0000000081800000, 0x0000000081700000| Complete 
|  24|0x0000000081800000, 0x0000000081900000, 0x0000000081900000|100%|HS|  |TAMS 0x0000000081900000, 0x0000000081800000| Complete 
|  25|0x0000000081900000, 0x0000000081a00000, 0x0000000081a00000|100%|HS|  |TAMS 0x0000000081a00000, 0x0000000081900000| Complete 
|  26|0x0000000081a00000, 0x0000000081b00000, 0x0000000081b00000|100%|HC|  |TAMS 0x0000000081b00000, 0x0000000081a00000| Complete 
|  27|0x0000000081b00000, 0x0000000081c00000, 0x0000000081c00000|100%|HC|  |TAMS 0x0000000081c00000, 0x0000000081b00000| Complete 
|  28|0x0000000081c00000, 0x0000000081d00000, 0x0000000081d00000|100%|HS|  |TAMS 0x0000000081d00000, 0x0000000081c00000| Complete 
|  29|0x0000000081d00000, 0x0000000081e00000, 0x0000000081e00000|100%|HC|  |TAMS 0x0000000081e00000, 0x0000000081d00000| Complete 
|  30|0x0000000081e00000, 0x0000000081f00000, 0x0000000081f00000|100%| O|  |TAMS 0x0000000081f00000, 0x0000000081e00000| Untracked 
|  31|0x0000000081f00000, 0x0000000082000000, 0x0000000082000000|100%| O|  |TAMS 0x0000000082000000, 0x0000000081f00000| Untracked 
|  32|0x0000000082000000, 0x0000000082100000, 0x0000000082100000|100%| O|  |TAMS 0x0000000082100000, 0x0000000082000000| Untracked 
|  33|0x0000000082100000, 0x0000000082200000, 0x0000000082200000|100%| O|  |TAMS 0x0000000082200000, 0x0000000082100000| Untracked 
|  34|0x0000000082200000, 0x0000000082300000, 0x0000000082300000|100%| O|  |TAMS 0x0000000082300000, 0x0000000082200000| Untracked 
|  35|0x0000000082300000, 0x0000000082400000, 0x0000000082400000|100%| O|  |TAMS 0x0000000082400000, 0x0000000082300000| Untracked 
|  36|0x0000000082400000, 0x0000000082500000, 0x0000000082500000|100%| O|  |TAMS 0x0000000082400000, 0x0000000082400000| Untracked 
|  37|0x0000000082500000, 0x0000000082600000, 0x0000000082600000|100%| O|  |TAMS 0x0000000082500000, 0x0000000082500000| Untracked 
|  38|0x0000000082600000, 0x0000000082700000, 0x0000000082700000|100%| O|  |TAMS 0x0000000082700000, 0x0000000082600000| Untracked 
|  39|0x0000000082700000, 0x0000000082800000, 0x0000000082800000|100%| O|  |TAMS 0x0000000082800000, 0x0000000082700000| Untracked 
|  40|0x0000000082800000, 0x0000000082900000, 0x0000000082900000|100%| O|  |TAMS 0x0000000082900000, 0x0000000082800000| Untracked 
|  41|0x0000000082900000, 0x0000000082a00000, 0x0000000082a00000|100%| O|  |TAMS 0x0000000082a00000, 0x0000000082900000| Untracked 
|  42|0x0000000082a00000, 0x0000000082b00000, 0x0000000082b00000|100%| O|  |TAMS 0x0000000082b00000, 0x0000000082a00000| Untracked 
|  43|0x0000000082b00000, 0x0000000082c00000, 0x0000000082c00000|100%| O|  |TAMS 0x0000000082c00000, 0x0000000082b00000| Untracked 
|  44|0x0000000082c00000, 0x0000000082d00000, 0x0000000082d00000|100%| O|  |TAMS 0x0000000082d00000, 0x0000000082c00000| Untracked 
|  45|0x0000000082d00000, 0x0000000082e00000, 0x0000000082e00000|100%| O|  |TAMS 0x0000000082e00000, 0x0000000082d00000| Untracked 
|  46|0x0000000082e00000, 0x0000000082f00000, 0x0000000082f00000|100%| O|  |TAMS 0x0000000082f00000, 0x0000000082e00000| Untracked 
|  47|0x0000000082f00000, 0x0000000083000000, 0x0000000083000000|100%| O|  |TAMS 0x0000000083000000, 0x0000000082f00000| Untracked 
|  48|0x0000000083000000, 0x0000000083100000, 0x0000000083100000|100%| O|  |TAMS 0x0000000083100000, 0x0000000083000000| Untracked 
|  49|0x0000000083100000, 0x0000000083200000, 0x0000000083200000|100%| O|  |TAMS 0x0000000083200000, 0x0000000083100000| Untracked 
|  50|0x0000000083200000, 0x0000000083300000, 0x0000000083300000|100%| O|  |TAMS 0x0000000083300000, 0x0000000083200000| Untracked 
|  51|0x0000000083300000, 0x0000000083400000, 0x0000000083400000|100%| O|  |TAMS 0x0000000083400000, 0x0000000083300000| Untracked 
|  52|0x0000000083400000, 0x0000000083500000, 0x0000000083500000|100%| O|  |TAMS 0x0000000083500000, 0x0000000083400000| Untracked 
|  53|0x0000000083500000, 0x0000000083600000, 0x0000000083600000|100%| O|  |TAMS 0x0000000083600000, 0x0000000083500000| Untracked 
|  54|0x0000000083600000, 0x0000000083700000, 0x0000000083700000|100%| O|  |TAMS 0x0000000083700000, 0x0000000083600000| Untracked 
|  55|0x0000000083700000, 0x0000000083800000, 0x0000000083800000|100%| O|  |TAMS 0x0000000083800000, 0x0000000083700000| Untracked 
|  56|0x0000000083800000, 0x0000000083900000, 0x0000000083900000|100%| O|  |TAMS 0x0000000083900000, 0x0000000083800000| Untracked 
|  57|0x0000000083900000, 0x0000000083a00000, 0x0000000083a00000|100%| O|  |TAMS 0x0000000083a00000, 0x0000000083900000| Untracked 
|  58|0x0000000083a00000, 0x0000000083b00000, 0x0000000083b00000|100%| O|  |TAMS 0x0000000083b00000, 0x0000000083a00000| Untracked 
|  59|0x0000000083b00000, 0x0000000083c00000, 0x0000000083c00000|100%| O|  |TAMS 0x0000000083c00000, 0x0000000083b00000| Untracked 
|  60|0x0000000083c00000, 0x0000000083d00000, 0x0000000083d00000|100%| O|  |TAMS 0x0000000083d00000, 0x0000000083c00000| Untracked 
|  61|0x0000000083d00000, 0x0000000083e00000, 0x0000000083e00000|100%| O|  |TAMS 0x0000000083e00000, 0x0000000083d00000| Untracked 
|  62|0x0000000083e00000, 0x0000000083f00000, 0x0000000083f00000|100%| O|  |TAMS 0x0000000083f00000, 0x0000000083e00000| Untracked 
|  63|0x0000000083f00000, 0x0000000084000000, 0x0000000084000000|100%| O|  |TAMS 0x0000000084000000, 0x0000000083f00000| Untracked 
|  64|0x0000000084000000, 0x0000000084100000, 0x0000000084100000|100%| O|  |TAMS 0x0000000084100000, 0x0000000084000000| Untracked 
|  65|0x0000000084100000, 0x0000000084200000, 0x0000000084200000|100%| O|  |TAMS 0x0000000084200000, 0x0000000084100000| Untracked 
|  66|0x0000000084200000, 0x0000000084300000, 0x0000000084300000|100%| O|  |TAMS 0x0000000084300000, 0x0000000084200000| Untracked 
|  67|0x0000000084300000, 0x0000000084400000, 0x0000000084400000|100%| O|  |TAMS 0x0000000084400000, 0x0000000084300000| Untracked 
|  68|0x0000000084400000, 0x0000000084500000, 0x0000000084500000|100%| O|  |TAMS 0x0000000084500000, 0x0000000084400000| Untracked 
|  69|0x0000000084500000, 0x0000000084600000, 0x0000000084600000|100%| O|  |TAMS 0x0000000084600000, 0x0000000084500000| Untracked 
|  70|0x0000000084600000, 0x0000000084700000, 0x0000000084700000|100%| O|  |TAMS 0x0000000084700000, 0x0000000084600000| Untracked 
|  71|0x0000000084700000, 0x0000000084800000, 0x0000000084800000|100%| O|  |TAMS 0x0000000084800000, 0x0000000084700000| Untracked 
|  72|0x0000000084800000, 0x0000000084900000, 0x0000000084900000|100%| O|  |TAMS 0x0000000084900000, 0x0000000084800000| Untracked 
|  73|0x0000000084900000, 0x0000000084a00000, 0x0000000084a00000|100%| O|  |TAMS 0x0000000084a00000, 0x0000000084900000| Untracked 
|  74|0x0000000084a00000, 0x0000000084b00000, 0x0000000084b00000|100%| O|  |TAMS 0x0000000084b00000, 0x0000000084a00000| Untracked 
|  75|0x0000000084b00000, 0x0000000084c00000, 0x0000000084c00000|100%| O|  |TAMS 0x0000000084c00000, 0x0000000084b00000| Untracked 
|  76|0x0000000084c00000, 0x0000000084d00000, 0x0000000084d00000|100%| O|  |TAMS 0x0000000084d00000, 0x0000000084c00000| Untracked 
|  77|0x0000000084d00000, 0x0000000084e00000, 0x0000000084e00000|100%| O|  |TAMS 0x0000000084e00000, 0x0000000084d00000| Untracked 
|  78|0x0000000084e00000, 0x0000000084f00000, 0x0000000084f00000|100%| O|  |TAMS 0x0000000084f00000, 0x0000000084e00000| Untracked 
|  79|0x0000000084f00000, 0x0000000085000000, 0x0000000085000000|100%| O|  |TAMS 0x0000000085000000, 0x0000000084f00000| Untracked 
|  80|0x0000000085000000, 0x0000000085100000, 0x0000000085100000|100%| O|  |TAMS 0x0000000085100000, 0x0000000085000000| Untracked 
|  81|0x0000000085100000, 0x0000000085200000, 0x0000000085200000|100%| O|  |TAMS 0x0000000085100000, 0x0000000085100000| Untracked 
|  82|0x0000000085200000, 0x0000000085300000, 0x0000000085300000|100%| O|  |TAMS 0x0000000085300000, 0x0000000085200000| Untracked 
|  83|0x0000000085300000, 0x0000000085400000, 0x0000000085400000|100%| O|  |TAMS 0x0000000085400000, 0x0000000085300000| Untracked 
|  84|0x0000000085400000, 0x0000000085500000, 0x0000000085500000|100%| O|  |TAMS 0x0000000085400000, 0x0000000085400000| Untracked 
|  85|0x0000000085500000, 0x0000000085600000, 0x0000000085600000|100%| O|  |TAMS 0x0000000085600000, 0x0000000085500000| Untracked 
|  86|0x0000000085600000, 0x0000000085700000, 0x0000000085700000|100%| O|  |TAMS 0x0000000085700000, 0x0000000085600000| Untracked 
|  87|0x0000000085700000, 0x0000000085800000, 0x0000000085800000|100%| O|  |TAMS 0x0000000085800000, 0x0000000085700000| Untracked 
|  88|0x0000000085800000, 0x0000000085900000, 0x0000000085900000|100%| O|  |TAMS 0x0000000085900000, 0x0000000085800000| Untracked 
|  89|0x0000000085900000, 0x0000000085a00000, 0x0000000085a00000|100%| O|  |TAMS 0x0000000085a00000, 0x0000000085900000| Untracked 
|  90|0x0000000085a00000, 0x0000000085b00000, 0x0000000085b00000|100%| O|  |TAMS 0x0000000085b00000, 0x0000000085a00000| Untracked 
|  91|0x0000000085b00000, 0x0000000085c00000, 0x0000000085c00000|100%| O|  |TAMS 0x0000000085bd6200, 0x0000000085b00000| Untracked 
|  92|0x0000000085c00000, 0x0000000085d00000, 0x0000000085d00000|100%| O|  |TAMS 0x0000000085d00000, 0x0000000085c00000| Untracked 
|  93|0x0000000085d00000, 0x0000000085e00000, 0x0000000085e00000|100%| O|  |TAMS 0x0000000085e00000, 0x0000000085d00000| Untracked 
|  94|0x0000000085e00000, 0x0000000085f00000, 0x0000000085f00000|100%| O|  |TAMS 0x0000000085e00000, 0x0000000085e00000| Untracked 
|  95|0x0000000085f00000, 0x0000000086000000, 0x0000000086000000|100%| O|  |TAMS 0x0000000085f00000, 0x0000000085f00000| Untracked 
|  96|0x0000000086000000, 0x0000000086100000, 0x0000000086100000|100%| O|  |TAMS 0x0000000086100000, 0x0000000086000000| Untracked 
|  97|0x0000000086100000, 0x0000000086200000, 0x0000000086200000|100%| O|  |TAMS 0x0000000086200000, 0x0000000086100000| Untracked 
|  98|0x0000000086200000, 0x0000000086300000, 0x0000000086300000|100%| O|  |TAMS 0x0000000086300000, 0x0000000086200000| Untracked 
|  99|0x0000000086300000, 0x0000000086400000, 0x0000000086400000|100%| O|  |TAMS 0x0000000086300000, 0x0000000086300000| Untracked 
| 100|0x0000000086400000, 0x0000000086500000, 0x0000000086500000|100%|HS|  |TAMS 0x0000000086500000, 0x0000000086400000| Complete 
| 101|0x0000000086500000, 0x0000000086600000, 0x0000000086600000|100%|HC|  |TAMS 0x0000000086600000, 0x0000000086500000| Complete 
| 102|0x0000000086600000, 0x0000000086700000, 0x0000000086700000|100%|HC|  |TAMS 0x0000000086700000, 0x0000000086600000| Complete 
| 103|0x0000000086700000, 0x0000000086800000, 0x0000000086800000|100%| O|  |TAMS 0x0000000086800000, 0x0000000086700000| Untracked 
| 104|0x0000000086800000, 0x0000000086900000, 0x0000000086900000|100%| O|  |TAMS 0x0000000086800000, 0x0000000086800000| Untracked 
| 105|0x0000000086900000, 0x0000000086a00000, 0x0000000086a00000|100%| O|  |TAMS 0x0000000086900000, 0x0000000086900000| Untracked 
| 106|0x0000000086a00000, 0x0000000086b00000, 0x0000000086b00000|100%| O|  |TAMS 0x0000000086b00000, 0x0000000086a00000| Untracked 
| 107|0x0000000086b00000, 0x0000000086c00000, 0x0000000086c00000|100%| O|  |TAMS 0x0000000086c00000, 0x0000000086b00000| Untracked 
| 108|0x0000000086c00000, 0x0000000086d00000, 0x0000000086d00000|100%| O|  |TAMS 0x0000000086d00000, 0x0000000086c00000| Untracked 
| 109|0x0000000086d00000, 0x0000000086e00000, 0x0000000086e00000|100%| O|  |TAMS 0x0000000086e00000, 0x0000000086d00000| Untracked 
| 110|0x0000000086e00000, 0x0000000086f00000, 0x0000000086f00000|100%| O|  |TAMS 0x0000000086f00000, 0x0000000086e00000| Untracked 
| 111|0x0000000086f00000, 0x0000000087000000, 0x0000000087000000|100%| O|  |TAMS 0x0000000086f00000, 0x0000000086f00000| Untracked 
| 112|0x0000000087000000, 0x0000000087100000, 0x0000000087100000|100%| O|  |TAMS 0x0000000087100000, 0x0000000087000000| Untracked 
| 113|0x0000000087100000, 0x0000000087200000, 0x0000000087200000|100%| O|  |TAMS 0x0000000087100000, 0x0000000087100000| Untracked 
| 114|0x0000000087200000, 0x0000000087300000, 0x0000000087300000|100%| O|  |TAMS 0x0000000087200000, 0x0000000087200000| Untracked 
| 115|0x0000000087300000, 0x0000000087400000, 0x0000000087400000|100%| O|  |TAMS 0x0000000087300000, 0x0000000087300000| Untracked 
| 116|0x0000000087400000, 0x0000000087500000, 0x0000000087500000|100%| O|  |TAMS 0x0000000087400000, 0x0000000087400000| Untracked 
| 117|0x0000000087500000, 0x0000000087600000, 0x0000000087600000|100%| O|  |TAMS 0x0000000087500000, 0x0000000087500000| Untracked 
| 118|0x0000000087600000, 0x0000000087700000, 0x0000000087700000|100%| O|  |TAMS 0x0000000087600000, 0x0000000087600000| Untracked 
| 119|0x0000000087700000, 0x0000000087800000, 0x0000000087800000|100%| O|  |TAMS 0x0000000087700000, 0x0000000087700000| Untracked 
| 120|0x0000000087800000, 0x0000000087900000, 0x0000000087900000|100%|HS|  |TAMS 0x0000000087800000, 0x0000000087800000| Complete 
| 121|0x0000000087900000, 0x0000000087a00000, 0x0000000087a00000|100%|HC|  |TAMS 0x0000000087900000, 0x0000000087900000| Complete 
| 122|0x0000000087a00000, 0x0000000087b00000, 0x0000000087b00000|100%| O|  |TAMS 0x0000000087a00000, 0x0000000087a00000| Untracked 
| 123|0x0000000087b00000, 0x0000000087c00000, 0x0000000087c00000|100%| O|  |TAMS 0x0000000087b00000, 0x0000000087b00000| Untracked 
| 124|0x0000000087c00000, 0x0000000087d00000, 0x0000000087d00000|100%| O|  |TAMS 0x0000000087c00000, 0x0000000087c00000| Untracked 
| 125|0x0000000087d00000, 0x0000000087e00000, 0x0000000087e00000|100%| O|  |TAMS 0x0000000087e00000, 0x0000000087d00000| Untracked 
| 126|0x0000000087e00000, 0x0000000087f00000, 0x0000000087f00000|100%| O|  |TAMS 0x0000000087e00000, 0x0000000087e00000| Untracked 
| 127|0x0000000087f00000, 0x0000000088000000, 0x0000000088000000|100%| O|  |TAMS 0x0000000088000000, 0x0000000087f00000| Untracked 
| 128|0x0000000088000000, 0x0000000088100000, 0x0000000088100000|100%| O|  |TAMS 0x0000000088100000, 0x0000000088000000| Untracked 
| 129|0x0000000088100000, 0x0000000088200000, 0x0000000088200000|100%| O|  |TAMS 0x0000000088100000, 0x0000000088100000| Untracked 
| 130|0x0000000088200000, 0x0000000088300000, 0x0000000088300000|100%| O|  |TAMS 0x0000000088200000, 0x0000000088200000| Untracked 
| 131|0x0000000088300000, 0x0000000088400000, 0x0000000088400000|100%| O|  |TAMS 0x0000000088300000, 0x0000000088300000| Untracked 
| 132|0x0000000088400000, 0x0000000088500000, 0x0000000088500000|100%| O|  |TAMS 0x0000000088500000, 0x0000000088400000| Untracked 
| 133|0x0000000088500000, 0x0000000088600000, 0x0000000088600000|100%| O|  |TAMS 0x0000000088600000, 0x0000000088500000| Untracked 
| 134|0x0000000088600000, 0x0000000088700000, 0x0000000088700000|100%| O|  |TAMS 0x0000000088600000, 0x0000000088600000| Untracked 
| 135|0x0000000088700000, 0x0000000088800000, 0x0000000088800000|100%| O|  |TAMS 0x0000000088700000, 0x0000000088700000| Untracked 
| 136|0x0000000088800000, 0x0000000088900000, 0x0000000088900000|100%| O|  |TAMS 0x0000000088900000, 0x0000000088800000| Untracked 
| 137|0x0000000088900000, 0x0000000088a00000, 0x0000000088a00000|100%| O|  |TAMS 0x0000000088900000, 0x0000000088900000| Untracked 
| 138|0x0000000088a00000, 0x0000000088b00000, 0x0000000088b00000|100%| O|  |TAMS 0x0000000088a00000, 0x0000000088a00000| Untracked 
| 139|0x0000000088b00000, 0x0000000088c00000, 0x0000000088c00000|100%| O|  |TAMS 0x0000000088b00000, 0x0000000088b00000| Untracked 
| 140|0x0000000088c00000, 0x0000000088d00000, 0x0000000088d00000|100%| O|  |TAMS 0x0000000088c00000, 0x0000000088c00000| Untracked 
| 141|0x0000000088d00000, 0x0000000088e00000, 0x0000000088e00000|100%| O|  |TAMS 0x0000000088d00000, 0x0000000088d00000| Untracked 
| 142|0x0000000088e00000, 0x0000000088f00000, 0x0000000088f00000|100%| O|  |TAMS 0x0000000088e00000, 0x0000000088e00000| Untracked 
| 143|0x0000000088f00000, 0x0000000089000000, 0x0000000089000000|100%| O|  |TAMS 0x0000000088f00000, 0x0000000088f00000| Untracked 
| 144|0x0000000089000000, 0x0000000089100000, 0x0000000089100000|100%| O|  |TAMS 0x0000000089000000, 0x0000000089000000| Untracked 
| 145|0x0000000089100000, 0x0000000089200000, 0x0000000089200000|100%| O|  |TAMS 0x0000000089100000, 0x0000000089100000| Untracked 
| 146|0x0000000089200000, 0x0000000089300000, 0x0000000089300000|100%| O|  |TAMS 0x0000000089200000, 0x0000000089200000| Untracked 
| 147|0x0000000089300000, 0x0000000089400000, 0x0000000089400000|100%| O|  |TAMS 0x0000000089300000, 0x0000000089300000| Untracked 
| 148|0x0000000089400000, 0x0000000089500000, 0x0000000089500000|100%| O|  |TAMS 0x0000000089400000, 0x0000000089400000| Untracked 
| 149|0x0000000089500000, 0x0000000089600000, 0x0000000089600000|100%| O|  |TAMS 0x0000000089500000, 0x0000000089500000| Untracked 
| 150|0x0000000089600000, 0x0000000089700000, 0x0000000089700000|100%| O|  |TAMS 0x0000000089600000, 0x0000000089600000| Untracked 
| 151|0x0000000089700000, 0x0000000089800000, 0x0000000089800000|100%|HS|  |TAMS 0x0000000089700000, 0x0000000089700000| Complete 
| 152|0x0000000089800000, 0x0000000089900000, 0x0000000089900000|100%| O|  |TAMS 0x0000000089800000, 0x0000000089800000| Untracked 
| 153|0x0000000089900000, 0x0000000089a00000, 0x0000000089a00000|100%| O|  |TAMS 0x0000000089900000, 0x0000000089900000| Untracked 
| 154|0x0000000089a00000, 0x0000000089b00000, 0x0000000089b00000|100%| O|  |TAMS 0x0000000089a00000, 0x0000000089a00000| Untracked 
| 155|0x0000000089b00000, 0x0000000089c00000, 0x0000000089c00000|100%| O|  |TAMS 0x0000000089b00000, 0x0000000089b00000| Untracked 
| 156|0x0000000089c00000, 0x0000000089d00000, 0x0000000089d00000|100%| O|  |TAMS 0x0000000089c00000, 0x0000000089c00000| Untracked 
| 157|0x0000000089d00000, 0x0000000089e00000, 0x0000000089e00000|100%| O|  |TAMS 0x0000000089d00000, 0x0000000089d00000| Untracked 
| 158|0x0000000089e00000, 0x0000000089f00000, 0x0000000089f00000|100%| O|  |TAMS 0x0000000089e00000, 0x0000000089e00000| Untracked 
| 159|0x0000000089f00000, 0x000000008a000000, 0x000000008a000000|100%| O|  |TAMS 0x0000000089f00000, 0x0000000089f00000| Untracked 
| 160|0x000000008a000000, 0x000000008a100000, 0x000000008a100000|100%| O|  |TAMS 0x000000008a000000, 0x000000008a000000| Untracked 
| 161|0x000000008a100000, 0x000000008a200000, 0x000000008a200000|100%| O|  |TAMS 0x000000008a100000, 0x000000008a100000| Untracked 
| 162|0x000000008a200000, 0x000000008a300000, 0x000000008a300000|100%| O|  |TAMS 0x000000008a200000, 0x000000008a200000| Untracked 
| 163|0x000000008a300000, 0x000000008a400000, 0x000000008a400000|100%| O|  |TAMS 0x000000008a300000, 0x000000008a300000| Untracked 
| 164|0x000000008a400000, 0x000000008a500000, 0x000000008a500000|100%| O|  |TAMS 0x000000008a400000, 0x000000008a400000| Untracked 
| 165|0x000000008a500000, 0x000000008a600000, 0x000000008a600000|100%| O|  |TAMS 0x000000008a500000, 0x000000008a500000| Untracked 
| 166|0x000000008a600000, 0x000000008a700000, 0x000000008a700000|100%| O|  |TAMS 0x000000008a600000, 0x000000008a600000| Untracked 
| 167|0x000000008a700000, 0x000000008a800000, 0x000000008a800000|100%| O|  |TAMS 0x000000008a700000, 0x000000008a700000| Untracked 
| 168|0x000000008a800000, 0x000000008a900000, 0x000000008a900000|100%| O|  |TAMS 0x000000008a800000, 0x000000008a800000| Untracked 
| 169|0x000000008a900000, 0x000000008aa00000, 0x000000008aa00000|100%| O|  |TAMS 0x000000008a900000, 0x000000008a900000| Untracked 
| 170|0x000000008aa00000, 0x000000008ab00000, 0x000000008ab00000|100%| O|  |TAMS 0x000000008aa00000, 0x000000008aa00000| Untracked 
| 171|0x000000008ab00000, 0x000000008ac00000, 0x000000008ac00000|100%| O|  |TAMS 0x000000008ab00000, 0x000000008ab00000| Untracked 
| 172|0x000000008ac00000, 0x000000008ad00000, 0x000000008ad00000|100%| O|  |TAMS 0x000000008ac00000, 0x000000008ac00000| Untracked 
| 173|0x000000008ad00000, 0x000000008ad00000, 0x000000008ae00000|  0%| F|  |TAMS 0x000000008ad00000, 0x000000008ad00000| Untracked 
| 174|0x000000008ae00000, 0x000000008ae00000, 0x000000008af00000|  0%| F|  |TAMS 0x000000008ae00000, 0x000000008ae00000| Untracked 
| 175|0x000000008af00000, 0x000000008af00000, 0x000000008b000000|  0%| F|  |TAMS 0x000000008af00000, 0x000000008af00000| Untracked 
| 176|0x000000008b000000, 0x000000008b000000, 0x000000008b100000|  0%| F|  |TAMS 0x000000008b000000, 0x000000008b000000| Untracked 
| 177|0x000000008b100000, 0x000000008b100000, 0x000000008b200000|  0%| F|  |TAMS 0x000000008b100000, 0x000000008b100000| Untracked 
| 178|0x000000008b200000, 0x000000008b200000, 0x000000008b300000|  0%| F|  |TAMS 0x000000008b200000, 0x000000008b200000| Untracked 
| 179|0x000000008b300000, 0x000000008b300000, 0x000000008b400000|  0%| F|  |TAMS 0x000000008b300000, 0x000000008b300000| Untracked 
| 180|0x000000008b400000, 0x000000008b400000, 0x000000008b500000|  0%| F|  |TAMS 0x000000008b400000, 0x000000008b400000| Untracked 
| 181|0x000000008b500000, 0x000000008b500000, 0x000000008b600000|  0%| F|  |TAMS 0x000000008b500000, 0x000000008b500000| Untracked 
| 182|0x000000008b600000, 0x000000008b600000, 0x000000008b700000|  0%| F|  |TAMS 0x000000008b600000, 0x000000008b600000| Untracked 
| 183|0x000000008b700000, 0x000000008b700000, 0x000000008b800000|  0%| F|  |TAMS 0x000000008b700000, 0x000000008b700000| Untracked 
| 184|0x000000008b800000, 0x000000008b800000, 0x000000008b900000|  0%| F|  |TAMS 0x000000008b800000, 0x000000008b800000| Untracked 
| 185|0x000000008b900000, 0x000000008b900000, 0x000000008ba00000|  0%| F|  |TAMS 0x000000008b900000, 0x000000008b900000| Untracked 
| 186|0x000000008ba00000, 0x000000008ba00000, 0x000000008bb00000|  0%| F|  |TAMS 0x000000008ba00000, 0x000000008ba00000| Untracked 
| 187|0x000000008bb00000, 0x000000008bb00000, 0x000000008bc00000|  0%| F|  |TAMS 0x000000008bb00000, 0x000000008bb00000| Untracked 
| 188|0x000000008bc00000, 0x000000008bc00000, 0x000000008bd00000|  0%| F|  |TAMS 0x000000008bc00000, 0x000000008bc00000| Untracked 
| 189|0x000000008bd00000, 0x000000008bd00000, 0x000000008be00000|  0%| F|  |TAMS 0x000000008bd00000, 0x000000008bd00000| Untracked 
| 190|0x000000008be00000, 0x000000008be00000, 0x000000008bf00000|  0%| F|  |TAMS 0x000000008be00000, 0x000000008be00000| Untracked 
| 191|0x000000008bf00000, 0x000000008bf00000, 0x000000008c000000|  0%| F|  |TAMS 0x000000008bf00000, 0x000000008bf00000| Untracked 
| 192|0x000000008c000000, 0x000000008c000000, 0x000000008c100000|  0%| F|  |TAMS 0x000000008c000000, 0x000000008c000000| Untracked 
| 193|0x000000008c100000, 0x000000008c100000, 0x000000008c200000|  0%| F|  |TAMS 0x000000008c100000, 0x000000008c100000| Untracked 
| 194|0x000000008c200000, 0x000000008c200000, 0x000000008c300000|  0%| F|  |TAMS 0x000000008c200000, 0x000000008c200000| Untracked 
| 195|0x000000008c300000, 0x000000008c300000, 0x000000008c400000|  0%| F|  |TAMS 0x000000008c300000, 0x000000008c300000| Untracked 
| 196|0x000000008c400000, 0x000000008c400000, 0x000000008c500000|  0%| F|  |TAMS 0x000000008c400000, 0x000000008c400000| Untracked 
| 197|0x000000008c500000, 0x000000008c500000, 0x000000008c600000|  0%| F|  |TAMS 0x000000008c500000, 0x000000008c500000| Untracked 
| 198|0x000000008c600000, 0x000000008c600000, 0x000000008c700000|  0%| F|  |TAMS 0x000000008c600000, 0x000000008c600000| Untracked 
| 199|0x000000008c700000, 0x000000008c735ce8, 0x000000008c800000| 21%| S|CS|TAMS 0x000000008c700000, 0x000000008c700000| Complete 
| 200|0x000000008c800000, 0x000000008c800000, 0x000000008c900000|  0%| F|  |TAMS 0x000000008c800000, 0x000000008c800000| Untracked 
| 201|0x000000008c900000, 0x000000008c900000, 0x000000008ca00000|  0%| F|  |TAMS 0x000000008c900000, 0x000000008c900000| Untracked 
| 202|0x000000008ca00000, 0x000000008cb00000, 0x000000008cb00000|100%| S|CS|TAMS 0x000000008ca00000, 0x000000008ca00000| Complete 
| 203|0x000000008cb00000, 0x000000008cb00000, 0x000000008cc00000|  0%| F|  |TAMS 0x000000008cb00000, 0x000000008cb00000| Untracked 
| 204|0x000000008cc00000, 0x000000008cc00000, 0x000000008cd00000|  0%| F|  |TAMS 0x000000008cc00000, 0x000000008cc00000| Untracked 
| 205|0x000000008cd00000, 0x000000008cd00000, 0x000000008ce00000|  0%| F|  |TAMS 0x000000008cd00000, 0x000000008cd00000| Untracked 
| 206|0x000000008ce00000, 0x000000008ce00000, 0x000000008cf00000|  0%| F|  |TAMS 0x000000008ce00000, 0x000000008ce00000| Untracked 
| 207|0x000000008cf00000, 0x000000008cf00000, 0x000000008d000000|  0%| F|  |TAMS 0x000000008cf00000, 0x000000008cf00000| Untracked 
| 208|0x000000008d000000, 0x000000008d000000, 0x000000008d100000|  0%| F|  |TAMS 0x000000008d000000, 0x000000008d000000| Untracked 
| 209|0x000000008d100000, 0x000000008d100000, 0x000000008d200000|  0%| F|  |TAMS 0x000000008d100000, 0x000000008d100000| Untracked 
| 210|0x000000008d200000, 0x000000008d2a57e8, 0x000000008d300000| 64%| E|  |TAMS 0x000000008d200000, 0x000000008d200000| Complete 
| 211|0x000000008d300000, 0x000000008d400000, 0x000000008d400000|100%| E|  |TAMS 0x000000008d300000, 0x000000008d300000| Complete 
| 212|0x000000008d400000, 0x000000008d500000, 0x000000008d500000|100%| E|CS|TAMS 0x000000008d400000, 0x000000008d400000| Complete 
| 213|0x000000008d500000, 0x000000008d600000, 0x000000008d600000|100%| E|CS|TAMS 0x000000008d500000, 0x000000008d500000| Complete 
| 214|0x000000008d600000, 0x000000008d700000, 0x000000008d700000|100%| E|CS|TAMS 0x000000008d600000, 0x000000008d600000| Complete 

Card table byte_map: [0x000000a52f170000,0x000000a52f570000] _byte_map_base: 0x000000a52ed70000

Marking Bits (Prev, Next): (CMBitMap*) 0x000000a51c2e60c8, (CMBitMap*) 0x000000a51c2e6100
 Prev Bits: [0x000000a52f970000, 0x000000a531970000)
 Next Bits: [0x000000a531970000, 0x000000a533970000)

Polling page: 0x000000a51ba50000

Metaspace:

Usage:
  Non-class:    106.20 MB capacity,   104.01 MB ( 98%) used,     1.80 MB (  2%) free+waste,   401.81 KB ( <1%) overhead. 
      Class:     16.12 MB capacity,    14.87 MB ( 92%) used,     1.07 MB (  7%) free+waste,   179.75 KB (  1%) overhead. 
       Both:    122.32 MB capacity,   118.88 MB ( 97%) used,     2.87 MB (  2%) free+waste,   581.56 KB ( <1%) overhead. 

Virtual space:
  Non-class space:      108.00 MB reserved,     106.29 MB ( 98%) committed 
      Class space:        1.00 GB reserved,      16.20 MB (  2%) committed 
             Both:        1.11 GB reserved,     122.48 MB ( 11%) committed 

Chunk freelists:
   Non-Class:  25.00 KB
       Class:  6.00 KB
        Both:  31.00 KB

MaxMetaspaceSize: 17179869184.00 GB
CompressedClassSpaceSize: 1.00 GB

CodeHeap 'non-profiled nmethods': size=120064Kb used=12363Kb max_used=12363Kb free=107700Kb
 bounds [0x000000a527830000, 0x000000a528450000, 0x000000a52ed70000]
CodeHeap 'profiled nmethods': size=120000Kb used=36191Kb max_used=37010Kb free=83808Kb
 bounds [0x000000a520300000, 0x000000a522750000, 0x000000a527830000]
CodeHeap 'non-nmethods': size=5696Kb used=2322Kb max_used=2382Kb free=3373Kb
 bounds [0x000000a51fd70000, 0x000000a51ffe0000, 0x000000a520300000]
 total_blobs=16885 nmethods=15927 adapters=868
 compilation: enabled
              stopped_count=0, restarted_count=0
 full_count=0

Compilation events (20 events):
Event: 492.506 Thread 0x000000a536c1c800 16837       3       com.sun.tools.javac.code.DeferredCompletionFailureHandler$2::uninstall (1 bytes)
Event: 492.506 Thread 0x000000a536c1c800 nmethod 16837 0x000000a520484010 code [0x000000a5204841c0, 0x000000a5204842b8]
Event: 492.506 Thread 0x000000a536c1c800 16838       3       com.sun.tools.javac.code.DeferredCompletionFailureHandler$1::install (20 bytes)
Event: 492.507 Thread 0x000000a536c1c800 nmethod 16838 0x000000a5204c8590 code [0x000000a5204c8780, 0x000000a5204c8b98]
Event: 492.507 Thread 0x000000a536c1c800 16839       3       com.sun.tools.javac.code.DeferredCompletionFailureHandler$1::uninstall (20 bytes)
Event: 492.508 Thread 0x000000a536c1c800 nmethod 16839 0x000000a5204c7c90 code [0x000000a5204c7e80, 0x000000a5204c8298]
Event: 492.572 Thread 0x000000a536c1c800 16840       1       com.sun.tools.javac.util.AbstractLog::currentSource (5 bytes)
Event: 492.573 Thread 0x000000a536c1c800 nmethod 16840 0x000000a527a5cc90 code [0x000000a527a5ce40, 0x000000a527a5cef8]
Event: 492.752 Thread 0x000000a536c1c800 16841       3       com.sun.tools.javac.parser.JavacParser::annotationValue (215 bytes)
Event: 492.761 Thread 0x000000a536c1c800 nmethod 16841 0x000000a5204fb890 code [0x000000a5204fbc60, 0x000000a5204fd098]
Event: 492.903 Thread 0x000000a536c1c800 16842       3       java.io.ByteArrayInputStream::<init> (37 bytes)
Event: 492.904 Thread 0x000000a536c1c800 nmethod 16842 0x000000a5204d1590 code [0x000000a5204d1760, 0x000000a5204d1a38]
Event: 493.300 Thread 0x000000a536c1c800 16844       3       com.sun.tools.javac.parser.JavacParser::blockStatements (85 bytes)
Event: 493.304 Thread 0x000000a536c1c800 nmethod 16844 0x000000a5204d2e10 code [0x000000a5204d30c0, 0x000000a5204d3f18]
Event: 493.614 Thread 0x000000a536c1c800 16846       3       com.sun.tools.javac.parser.JavacParser::annotationFieldValuesOpt (24 bytes)
Event: 493.615 Thread 0x000000a536c1c800 nmethod 16846 0x000000a5204b1910 code [0x000000a5204b1ae0, 0x000000a5204b1ce8]
Event: 493.617 Thread 0x000000a536c1c800 16847       3       com.sun.tools.javac.tree.TreeMaker::Annotation (23 bytes)
Event: 493.619 Thread 0x000000a536c1c800 nmethod 16847 0x000000a5204d5b10 code [0x000000a5204d5ce0, 0x000000a5204d60f8]
Event: 493.635 Thread 0x000000a536c1c800 16848       2       com.sun.tools.javac.code.Symbol::<init> (45 bytes)
Event: 493.636 Thread 0x000000a536c1c800 nmethod 16848 0x000000a5204d5590 code [0x000000a5204d5760, 0x000000a5204d5a78]

GC Heap History (20 events):
Event: 328.306 GC heap before
{Heap before GC invocations=55 (full 0):
 garbage-first heap   total 220160K, used 182577K [0x0000000080000000, 0x0000000100000000)
  region size 1024K, 37 young (37888K), 6 survivors (6144K)
 Metaspace       used 114629K, capacity 117420K, committed 117616K, reserved 1150976K
  class space    used 14275K, capacity 15322K, committed 15436K, reserved 1048576K
}
Event: 328.340 GC heap after
{Heap after GC invocations=56 (full 0):
 garbage-first heap   total 220160K, used 153855K [0x0000000080000000, 0x0000000100000000)
  region size 1024K, 3 young (3072K), 3 survivors (3072K)
 Metaspace       used 114629K, capacity 117420K, committed 117616K, reserved 1150976K
  class space    used 14275K, capacity 15322K, committed 15436K, reserved 1048576K
}
Event: 336.424 GC heap before
{Heap before GC invocations=56 (full 0):
 garbage-first heap   total 220160K, used 183551K [0x0000000080000000, 0x0000000100000000)
  region size 1024K, 32 young (32768K), 3 survivors (3072K)
 Metaspace       used 116493K, capacity 119512K, committed 119664K, reserved 1153024K
  class space    used 14528K, capacity 15675K, committed 15692K, reserved 1048576K
}
Event: 336.446 GC heap after
{Heap after GC invocations=57 (full 0):
 garbage-first heap   total 220160K, used 155560K [0x0000000080000000, 0x0000000100000000)
  region size 1024K, 2 young (2048K), 2 survivors (2048K)
 Metaspace       used 116493K, capacity 119512K, committed 119664K, reserved 1153024K
  class space    used 14528K, capacity 15675K, committed 15692K, reserved 1048576K
}
Event: 341.543 GC heap before
{Heap before GC invocations=57 (full 0):
 garbage-first heap   total 220160K, used 186280K [0x0000000080000000, 0x0000000100000000)
  region size 1024K, 31 young (31744K), 2 survivors (2048K)
 Metaspace       used 119503K, capacity 122867K, committed 123120K, reserved 1157120K
  class space    used 15001K, capacity 16280K, committed 16332K, reserved 1048576K
}
Event: 341.568 GC heap after
{Heap after GC invocations=58 (full 0):
 garbage-first heap   total 220160K, used 158748K [0x0000000080000000, 0x0000000100000000)
  region size 1024K, 4 young (4096K), 4 survivors (4096K)
 Metaspace       used 119503K, capacity 122867K, committed 123120K, reserved 1157120K
  class space    used 15001K, capacity 16280K, committed 16332K, reserved 1048576K
}
Event: 349.146 GC heap before
{Heap before GC invocations=58 (full 0):
 garbage-first heap   total 220160K, used 187420K [0x0000000080000000, 0x0000000100000000)
  region size 1024K, 32 young (32768K), 4 survivors (4096K)
 Metaspace       used 120049K, capacity 123528K, committed 123632K, reserved 1157120K
  class space    used 15025K, capacity 16322K, committed 16332K, reserved 1048576K
}
Event: 349.171 GC heap after
{Heap after GC invocations=59 (full 0):
 garbage-first heap   total 220160K, used 156684K [0x0000000080000000, 0x0000000100000000)
  region size 1024K, 1 young (1024K), 1 survivors (1024K)
 Metaspace       used 120049K, capacity 123528K, committed 123632K, reserved 1157120K
  class space    used 15025K, capacity 16322K, committed 16332K, reserved 1048576K
}
Event: 374.985 GC heap before
{Heap before GC invocations=59 (full 0):
 garbage-first heap   total 220160K, used 185356K [0x0000000080000000, 0x0000000100000000)
  region size 1024K, 30 young (30720K), 1 survivors (1024K)
 Metaspace       used 120082K, capacity 123595K, committed 123632K, reserved 1157120K
  class space    used 15027K, capacity 16323K, committed 16332K, reserved 1048576K
}
Event: 375.009 GC heap after
{Heap after GC invocations=60 (full 0):
 garbage-first heap   total 220160K, used 162924K [0x0000000080000000, 0x0000000100000000)
  region size 1024K, 4 young (4096K), 4 survivors (4096K)
 Metaspace       used 120082K, capacity 123595K, committed 123632K, reserved 1157120K
  class space    used 15027K, capacity 16323K, committed 16332K, reserved 1048576K
}
Event: 456.664 GC heap before
{Heap before GC invocations=60 (full 0):
 garbage-first heap   total 220160K, used 186476K [0x0000000080000000, 0x0000000100000000)
  region size 1024K, 28 young (28672K), 4 survivors (4096K)
 Metaspace       used 120214K, capacity 123619K, committed 123632K, reserved 1157120K
  class space    used 15043K, capacity 16329K, committed 16332K, reserved 1048576K
}
Event: 456.680 GC heap after
{Heap after GC invocations=61 (full 0):
 garbage-first heap   total 220160K, used 163219K [0x0000000080000000, 0x0000000100000000)
  region size 1024K, 1 young (1024K), 1 survivors (1024K)
 Metaspace       used 120214K, capacity 123619K, committed 123632K, reserved 1157120K
  class space    used 15043K, capacity 16329K, committed 16332K, reserved 1048576K
}
Event: 461.206 GC heap before
{Heap before GC invocations=61 (full 0):
 garbage-first heap   total 220160K, used 186771K [0x0000000080000000, 0x0000000100000000)
  region size 1024K, 25 young (25600K), 1 survivors (1024K)
 Metaspace       used 120878K, capacity 124426K, committed 124528K, reserved 1157120K
  class space    used 15132K, capacity 16406K, committed 16460K, reserved 1048576K
}
Event: 461.226 GC heap after
{Heap after GC invocations=62 (full 0):
 garbage-first heap   total 220160K, used 165992K [0x0000000080000000, 0x0000000100000000)
  region size 1024K, 4 young (4096K), 4 survivors (4096K)
 Metaspace       used 120878K, capacity 124426K, committed 124528K, reserved 1157120K
  class space    used 15132K, capacity 16406K, committed 16460K, reserved 1048576K
}
Event: 463.597 GC heap before
{Heap before GC invocations=62 (full 0):
 garbage-first heap   total 220160K, used 187496K [0x0000000080000000, 0x0000000100000000)
  region size 1024K, 26 young (26624K), 4 survivors (4096K)
 Metaspace       used 121040K, capacity 124528K, committed 124784K, reserved 1157120K
  class space    used 15152K, capacity 16440K, committed 16460K, reserved 1048576K
}
Event: 463.674 GC heap after
{Heap after GC invocations=63 (full 0):
 garbage-first heap   total 220160K, used 173455K [0x0000000080000000, 0x0000000100000000)
  region size 1024K, 4 young (4096K), 4 survivors (4096K)
 Metaspace       used 121040K, capacity 124528K, committed 124784K, reserved 1157120K
  class space    used 15152K, capacity 16440K, committed 16460K, reserved 1048576K
}
Event: 475.283 GC heap before
{Heap before GC invocations=63 (full 0):
 garbage-first heap   total 220160K, used 187791K [0x0000000080000000, 0x0000000100000000)
  region size 1024K, 19 young (19456K), 4 survivors (4096K)
 Metaspace       used 121155K, capacity 124657K, committed 124784K, reserved 1157120K
  class space    used 15160K, capacity 16440K, committed 16460K, reserved 1048576K
}
Event: 475.327 GC heap after
{Heap after GC invocations=64 (full 0):
 garbage-first heap   total 220160K, used 177128K [0x0000000080000000, 0x0000000100000000)
  region size 1024K, 3 young (3072K), 3 survivors (3072K)
 Metaspace       used 121155K, capacity 124657K, committed 124784K, reserved 1157120K
  class space    used 15160K, capacity 16440K, committed 16460K, reserved 1048576K
}
Event: 481.990 GC heap before
{Heap before GC invocations=64 (full 0):
 garbage-first heap   total 220160K, used 189416K [0x0000000080000000, 0x0000000100000000)
  region size 1024K, 16 young (16384K), 3 survivors (3072K)
 Metaspace       used 121521K, capacity 124895K, committed 125040K, reserved 1159168K
  class space    used 15205K, capacity 16455K, committed 16460K, reserved 1048576K
}
Event: 482.012 GC heap after
{Heap after GC invocations=65 (full 0):
 garbage-first heap   total 220160K, used 178455K [0x0000000080000000, 0x0000000100000000)
  region size 1024K, 2 young (2048K), 2 survivors (2048K)
 Metaspace       used 121521K, capacity 124895K, committed 125040K, reserved 1159168K
  class space    used 15205K, capacity 16455K, committed 16460K, reserved 1048576K
}

Deoptimization events (20 events):
Event: 479.719 Thread 0x000000a539b4f800 DEOPT PACKING pc=0x000000a5207be5ce sp=0x000000a53b6f4530
Event: 479.719 Thread 0x000000a539b4f800 DEOPT UNPACKING pc=0x000000a51fd9643f sp=0x000000a53b6f3a20 mode 0
Event: 480.326 Thread 0x000000a539b4f800 Uncommon trap: trap_request=0xffffffde fr.pc=0x000000a527f842ec relative=0x000000000000012c
Event: 480.326 Thread 0x000000a539b4f800 Uncommon trap: reason=class_check action=maybe_recompile pc=0x000000a527f842ec method=java.util.AbstractList.hashCode()I @ 3 c2
Event: 480.326 Thread 0x000000a539b4f800 DEOPT PACKING pc=0x000000a527f842ec sp=0x000000a53b6f6b30
Event: 480.326 Thread 0x000000a539b4f800 DEOPT UNPACKING pc=0x000000a51fd96029 sp=0x000000a53b6f6ac0 mode 2
Event: 480.330 Thread 0x000000a539b4f800 Uncommon trap: trap_request=0xffffffd6 fr.pc=0x000000a528145204 relative=0x0000000000001e44
Event: 480.331 Thread 0x000000a539b4f800 Uncommon trap: reason=array_check action=maybe_recompile pc=0x000000a528145204 method=java.util.ComparableTimSort.reverseRange([Ljava/lang/Object;II)V @ 20 c2
Event: 480.331 Thread 0x000000a539b4f800 DEOPT PACKING pc=0x000000a528145204 sp=0x000000a53b6f6050
Event: 480.331 Thread 0x000000a539b4f800 DEOPT UNPACKING pc=0x000000a51fd96029 sp=0x000000a53b6f5f08 mode 2
Event: 481.710 Thread 0x000000a539b4f800 DEOPT PACKING pc=0x000000a52207d8c7 sp=0x000000a53b6f5d40
Event: 481.710 Thread 0x000000a539b4f800 DEOPT UNPACKING pc=0x000000a51fd9643f sp=0x000000a53b6f52f0 mode 0
Event: 493.675 Thread 0x000000a539b4f800 Uncommon trap: trap_request=0xfffffff4 fr.pc=0x000000a5282e22d4 relative=0x00000000000004f4
Event: 493.680 Thread 0x000000a539b4f800 Uncommon trap: reason=null_check action=make_not_entrant pc=0x000000a5282e22d4 method=com.sun.tools.javac.file.JavacFileManager.getContainer(Ljava/nio/file/Path;)Lcom/sun/tools/javac/file/JavacFileManager$Container; @ 10 c2
Event: 493.680 Thread 0x000000a539b4f800 DEOPT PACKING pc=0x000000a5282e22d4 sp=0x000000a53b6f5e30
Event: 493.680 Thread 0x000000a539b4f800 DEOPT UNPACKING pc=0x000000a51fd96029 sp=0x000000a53b6f5de0 mode 2
Event: 493.787 Thread 0x000000a539b4f800 Uncommon trap: trap_request=0xffffff4d fr.pc=0x000000a528273104 relative=0x00000000000002c4
Event: 493.787 Thread 0x000000a539b4f800 Uncommon trap: reason=unstable_if action=reinterpret pc=0x000000a528273104 method=java.nio.channels.spi.AbstractInterruptibleChannel.end(Z)V @ 34 c2
Event: 493.787 Thread 0x000000a539b4f800 DEOPT PACKING pc=0x000000a528273104 sp=0x000000a53b6f57c0
Event: 493.788 Thread 0x000000a539b4f800 DEOPT UNPACKING pc=0x000000a51fd96029 sp=0x000000a53b6f5788 mode 2

Classes redefined (0 events):
No events

Internal exceptions (20 events):
Event: 341.701 Thread 0x000000a53dad7800 Exception <a 'sun/nio/fs/WindowsException'{0x000000008d6dcf78}> (0x000000008d6dcf78) thrown at [./src/hotspot/share/prims/jni.cpp, line 615]
Event: 341.866 Thread 0x000000a53dad7800 Exception <a 'sun/nio/fs/WindowsException'{0x000000008d6dda50}> (0x000000008d6dda50) thrown at [./src/hotspot/share/prims/jni.cpp, line 615]
Event: 356.342 Thread 0x000000a53a576800 Exception <a 'java/net/ConnectException'{0x000000008cba9548}: Connection refused: connect> (0x000000008cba9548) thrown at [./src/hotspot/share/prims/jni.cpp, line 636]
Event: 357.427 Thread 0x000000a53a576800 Exception <a 'java/net/ConnectException'{0x000000008cba9d28}: Connection refused: connect> (0x000000008cba9d28) thrown at [./src/hotspot/share/prims/jni.cpp, line 636]
Event: 358.495 Thread 0x000000a53a576800 Exception <a 'java/net/ConnectException'{0x000000008cbaa508}: Connection refused: connect> (0x000000008cbaa508) thrown at [./src/hotspot/share/prims/jni.cpp, line 636]
Event: 359.590 Thread 0x000000a53a576800 Exception <a 'java/net/ConnectException'{0x000000008cbab040}: Connection refused: connect> (0x000000008cbab040) thrown at [./src/hotspot/share/prims/jni.cpp, line 636]
Event: 360.595 Thread 0x000000a53a576800 Exception <a 'java/net/ConnectException'{0x000000008cbab820}: Connection refused: connect> (0x000000008cbab820) thrown at [./src/hotspot/share/prims/jni.cpp, line 636]
Event: 361.610 Thread 0x000000a53a576800 Exception <a 'java/net/ConnectException'{0x000000008cbac000}: Connection refused: connect> (0x000000008cbac000) thrown at [./src/hotspot/share/prims/jni.cpp, line 636]
Event: 362.620 Thread 0x000000a53a576800 Exception <a 'java/net/ConnectException'{0x000000008cbacb50}: Connection refused: connect> (0x000000008cbacb50) thrown at [./src/hotspot/share/prims/jni.cpp, line 636]
Event: 363.623 Thread 0x000000a53a576800 Exception <a 'java/net/ConnectException'{0x000000008cbad330}: Connection refused: connect> (0x000000008cbad330) thrown at [./src/hotspot/share/prims/jni.cpp, line 636]
Event: 364.636 Thread 0x000000a53a576800 Exception <a 'java/net/ConnectException'{0x000000008c5ed210}: Connection refused: connect> (0x000000008c5ed210) thrown at [./src/hotspot/share/prims/jni.cpp, line 636]
Event: 376.628 Thread 0x000000a53dad4000 Exception <a 'java/lang/InterruptedException'{0x000000008c6253f0}> (0x000000008c6253f0) thrown at [./src/hotspot/share/runtime/objectMonitor.cpp, line 1635]
Event: 479.196 Thread 0x000000a539b4f800 Implicit null exception at 0x000000a527cd53f7 to 0x000000a527cd557c
Event: 490.573 Thread 0x000000a539b4f800 Exception <a 'sun/nio/fs/WindowsException'{0x000000008d4ef920}> (0x000000008d4ef920) thrown at [./src/hotspot/share/prims/jni.cpp, line 615]
Event: 490.575 Thread 0x000000a539b4f800 Exception <a 'sun/nio/fs/WindowsException'{0x000000008d4f17b0}> (0x000000008d4f17b0) thrown at [./src/hotspot/share/prims/jni.cpp, line 615]
Event: 490.577 Thread 0x000000a539b4f800 Exception <a 'sun/nio/fs/WindowsException'{0x000000008d4f3768}> (0x000000008d4f3768) thrown at [./src/hotspot/share/prims/jni.cpp, line 615]
Event: 490.581 Thread 0x000000a539b4f800 Exception <a 'java/lang/NoSuchMethodError'{0x000000008d3009f0}: 'java.lang.Object java.lang.invoke.Invokers$Holder.linkToTargetMethod(java.lang.Object, java.lang.Object, java.lang.Object, int, int, java.lang.Object)'> (0x000000008d3009f0) thrown at [./src/hotspot/share/interpreter/linkResolver.cpp, line 773]
Event: 493.671 Thread 0x000000a539b4f800 Exception <a 'sun/nio/fs/WindowsException'{0x000000008d1eb600}> (0x000000008d1eb600) thrown at [./src/hotspot/share/prims/jni.cpp, line 615]
Event: 493.671 Thread 0x000000a539b4f800 Exception <a 'sun/nio/fs/WindowsException'{0x000000008d1eb738}> (0x000000008d1eb738) thrown at [./src/hotspot/share/prims/jni.cpp, line 615]
Event: 493.675 Thread 0x000000a539b4f800 Implicit null exception at 0x000000a5282e1ee5 to 0x000000a5282e22c8

Events (20 events):
Event: 491.015 loading class com/sun/tools/javac/main/Arguments
Event: 491.015 loading class com/sun/tools/javac/main/Arguments done
Event: 491.067 loading class com/sun/tools/javac/jvm/Target
Event: 491.067 loading class com/sun/tools/javac/jvm/Target done
Event: 491.068 loading class com/sun/tools/javac/main/Arguments
Event: 491.068 loading class com/sun/tools/javac/main/Arguments done
Event: 491.078 loading class com/sun/tools/javac/main/Option
Event: 491.078 loading class com/sun/tools/javac/main/Option done
Event: 491.084 loading class com/sun/tools/javac/main/Option
Event: 491.084 loading class com/sun/tools/javac/main/Option done
Event: 491.084 loading class com/sun/tools/javac/util/Options
Event: 491.084 loading class com/sun/tools/javac/util/Options done
Event: 491.101 loading class com/sun/tools/javac/main/Option
Event: 491.101 loading class com/sun/tools/javac/main/Option done
Event: 491.145 loading class com/sun/tools/javac/main/Arguments$ErrorReporter
Event: 491.145 loading class com/sun/tools/javac/main/Arguments$ErrorReporter done
Event: 491.161 loading class com/sun/tools/javac/resources/spi/javacProvider
Event: 491.161 loading class com/sun/tools/javac/resources/spi/javacProvider done
Event: 493.675 Executing VM operation: RevokeBias
Event: 493.677 Executing VM operation: RevokeBias done


Dynamic libraries:
0x00007ff6c20b0000 - 0x00007ff6c20ba000 	E:\Zaki\Softwares\android-studio-2020.3.1.3-windows\android-studio\jre\bin\java.exe
0x00007ff9dcf20000 - 0x00007ff9dd0cc000 	C:\Windows\SYSTEM32\ntdll.dll
0x00007ff9dcde0000 - 0x00007ff9dcf1a000 	C:\Windows\system32\KERNEL32.DLL
0x00007ff9da690000 - 0x00007ff9da7a0000 	C:\Windows\system32\KERNELBASE.dll
0x00007ff9c4460000 - 0x00007ff9c4479000 	E:\Zaki\Softwares\android-studio-2020.3.1.3-windows\android-studio\jre\bin\jli.dll
0x00007ff9d6ee0000 - 0x00007ff9d6ef7000 	E:\Zaki\Softwares\android-studio-2020.3.1.3-windows\android-studio\jre\bin\VCRUNTIME140.dll
0x00007ff9d6fe0000 - 0x00007ff9d6fe4000 	C:\Windows\SYSTEM32\api-ms-win-crt-stdio-l1-1-0.dll
0x00007ff9d6ec0000 - 0x00007ff9d6ec4000 	C:\Windows\SYSTEM32\api-ms-win-crt-runtime-l1-1-0.dll
0x00007ff9d6210000 - 0x00007ff9d6213000 	C:\Windows\SYSTEM32\api-ms-win-crt-environment-l1-1-0.dll
0x00007ff9d61f0000 - 0x00007ff9d61f5000 	C:\Windows\SYSTEM32\api-ms-win-crt-math-l1-1-0.dll
0x00007ff9d6f30000 - 0x00007ff9d6f33000 	C:\Windows\SYSTEM32\api-ms-win-crt-locale-l1-1-0.dll
0x00007ff9d2d60000 - 0x00007ff9d2d63000 	C:\Windows\SYSTEM32\api-ms-win-crt-heap-l1-1-0.dll
0x00007ff9d7c90000 - 0x00007ff9d7f0a000 	C:\Windows\WinSxS\amd64_microsoft.windows.common-controls_6595b64144ccf1df_6.0.9600.17810_none_6240b9c7ecbd0bda\COMCTL32.dll
0x00007ff9dad90000 - 0x00007ff9daf01000 	C:\Windows\system32\USER32.dll
0x00007ff9d6080000 - 0x00007ff9d6083000 	C:\Windows\SYSTEM32\api-ms-win-crt-filesystem-l1-1-0.dll
0x00007ff9d6ed0000 - 0x00007ff9d6ed4000 	C:\Windows\SYSTEM32\api-ms-win-crt-string-l1-1-0.dll
0x00007ff9d6220000 - 0x00007ff9d6224000 	C:\Windows\SYSTEM32\api-ms-win-crt-convert-l1-1-0.dll
0x00007ff9dabe0000 - 0x00007ff9dac87000 	C:\Windows\system32\msvcrt.dll
0x00007ff9da7a0000 - 0x00007ff9da8e5000 	C:\Windows\system32\GDI32.dll
0x00007ff9d2c70000 - 0x00007ff9d2d5c000 	C:\Windows\SYSTEM32\ucrtbase.DLL
0x00007ff9db480000 - 0x00007ff9db4b4000 	C:\Windows\system32\IMM32.DLL
0x00007ff9db100000 - 0x00007ff9db239000 	C:\Windows\system32\MSCTF.dll
0x00007ff9d6230000 - 0x00007ff9d62cd000 	E:\Zaki\Softwares\android-studio-2020.3.1.3-windows\android-studio\jre\bin\msvcp140.dll
0x00007ff9d6f20000 - 0x00007ff9d6f25000 	C:\Windows\SYSTEM32\api-ms-win-crt-multibyte-l1-1-0.dll
0x00007ff9d3ad0000 - 0x00007ff9d3ad3000 	C:\Windows\SYSTEM32\api-ms-win-crt-time-l1-1-0.dll
0x00007ff9d6200000 - 0x00007ff9d6203000 	C:\Windows\SYSTEM32\api-ms-win-crt-utility-l1-1-0.dll
0x00007ff9ce5d0000 - 0x00007ff9cf0a5000 	E:\Zaki\Softwares\android-studio-2020.3.1.3-windows\android-studio\jre\bin\server\jvm.dll
0x00007ff9db4c0000 - 0x00007ff9db565000 	C:\Windows\system32\ADVAPI32.dll
0x00007ff9d7180000 - 0x00007ff9d7189000 	C:\Windows\SYSTEM32\WSOCK32.dll
0x00007ff9d1ab0000 - 0x00007ff9d1acf000 	C:\Windows\SYSTEM32\WINMM.dll
0x00007ff9d4dc0000 - 0x00007ff9d4dca000 	C:\Windows\SYSTEM32\VERSION.dll
0x00007ff9dcdd0000 - 0x00007ff9dcdd7000 	C:\Windows\system32\PSAPI.DLL
0x00007ff9db240000 - 0x00007ff9db299000 	C:\Windows\SYSTEM32\sechost.dll
0x00007ff9daa90000 - 0x00007ff9dabc6000 	C:\Windows\system32\RPCRT4.dll
0x00007ff9dcb90000 - 0x00007ff9dcbea000 	C:\Windows\system32\WS2_32.dll
0x00007ff9d1a80000 - 0x00007ff9d1aaa000 	C:\Windows\SYSTEM32\WINMMBASE.dll
0x00007ff9db570000 - 0x00007ff9db579000 	C:\Windows\system32\NSI.dll
0x00007ff9da410000 - 0x00007ff9da45a000 	C:\Windows\SYSTEM32\cfgmgr32.dll
0x00007ff9d9100000 - 0x00007ff9d9126000 	C:\Windows\SYSTEM32\DEVOBJ.dll
0x00007ff9d8f30000 - 0x00007ff9d8f3a000 	C:\Windows\SYSTEM32\kernel.appcore.dll
0x00007ff9d2c50000 - 0x00007ff9d2c61000 	E:\Zaki\Softwares\android-studio-2020.3.1.3-windows\android-studio\jre\bin\verify.dll
0x00007ff9ce440000 - 0x00007ff9ce5c9000 	C:\Windows\SYSTEM32\DBGHELP.DLL
0x00007ff9d21b0000 - 0x00007ff9d21d9000 	E:\Zaki\Softwares\android-studio-2020.3.1.3-windows\android-studio\jre\bin\java.dll
0x00007ff9d2190000 - 0x00007ff9d219b000 	E:\Zaki\Softwares\android-studio-2020.3.1.3-windows\android-studio\jre\bin\jimage.dll
0x00007ff9d2140000 - 0x00007ff9d2158000 	E:\Zaki\Softwares\android-studio-2020.3.1.3-windows\android-studio\jre\bin\zip.dll
0x00007ff9db590000 - 0x00007ff9dc9a7000 	C:\Windows\system32\SHELL32.dll
0x00007ff9db2a0000 - 0x00007ff9db476000 	C:\Windows\SYSTEM32\combase.dll
0x00007ff9dcd70000 - 0x00007ff9dcdc1000 	C:\Windows\system32\SHLWAPI.dll
0x00007ff9d8790000 - 0x00007ff9d882f000 	C:\Windows\SYSTEM32\SHCORE.dll
0x00007ff9da290000 - 0x00007ff9da2a4000 	C:\Windows\SYSTEM32\profapi.dll
0x00007ff9d7580000 - 0x00007ff9d759a000 	E:\Zaki\Softwares\android-studio-2020.3.1.3-windows\android-studio\jre\bin\net.dll
0x00007ff9d4c90000 - 0x00007ff9d4d59000 	C:\Windows\SYSTEM32\WINHTTP.dll
0x00007ff9d9bb0000 - 0x00007ff9d9c09000 	C:\Windows\system32\mswsock.dll
0x00007ff9d6f60000 - 0x00007ff9d6f74000 	E:\Zaki\Softwares\android-studio-2020.3.1.3-windows\android-studio\jre\bin\nio.dll
0x00007ff9cd870000 - 0x00007ff9cd897000 	C:\Users\zaki1\.gradle\native\8bec1ad78214c89d9ad589b4d07fe93259594b29d510b10fafb7a158f7737e5d\windows-amd64\native-platform.dll
0x00007ff9c3f20000 - 0x00007ff9c405d000 	C:\Users\zaki1\.gradle\native\53dbd7edfb1c66fb8903c78663c9afc45aea4f116125fa6feffd364cf09443e8\windows-amd64\native-platform-file-events.dll
0x00007ff9d6f50000 - 0x00007ff9d6f5a000 	E:\Zaki\Softwares\android-studio-2020.3.1.3-windows\android-studio\jre\bin\management.dll
0x00007ff9d6f40000 - 0x00007ff9d6f4d000 	E:\Zaki\Softwares\android-studio-2020.3.1.3-windows\android-studio\jre\bin\management_ext.dll
0x00007ff9d9c10000 - 0x00007ff9d9c2e000 	C:\Windows\SYSTEM32\CRYPTSP.dll
0x00007ff9d97e0000 - 0x00007ff9d9816000 	C:\Windows\system32\rsaenh.dll
0x00007ff9d9e50000 - 0x00007ff9d9e76000 	C:\Windows\SYSTEM32\bcrypt.dll
0x00007ff9d9910000 - 0x00007ff9d992f000 	C:\Windows\SYSTEM32\USERENV.dll
0x00007ff9da170000 - 0x00007ff9da1d0000 	C:\Windows\system32\bcryptprimitives.dll
0x00007ff9da1d0000 - 0x00007ff9da1da000 	C:\Windows\SYSTEM32\CRYPTBASE.dll
0x00007ff9d76c0000 - 0x00007ff9d76e9000 	C:\Windows\SYSTEM32\IPHLPAPI.DLL
0x00007ff9d7650000 - 0x00007ff9d765a000 	C:\Windows\SYSTEM32\WINNSI.DLL
0x00007ff9d7210000 - 0x00007ff9d7224000 	C:\Windows\SYSTEM32\dhcpcsvc6.DLL
0x00007ff9d71f0000 - 0x00007ff9d7209000 	C:\Windows\SYSTEM32\dhcpcsvc.DLL
0x00007ff9c4660000 - 0x00007ff9c467e000 	C:\Users\zaki1\AppData\Local\Temp\native-platform3792182575031113447dir\native-platform.dll
0x00007ff9d36a0000 - 0x00007ff9d36a8000 	E:\Zaki\Softwares\android-studio-2020.3.1.3-windows\android-studio\jre\bin\rmi.dll

dbghelp: loaded successfully - version: 4.0.5 - missing functions: none
symbol engine: initialized successfully - sym options: 0x614 - pdb path: .;E:\Zaki\Softwares\android-studio-2020.3.1.3-windows\android-studio\jre\bin;C:\Windows\SYSTEM32;C:\Windows\WinSxS\amd64_microsoft.windows.common-controls_6595b64144ccf1df_6.0.9600.17810_none_6240b9c7ecbd0bda;E:\Zaki\Softwares\android-studio-2020.3.1.3-windows\android-studio\jre\bin\server;C:\Users\zaki1\.gradle\native\8bec1ad78214c89d9ad589b4d07fe93259594b29d510b10fafb7a158f7737e5d\windows-amd64;C:\Users\zaki1\.gradle\native\53dbd7edfb1c66fb8903c78663c9afc45aea4f116125fa6feffd364cf09443e8\windows-amd64;C:\Users\zaki1\AppData\Local\Temp\native-platform3792182575031113447dir

VM Arguments:
jvm_args: --add-opens=java.base/java.util=ALL-UNNAMED --add-opens=java.base/java.lang=ALL-UNNAMED --add-opens=java.base/java.lang.invoke=ALL-UNNAMED --add-opens=java.base/java.util=ALL-UNNAMED --add-opens=java.prefs/java.util.prefs=ALL-UNNAMED --add-opens=java.prefs/java.util.prefs=ALL-UNNAMED --add-opens=java.base/java.nio.charset=ALL-UNNAMED --add-opens=java.base/java.net=ALL-UNNAMED --add-opens=java.base/java.util.concurrent.atomic=ALL-UNNAMED -Xmx2048m -Dfile.encoding=UTF-8 -Duser.country=US -Duser.language=en -Duser.variant 
java_command: org.gradle.launcher.daemon.bootstrap.GradleDaemon 7.0.2
java_class_path (initial): C:\Users\zaki1\.gradle\wrapper\dists\gradle-7.0.2-bin\857tjihv64xamwrf0h14cai3r\gradle-7.0.2\lib\gradle-launcher-7.0.2.jar
Launcher Type: SUN_STANDARD

[Global flags]
     intx CICompilerCount                          = 3                                         {product} {ergonomic}
     uint ConcGCThreads                            = 1                                         {product} {ergonomic}
     uint G1ConcRefinementThreads                  = 4                                         {product} {ergonomic}
   size_t G1HeapRegionSize                         = 1048576                                   {product} {ergonomic}
    uintx GCDrainStackTargetSize                   = 64                                        {product} {ergonomic}
   size_t InitialHeapSize                          = 130023424                                 {product} {ergonomic}
   size_t MarkStackSize                            = 4194304                                   {product} {ergonomic}
   size_t MaxHeapSize                              = 2147483648                                {product} {command line}
   size_t MaxNewSize                               = 1287651328                                {product} {ergonomic}
   size_t MinHeapDeltaBytes                        = 1048576                                   {product} {ergonomic}
    uintx NonNMethodCodeHeapSize                   = 5830732                                {pd product} {ergonomic}
    uintx NonProfiledCodeHeapSize                  = 122913754                              {pd product} {ergonomic}
    uintx ProfiledCodeHeapSize                     = 122913754                              {pd product} {ergonomic}
    uintx ReservedCodeCacheSize                    = 251658240                              {pd product} {ergonomic}
     bool SegmentedCodeCache                       = true                                      {product} {ergonomic}
     bool UseCompressedClassPointers               = true                                 {lp64_product} {ergonomic}
     bool UseCompressedOops                        = true                                 {lp64_product} {ergonomic}
     bool UseG1GC                                  = true                                      {product} {ergonomic}
     bool UseLargePagesIndividualAllocation        = false                                  {pd product} {ergonomic}

Logging:
Log output configuration:
 #0: stdout all=warning uptime,level,tags
 #1: stderr all=off uptime,level,tags

Environment Variables:
JAVA_HOME=C:\Program Files\Java\jdk-15.0.2\bin
PATH=C:\Program Files\Broadcom\Broadcom 802.11 Network Adapter\Driver;;C:\Program Files\Common Files\Oracle\Java\javapath;C:\Windows\system32;C:\Windows;C:\Windows\System32\Wbem;C:\Windows\System32\WindowsPowerShell\v1.0\;C:\Program Files\Java\jdk-15.0.2\bin;C:\Program Files\nodejs\;E:\Zaki\Private\Android\Sdk\platform-tools;C:\Program Files\Git\cmd;C:\Program Files\IBM\Cloud\bin;E:\Zaki\KotlinCompiler\kotlinc\bin;C:\Users\zaki1\AppData\Roaming\npm;C:\Users\zaki1\AppData\Local\Programs\Microsoft VS Code\bin;C:\Program Files\IBM\Cloud\bin
USERNAME=zaki1
OS=Windows_NT
PROCESSOR_IDENTIFIER=Intel64 Family 6 Model 37 Stepping 5, GenuineIntel



---------------  S Y S T E M  ---------------

OS: Windows 8.1 , 64 bit Build 9600 (6.3.9600.17031)
OS uptime: 0 days 12:34 hours

CPU:total 4 (initial active 4) (2 cores per cpu, 2 threads per core) family 6 model 37 stepping 5 microcode 0x2, cmov, cx8, fxsr, mmx, sse, sse2, sse3, ssse3, sse4.1, sse4.2, popcnt, ht, tsc, tscinvbit

Memory: 4k page, system-wide physical 7862M (1231M free)
TotalPageFile size 7862M (AvailPageFile size 272M)
current process WorkingSet (physical memory assigned to process): 567M, peak: 573M
current process commit charge ("private bytes"): 593M, peak: 601M

vm_info: OpenJDK 64-Bit Server VM (11.0.11+9-b60-7590822) for windows-amd64 JRE (11.0.11+9-b60-7590822), built on Jul 29 2021 21:43:44 by "builder" with MS VC++ 14.0 (VS2015)

END.
